<?xml version="1.0" encoding="utf-8"?>
<CoverageSession xmlns:xsd="http://www.w3.org/2001/XMLSchema" xmlns:xsi="http://www.w3.org/2001/XMLSchema-instance" Version="4.7.922.0">
  <Summary numSequencePoints="675" visitedSequencePoints="487" numBranchPoints="192" visitedBranchPoints="122" sequenceCoverage="72.15" branchCoverage="63.54" maxCyclomaticComplexity="10" minCyclomaticComplexity="1" maxCrapScore="72" minCrapScore="1" visitedClasses="7" numClasses="11" visitedMethods="71" numMethods="100" />
  <Modules>
    <Module skippedDueTo="Filter" hash="19-DB-E7-26-74-3E-B8-3C-B9-3E-89-49-9F-20-99-D9-CF-23-FD-17">
      <ModulePath>C:\Program Files\dotnet\shared\Microsoft.NETCore.App\3.1.3\System.Private.CoreLib.dll</ModulePath>
      <ModuleTime>2020-02-18T14:16:14Z</ModuleTime>
      <ModuleName>System.Private.CoreLib</ModuleName>
      <Classes />
    </Module>
    <Module skippedDueTo="MissingPdb" hash="5C-D3-E5-60-AC-A8-D6-45-77-6C-59-CA-FE-F1-49-32-B4-41-29-2D">
      <ModulePath>C:\Program Files\dotnet\sdk\3.1.201\dotnet.dll</ModulePath>
      <ModuleTime>2020-03-18T09:44:30Z</ModuleTime>
      <ModuleName>dotnet</ModuleName>
      <Classes />
    </Module>
    <Module skippedDueTo="Filter" hash="45-AE-FF-2D-9F-D9-14-AE-5E-58-BC-AD-59-3F-6B-E0-C7-F9-45-CA">
      <ModulePath>C:\Program Files\dotnet\shared\Microsoft.NETCore.App\3.1.3\System.Runtime.dll</ModulePath>
      <ModuleTime>2020-02-28T13:04:40Z</ModuleTime>
      <ModuleName>System.Runtime</ModuleName>
      <Classes />
    </Module>
    <Module skippedDueTo="MissingPdb" hash="D2-6E-C4-85-DC-1F-C3-EB-0C-2E-07-EA-F9-33-C9-A6-25-57-E7-D6">
      <ModulePath>C:\Program Files\dotnet\sdk\3.1.201\Microsoft.DotNet.Cli.Utils.dll</ModulePath>
      <ModuleTime>2020-03-18T09:44:38Z</ModuleTime>
      <ModuleName>Microsoft.DotNet.Cli.Utils</ModuleName>
      <Classes />
    </Module>
    <Module skippedDueTo="Filter" hash="B8-01-4B-08-49-01-14-1F-52-C1-06-1B-E1-C4-DA-8C-8C-15-88-14">
      <ModulePath>C:\Program Files\dotnet\shared\Microsoft.NETCore.App\3.1.3\System.Runtime.Extensions.dll</ModulePath>
      <ModuleTime>2020-02-28T13:04:36Z</ModuleTime>
      <ModuleName>System.Runtime.Extensions</ModuleName>
      <Classes />
    </Module>
    <Module skippedDueTo="Filter" hash="3D-ED-2E-29-0D-BD-86-B5-75-96-FF-B0-C8-9D-AD-4E-5B-94-58-57">
      <ModulePath>C:\Program Files\dotnet\shared\Microsoft.NETCore.App\3.1.3\System.Runtime.Loader.dll</ModulePath>
      <ModuleTime>2020-02-28T13:04:36Z</ModuleTime>
      <ModuleName>System.Runtime.Loader</ModuleName>
      <Classes />
    </Module>
    <Module skippedDueTo="MissingPdb" hash="1E-D4-CD-15-2C-94-E4-C6-19-88-4A-EC-70-23-9C-38-12-8A-35-87">
      <ModulePath>C:\Program Files\dotnet\sdk\3.1.201\Microsoft.DotNet.PlatformAbstractions.dll</ModulePath>
      <ModuleTime>2020-03-18T09:44:38Z</ModuleTime>
      <ModuleName>Microsoft.DotNet.PlatformAbstractions</ModuleName>
      <Classes />
    </Module>
    <Module skippedDueTo="MissingPdb" hash="08-0A-47-0B-10-27-7A-98-D6-A5-5B-EC-1C-35-91-93-AB-C0-35-65">
      <ModulePath>C:\Program Files\dotnet\shared\Microsoft.NETCore.App\3.1.3\netstandard.dll</ModulePath>
      <ModuleTime>2020-02-28T13:05:24Z</ModuleTime>
      <ModuleName>netstandard</ModuleName>
      <Classes />
    </Module>
    <Module skippedDueTo="Filter" hash="26-14-D7-B5-EB-43-C2-76-01-4F-01-5E-7B-A4-CE-E9-EB-E3-AA-B9">
      <ModulePath>C:\Program Files\dotnet\shared\Microsoft.NETCore.App\3.1.3\System.Runtime.InteropServices.RuntimeInformation.dll</ModulePath>
      <ModuleTime>2020-02-28T13:04:36Z</ModuleTime>
      <ModuleName>System.Runtime.InteropServices.RuntimeInformation</ModuleName>
      <Classes />
    </Module>
    <Module skippedDueTo="Filter" hash="A6-81-2A-5B-4A-3D-C8-4D-49-04-DE-1F-DF-02-7C-B4-43-51-DE-1C">
      <ModulePath>C:\Program Files\dotnet\shared\Microsoft.NETCore.App\3.1.3\System.IO.FileSystem.dll</ModulePath>
      <ModuleTime>2020-02-28T13:06:08Z</ModuleTime>
      <ModuleName>System.IO.FileSystem</ModuleName>
      <Classes />
    </Module>
    <Module skippedDueTo="Filter" hash="B9-08-B2-09-3C-61-2C-3E-62-03-05-65-93-6A-84-E5-2C-0D-A7-F4">
      <ModulePath>C:\Program Files\dotnet\shared\Microsoft.NETCore.App\3.1.3\System.Runtime.InteropServices.dll</ModulePath>
      <ModuleTime>2020-02-28T13:04:34Z</ModuleTime>
      <ModuleName>System.Runtime.InteropServices</ModuleName>
      <Classes />
    </Module>
    <Module skippedDueTo="Filter" hash="AF-4F-3B-E9-D2-80-A0-2E-91-5B-AF-17-34-A9-F1-A6-32-C4-EC-4E">
      <ModulePath>C:\Program Files\dotnet\shared\Microsoft.NETCore.App\3.1.3\System.Memory.dll</ModulePath>
      <ModuleTime>2020-02-28T13:06:08Z</ModuleTime>
      <ModuleName>System.Memory</ModuleName>
      <Classes />
    </Module>
    <Module skippedDueTo="Filter" hash="9C-68-F9-D9-5D-09-7B-AC-36-D7-6D-25-3D-17-F3-72-E5-1A-87-F0">
      <ModulePath>C:\Program Files\dotnet\shared\Microsoft.NETCore.App\3.1.3\System.Threading.dll</ModulePath>
      <ModuleTime>2020-02-28T13:05:06Z</ModuleTime>
      <ModuleName>System.Threading</ModuleName>
      <Classes />
    </Module>
    <Module skippedDueTo="Filter" hash="BF-BC-9F-90-71-42-03-E3-AC-AA-D2-39-9E-84-5C-00-62-70-39-BA">
      <ModulePath>C:\Program Files\dotnet\shared\Microsoft.NETCore.App\3.1.3\System.Text.Encoding.CodePages.dll</ModulePath>
      <ModuleTime>2020-02-28T13:04:46Z</ModuleTime>
      <ModuleName>System.Text.Encoding.CodePages</ModuleName>
      <Classes />
    </Module>
    <Module skippedDueTo="Filter" hash="8B-E9-5A-2E-CC-DB-5C-E1-03-05-BA-E1-31-A9-9D-6F-18-10-50-AA">
      <ModulePath>C:\Program Files\dotnet\shared\Microsoft.NETCore.App\3.1.3\System.Collections.dll</ModulePath>
      <ModuleTime>2020-02-28T13:05:28Z</ModuleTime>
      <ModuleName>System.Collections</ModuleName>
      <Classes />
    </Module>
    <Module skippedDueTo="Filter" hash="8F-A1-95-7C-65-A0-95-11-53-8D-DF-11-6D-3C-AD-5D-AE-2F-D3-73">
      <ModulePath>C:\Program Files\dotnet\shared\Microsoft.NETCore.App\3.1.3\System.Collections.Concurrent.dll</ModulePath>
      <ModuleTime>2020-02-28T13:05:24Z</ModuleTime>
      <ModuleName>System.Collections.Concurrent</ModuleName>
      <Classes />
    </Module>
    <Module skippedDueTo="Filter" hash="A3-6E-3F-5C-23-E9-CE-D4-59-A4-79-82-3A-A2-A6-D2-A6-37-0E-C2">
      <ModulePath>C:\Program Files\dotnet\shared\Microsoft.NETCore.App\3.1.3\System.Threading.Thread.dll</ModulePath>
      <ModuleTime>2020-02-28T13:04:24Z</ModuleTime>
      <ModuleName>System.Threading.Thread</ModuleName>
      <Classes />
    </Module>
    <Module skippedDueTo="MissingPdb" hash="38-09-CE-F2-E5-95-B5-A8-49-DB-F2-B2-FC-2A-62-56-4F-D2-91-39">
      <ModulePath>C:\Program Files\dotnet\sdk\3.1.201\Microsoft.DotNet.Configurer.dll</ModulePath>
      <ModuleTime>2020-03-18T09:44:38Z</ModuleTime>
      <ModuleName>Microsoft.DotNet.Configurer</ModuleName>
      <Classes />
    </Module>
    <Module skippedDueTo="MissingPdb" hash="92-1F-FF-56-13-04-47-E6-38-08-43-E5-EA-24-FA-0D-43-16-F9-E2">
      <ModulePath>C:\Program Files\dotnet\sdk\3.1.201\Microsoft.DotNet.Cli.CommandLine.dll</ModulePath>
      <ModuleTime>2020-03-18T09:44:42Z</ModuleTime>
      <ModuleName>Microsoft.DotNet.Cli.CommandLine</ModuleName>
      <Classes />
    </Module>
    <Module skippedDueTo="Filter" hash="4D-33-53-11-50-36-83-92-2B-29-8C-5A-FA-19-EF-5A-D4-AA-32-80">
      <ModulePath>C:\Program Files\dotnet\shared\Microsoft.NETCore.App\3.1.3\System.Diagnostics.Process.dll</ModulePath>
      <ModuleTime>2020-02-28T13:05:38Z</ModuleTime>
      <ModuleName>System.Diagnostics.Process</ModuleName>
      <Classes />
    </Module>
    <Module skippedDueTo="MissingPdb" hash="A6-34-21-D2-ED-90-2B-0C-6B-31-85-04-D0-F6-D6-13-31-C9-61-F8">
      <ModulePath>C:\Program Files\dotnet\sdk\3.1.201\Microsoft.DotNet.InternalAbstractions.dll</ModulePath>
      <ModuleTime>2020-03-18T09:44:40Z</ModuleTime>
      <ModuleName>Microsoft.DotNet.InternalAbstractions</ModuleName>
      <Classes />
    </Module>
    <Module skippedDueTo="Filter" hash="33-87-51-E6-2F-8C-BE-1D-5B-B2-9E-51-10-1B-05-40-2C-E3-E8-1A">
      <ModulePath>C:\Program Files\dotnet\shared\Microsoft.NETCore.App\3.1.3\System.Linq.dll</ModulePath>
      <ModuleTime>2020-02-28T13:06:40Z</ModuleTime>
      <ModuleName>System.Linq</ModuleName>
      <Classes />
    </Module>
    <Module skippedDueTo="MissingPdb" hash="43-64-EE-FB-2B-CB-04-44-D6-D5-68-E6-00-03-CA-34-D9-9A-35-C6">
      <ModulePath>C:\Program Files\dotnet\sdk\3.1.201\NuGet.Frameworks.dll</ModulePath>
      <ModuleTime>2020-03-18T09:45:24Z</ModuleTime>
      <ModuleName>NuGet.Frameworks</ModuleName>
      <Classes />
    </Module>
    <Module skippedDueTo="Filter" hash="32-5D-5E-82-60-49-7F-5D-44-D4-1E-BF-57-95-6F-D8-30-A6-C2-E1">
      <ModulePath>C:\Program Files\dotnet\shared\Microsoft.NETCore.App\3.1.3\System.Console.dll</ModulePath>
      <ModuleTime>2020-02-28T13:05:30Z</ModuleTime>
      <ModuleName>System.Console</ModuleName>
      <Classes />
    </Module>
    <Module skippedDueTo="Filter" hash="4E-96-5A-FC-C0-BE-6F-D4-A5-9C-B4-F8-33-D5-85-D1-B9-07-9F-89">
      <ModulePath>C:\Program Files\dotnet\shared\Microsoft.NETCore.App\3.1.3\System.Text.Encoding.Extensions.dll</ModulePath>
      <ModuleTime>2020-02-28T13:04:44Z</ModuleTime>
      <ModuleName>System.Text.Encoding.Extensions</ModuleName>
      <Classes />
    </Module>
    <Module skippedDueTo="Filter" hash="F0-C5-75-3F-22-17-B9-2C-E6-C3-3C-A7-4D-EE-AF-C8-FF-35-92-AC">
      <ModulePath>C:\Program Files\dotnet\shared\Microsoft.NETCore.App\3.1.3\System.Runtime.CompilerServices.Unsafe.dll</ModulePath>
      <ModuleTime>2020-02-28T13:04:34Z</ModuleTime>
      <ModuleName>System.Runtime.CompilerServices.Unsafe</ModuleName>
      <Classes />
    </Module>
    <Module skippedDueTo="MissingPdb" hash="DD-89-83-66-26-E0-B9-BF-DD-51-53-00-1B-5A-80-96-5A-0A-01-79">
      <ModulePath>C:\Program Files\dotnet\sdk\3.1.201\Microsoft.ApplicationInsights.dll</ModulePath>
      <ModuleTime>2020-03-18T09:45:02Z</ModuleTime>
      <ModuleName>Microsoft.ApplicationInsights</ModuleName>
      <Classes />
    </Module>
    <Module skippedDueTo="Filter" hash="08-F9-21-BB-3C-07-A4-DA-5A-43-89-51-EB-E0-A4-B9-2F-19-F6-7D">
      <ModulePath>C:\Program Files\dotnet\shared\Microsoft.NETCore.App\3.1.3\System.Security.Cryptography.Algorithms.dll</ModulePath>
      <ModuleTime>2020-02-28T13:04:40Z</ModuleTime>
      <ModuleName>System.Security.Cryptography.Algorithms</ModuleName>
      <Classes />
    </Module>
    <Module skippedDueTo="Filter" hash="CE-43-2B-40-C0-FF-2C-68-D3-CF-AF-49-07-37-DC-D7-AA-AB-17-F3">
      <ModulePath>C:\Program Files\dotnet\shared\Microsoft.NETCore.App\3.1.3\System.Buffers.dll</ModulePath>
      <ModuleTime>2020-02-28T13:05:26Z</ModuleTime>
      <ModuleName>System.Buffers</ModuleName>
      <Classes />
    </Module>
    <Module skippedDueTo="Filter" hash="55-8E-C2-A5-09-4D-3F-8C-11-59-AB-41-D5-05-B5-7B-8D-3A-AA-6E">
      <ModulePath>C:\Program Files\dotnet\shared\Microsoft.NETCore.App\3.1.3\System.Security.Cryptography.Primitives.dll</ModulePath>
      <ModuleTime>2020-02-28T13:04:42Z</ModuleTime>
      <ModuleName>System.Security.Cryptography.Primitives</ModuleName>
      <Classes />
    </Module>
    <Module skippedDueTo="Filter" hash="D5-0A-67-87-14-54-BA-3A-F2-2A-2A-B8-15-CE-D1-74-51-44-E5-FC">
      <ModulePath>C:\Program Files\dotnet\shared\Microsoft.NETCore.App\3.1.3\System.Private.Uri.dll</ModulePath>
      <ModuleTime>2020-02-28T13:04:26Z</ModuleTime>
      <ModuleName>System.Private.Uri</ModuleName>
      <Classes />
    </Module>
    <Module skippedDueTo="MissingPdb" hash="AB-8D-BE-78-8D-87-D4-81-9F-34-C0-7E-08-39-0F-DB-91-CE-92-49">
      <ModulePath>C:\Program Files\dotnet\sdk\3.1.201\Microsoft.TemplateEngine.Cli.dll</ModulePath>
      <ModuleTime>2020-03-18T09:44:46Z</ModuleTime>
      <ModuleName>Microsoft.TemplateEngine.Cli</ModuleName>
      <Classes />
    </Module>
    <Module skippedDueTo="Filter" hash="70-58-B8-D8-D1-66-CB-C6-C4-F9-5F-80-03-7C-74-A2-D8-CA-6A-98">
      <ModulePath>C:\Program Files\dotnet\shared\Microsoft.NETCore.App\3.1.3\System.Reflection.Extensions.dll</ModulePath>
      <ModuleTime>2020-02-28T13:04:28Z</ModuleTime>
      <ModuleName>System.Reflection.Extensions</ModuleName>
      <Classes />
    </Module>
    <Module skippedDueTo="Filter" hash="08-4C-1D-C3-E8-DB-38-EA-0D-64-CB-BD-58-BC-F2-B0-E2-99-42-93">
      <ModulePath>C:\Program Files\dotnet\shared\Microsoft.NETCore.App\3.1.3\System.Reflection.dll</ModulePath>
      <ModuleTime>2020-02-28T13:04:28Z</ModuleTime>
      <ModuleName>System.Reflection</ModuleName>
      <Classes />
    </Module>
    <Module skippedDueTo="Filter" hash="4B-5A-EC-05-10-C3-65-A3-7C-C5-D4-52-0E-41-A4-1F-73-88-F9-01">
      <ModulePath>C:\Program Files\dotnet\shared\Microsoft.NETCore.App\3.1.3\System.Xml.XDocument.dll</ModulePath>
      <ModuleTime>2020-02-28T13:04:28Z</ModuleTime>
      <ModuleName>System.Xml.XDocument</ModuleName>
      <Classes />
    </Module>
    <Module skippedDueTo="Filter" hash="68-1D-85-11-BD-EC-60-7F-F2-E8-83-FF-C6-D8-D9-CB-28-C8-8B-2A">
      <ModulePath>C:\Program Files\dotnet\shared\Microsoft.NETCore.App\3.1.3\System.Private.Xml.Linq.dll</ModulePath>
      <ModuleTime>2020-02-28T13:04:30Z</ModuleTime>
      <ModuleName>System.Private.Xml.Linq</ModuleName>
      <Classes />
    </Module>
    <Module skippedDueTo="Filter" hash="57-E8-B3-F8-DB-88-F2-FB-81-BE-34-C3-AD-1E-D4-F0-DD-F0-59-D3">
      <ModulePath>C:\Program Files\dotnet\shared\Microsoft.NETCore.App\3.1.3\System.Resources.ResourceManager.dll</ModulePath>
      <ModuleTime>2020-02-28T13:04:32Z</ModuleTime>
      <ModuleName>System.Resources.ResourceManager</ModuleName>
      <Classes />
    </Module>
    <Module skippedDueTo="Filter" hash="1F-BD-6F-06-01-11-FA-A9-DB-0B-12-95-1E-A0-B6-62-C2-59-ED-05">
      <ModulePath>C:\Program Files\dotnet\shared\Microsoft.NETCore.App\3.1.3\System.Private.Xml.dll</ModulePath>
      <ModuleTime>2020-02-28T13:04:38Z</ModuleTime>
      <ModuleName>System.Private.Xml</ModuleName>
      <Classes />
    </Module>
    <Module skippedDueTo="Filter" hash="9D-C0-19-0D-B9-0B-71-00-FA-44-3E-7A-92-13-79-FB-D2-34-4F-3D">
      <ModulePath>C:\Program Files\dotnet\shared\Microsoft.NETCore.App\3.1.3\System.Text.RegularExpressions.dll</ModulePath>
      <ModuleTime>2020-02-28T13:04:44Z</ModuleTime>
      <ModuleName>System.Text.RegularExpressions</ModuleName>
      <Classes />
    </Module>
    <Module skippedDueTo="Filter" hash="2F-E1-13-B8-1E-10-AE-79-4A-CD-F8-AE-C1-F1-E8-22-10-2F-61-17">
      <ModulePath>C:\Program Files\dotnet\shared\Microsoft.NETCore.App\3.1.3\System.Xml.ReaderWriter.dll</ModulePath>
      <ModuleTime>2020-02-28T13:04:28Z</ModuleTime>
      <ModuleName>System.Xml.ReaderWriter</ModuleName>
      <Classes />
    </Module>
    <Module skippedDueTo="Filter" hash="D3-FC-01-5E-22-55-B9-FD-FB-0D-0E-A5-B8-58-05-D8-DC-D2-F5-24">
      <ModulePath>C:\Program Files\dotnet\shared\Microsoft.NETCore.App\3.1.3\System.Diagnostics.Tracing.dll</ModulePath>
      <ModuleTime>2020-02-28T13:05:36Z</ModuleTime>
      <ModuleName>System.Diagnostics.Tracing</ModuleName>
      <Classes />
    </Module>
    <Module skippedDueTo="Filter" hash="23-F9-09-16-3B-71-58-F5-A7-35-CA-89-4D-75-0F-3D-D0-23-DC-EB">
      <ModulePath>C:\Program Files\dotnet\shared\Microsoft.NETCore.App\3.1.3\System.Threading.Tasks.dll</ModulePath>
      <ModuleTime>2020-02-28T13:05:28Z</ModuleTime>
      <ModuleName>System.Threading.Tasks</ModuleName>
      <Classes />
    </Module>
    <Module skippedDueTo="Filter" hash="A6-8F-70-B6-4E-19-5D-AD-A4-E6-F3-7F-0E-80-A2-3F-81-B0-99-64">
      <ModulePath>C:\Program Files\dotnet\shared\Microsoft.NETCore.App\3.1.3\System.Globalization.dll</ModulePath>
      <ModuleTime>2020-02-28T13:06:08Z</ModuleTime>
      <ModuleName>System.Globalization</ModuleName>
      <Classes />
    </Module>
    <Module skippedDueTo="Filter" hash="B5-88-C5-06-06-46-BA-FC-55-0E-7A-44-AC-31-CD-F3-5B-DF-AE-0B">
      <ModulePath>C:\Program Files\dotnet\shared\Microsoft.NETCore.App\3.1.3\System.Reflection.Emit.ILGeneration.dll</ModulePath>
      <ModuleTime>2020-02-28T13:04:32Z</ModuleTime>
      <ModuleName>System.Reflection.Emit.ILGeneration</ModuleName>
      <Classes />
    </Module>
    <Module skippedDueTo="Filter" hash="EA-A3-EB-09-A2-39-8F-0D-B1-13-BA-6D-11-3A-EC-93-44-39-5A-D3">
      <ModulePath>C:\Program Files\dotnet\shared\Microsoft.NETCore.App\3.1.3\System.Reflection.Emit.Lightweight.dll</ModulePath>
      <ModuleTime>2020-02-28T13:04:32Z</ModuleTime>
      <ModuleName>System.Reflection.Emit.Lightweight</ModuleName>
      <Classes />
    </Module>
    <Module skippedDueTo="Filter" hash="C8-E8-31-5D-60-D0-B9-32-02-28-DE-17-96-8F-97-91-72-F8-BE-13">
      <ModulePath>C:\Program Files\dotnet\shared\Microsoft.NETCore.App\3.1.3\System.Reflection.Primitives.dll</ModulePath>
      <ModuleTime>2020-02-28T13:04:34Z</ModuleTime>
      <ModuleName>System.Reflection.Primitives</ModuleName>
      <Classes />
    </Module>
    <Module skippedDueTo="MissingPdb" hash="FA-59-51-C6-D3-6C-0B-D8-35-01-96-30-1E-15-48-22-E9-1D-84-18">
      <ModulePath>C:\Program Files\dotnet\sdk\3.1.201\Microsoft.TemplateEngine.Utils.dll</ModulePath>
      <ModuleTime>2020-03-18T09:44:46Z</ModuleTime>
      <ModuleName>Microsoft.TemplateEngine.Utils</ModuleName>
      <Classes />
    </Module>
    <Module skippedDueTo="MissingPdb" hash="96-CF-CB-AB-4F-25-B8-44-23-16-25-EC-27-DB-10-94-9B-5F-78-77">
      <ModulePath>C:\Program Files\dotnet\shared\Microsoft.NETCore.App\3.1.3\Microsoft.Win32.Registry.dll</ModulePath>
      <ModuleTime>2020-02-28T13:05:28Z</ModuleTime>
      <ModuleName>Microsoft.Win32.Registry</ModuleName>
      <Classes />
    </Module>
    <Module skippedDueTo="Filter" hash="EF-F5-62-5F-AF-AF-B2-EE-AD-D8-B0-5F-2F-34-FF-0C-C9-DD-5C-66">
      <ModulePath>C:\Program Files\dotnet\shared\Microsoft.NETCore.App\3.1.3\System.Diagnostics.Tools.dll</ModulePath>
      <ModuleTime>2020-02-28T13:05:36Z</ModuleTime>
      <ModuleName>System.Diagnostics.Tools</ModuleName>
      <Classes />
    </Module>
    <Module skippedDueTo="Filter" hash="32-77-95-87-72-D8-6D-43-AA-DA-36-9B-86-D6-99-7F-41-0E-CF-A5">
      <ModulePath>C:\Program Files\dotnet\shared\Microsoft.NETCore.App\3.1.3\System.Diagnostics.Debug.dll</ModulePath>
      <ModuleTime>2020-02-28T13:06:08Z</ModuleTime>
      <ModuleName>System.Diagnostics.Debug</ModuleName>
      <Classes />
    </Module>
    <Module skippedDueTo="Filter" hash="C1-41-1B-16-60-41-0D-35-CE-85-82-6D-04-AB-CE-5C-88-E8-BE-91">
      <ModulePath>C:\Program Files\dotnet\shared\Microsoft.NETCore.App\3.1.3\System.IO.dll</ModulePath>
      <ModuleTime>2020-02-28T13:06:06Z</ModuleTime>
      <ModuleName>System.IO</ModuleName>
      <Classes />
    </Module>
    <Module skippedDueTo="Filter" hash="A5-1D-73-D2-8D-F6-70-B7-B7-8B-00-F4-17-70-7F-2A-98-D3-1C-F9">
      <ModulePath>C:\Program Files\dotnet\shared\Microsoft.NETCore.App\3.1.3\System.Text.Encoding.dll</ModulePath>
      <ModuleTime>2020-02-28T13:04:44Z</ModuleTime>
      <ModuleName>System.Text.Encoding</ModuleName>
      <Classes />
    </Module>
    <Module skippedDueTo="Filter" hash="CC-FC-9F-9B-3F-02-43-A8-4C-9F-1C-AD-15-23-EF-34-31-D4-A6-0C">
      <ModulePath>C:\Program Files\dotnet\shared\Microsoft.NETCore.App\3.1.3\System.IO.Compression.dll</ModulePath>
      <ModuleTime>2020-02-28T13:05:40Z</ModuleTime>
      <ModuleName>System.IO.Compression</ModuleName>
      <Classes />
    </Module>
    <Module skippedDueTo="Filter" hash="9E-63-EF-9A-D8-E6-C0-64-EB-31-79-F5-8C-35-7D-C2-C5-D2-94-7D">
      <ModulePath>C:\Program Files\dotnet\shared\Microsoft.NETCore.App\3.1.3\System.Net.Http.dll</ModulePath>
      <ModuleTime>2020-02-28T13:06:44Z</ModuleTime>
      <ModuleName>System.Net.Http</ModuleName>
      <Classes />
    </Module>
    <Module skippedDueTo="Filter" hash="2A-48-85-A6-03-C4-07-FD-29-10-28-5A-25-BF-0C-FA-03-A7-98-B2">
      <ModulePath>C:\Program Files\dotnet\shared\Microsoft.NETCore.App\3.1.3\System.Net.Primitives.dll</ModulePath>
      <ModuleTime>2020-02-28T13:04:24Z</ModuleTime>
      <ModuleName>System.Net.Primitives</ModuleName>
      <Classes />
    </Module>
    <Module skippedDueTo="Filter" hash="A5-D1-78-2C-3D-8D-E9-D4-52-E4-0C-B0-3D-34-F4-8D-7A-08-C6-C3">
      <ModulePath>C:\Program Files\dotnet\shared\Microsoft.NETCore.App\3.1.3\System.Net.Security.dll</ModulePath>
      <ModuleTime>2020-02-28T13:04:26Z</ModuleTime>
      <ModuleName>System.Net.Security</ModuleName>
      <Classes />
    </Module>
    <Module skippedDueTo="Filter" hash="2D-D2-58-DD-BA-4D-D9-A2-D8-99-CB-EF-60-05-5F-E6-2B-B1-A8-C7">
      <ModulePath>C:\Program Files\dotnet\shared\Microsoft.NETCore.App\3.1.3\System.Security.Cryptography.X509Certificates.dll</ModulePath>
      <ModuleTime>2020-02-28T13:04:42Z</ModuleTime>
      <ModuleName>System.Security.Cryptography.X509Certificates</ModuleName>
      <Classes />
    </Module>
    <Module skippedDueTo="MissingPdb" hash="47-20-F1-42-9C-3C-11-60-EE-D5-38-37-4E-D7-48-C3-66-42-34-0F">
      <ModulePath>C:\Program Files\dotnet\sdk\3.1.201\Microsoft.Build.Framework.dll</ModulePath>
      <ModuleTime>2020-03-18T09:44:38Z</ModuleTime>
      <ModuleName>Microsoft.Build.Framework</ModuleName>
      <Classes />
    </Module>
    <Module skippedDueTo="Filter" hash="E5-F8-08-77-40-69-F3-B4-39-9E-F4-4F-30-35-FF-75-AD-66-E9-C9">
      <ModulePath>C:\Program Files\dotnet\shared\Microsoft.NETCore.App\3.1.3\System.ComponentModel.Primitives.dll</ModulePath>
      <ModuleTime>2020-02-28T13:05:34Z</ModuleTime>
      <ModuleName>System.ComponentModel.Primitives</ModuleName>
      <Classes />
    </Module>
    <Module skippedDueTo="Filter" hash="5E-EA-96-C3-0B-C7-BF-BA-AE-4A-27-D8-9A-9A-67-A2-72-BF-89-1F">
      <ModulePath>C:\Program Files\dotnet\shared\Microsoft.NETCore.App\3.1.3\System.Collections.NonGeneric.dll</ModulePath>
      <ModuleTime>2020-02-28T13:05:32Z</ModuleTime>
      <ModuleName>System.Collections.NonGeneric</ModuleName>
      <Classes />
    </Module>
    <Module skippedDueTo="MissingPdb" hash="4E-A9-32-5A-D2-0F-84-D8-73-42-C7-0B-6A-3C-7B-C0-89-B7-20-01">
      <ModulePath>C:\Program Files\dotnet\shared\Microsoft.NETCore.App\3.1.3\Microsoft.Win32.Primitives.dll</ModulePath>
      <ModuleTime>2020-02-28T13:05:30Z</ModuleTime>
      <ModuleName>Microsoft.Win32.Primitives</ModuleName>
      <Classes />
    </Module>
    <Module skippedDueTo="Filter" hash="19-DB-E7-26-74-3E-B8-3C-B9-3E-89-49-9F-20-99-D9-CF-23-FD-17">
      <ModulePath>C:\Program Files\dotnet\shared\Microsoft.NETCore.App\3.1.3\System.Private.CoreLib.dll</ModulePath>
      <ModuleTime>2020-02-18T14:16:14Z</ModuleTime>
      <ModuleName>System.Private.CoreLib</ModuleName>
      <Classes />
    </Module>
    <Module skippedDueTo="MissingPdb" hash="76-87-37-3D-BD-CF-7C-E5-90-89-7B-D5-45-86-01-3E-47-72-1F-6D">
      <ModulePath>C:\Program Files\dotnet\sdk\3.1.201\MSBuild.dll</ModulePath>
      <ModuleTime>2020-03-18T09:43:48Z</ModuleTime>
      <ModuleName>MSBuild</ModuleName>
      <Classes />
    </Module>
    <Module skippedDueTo="Filter" hash="45-AE-FF-2D-9F-D9-14-AE-5E-58-BC-AD-59-3F-6B-E0-C7-F9-45-CA">
      <ModulePath>C:\Program Files\dotnet\shared\Microsoft.NETCore.App\3.1.3\System.Runtime.dll</ModulePath>
      <ModuleTime>2020-02-28T13:04:40Z</ModuleTime>
      <ModuleName>System.Runtime</ModuleName>
      <Classes />
    </Module>
    <Module skippedDueTo="Filter" hash="B8-01-4B-08-49-01-14-1F-52-C1-06-1B-E1-C4-DA-8C-8C-15-88-14">
      <ModulePath>C:\Program Files\dotnet\shared\Microsoft.NETCore.App\3.1.3\System.Runtime.Extensions.dll</ModulePath>
      <ModuleTime>2020-02-28T13:04:36Z</ModuleTime>
      <ModuleName>System.Runtime.Extensions</ModuleName>
      <Classes />
    </Module>
    <Module skippedDueTo="Filter" hash="9C-68-F9-D9-5D-09-7B-AC-36-D7-6D-25-3D-17-F3-72-E5-1A-87-F0">
      <ModulePath>C:\Program Files\dotnet\shared\Microsoft.NETCore.App\3.1.3\System.Threading.dll</ModulePath>
      <ModuleTime>2020-02-28T13:05:06Z</ModuleTime>
      <ModuleName>System.Threading</ModuleName>
      <Classes />
    </Module>
    <Module skippedDueTo="Filter" hash="23-F9-09-16-3B-71-58-F5-A7-35-CA-89-4D-75-0F-3D-D0-23-DC-EB">
      <ModulePath>C:\Program Files\dotnet\shared\Microsoft.NETCore.App\3.1.3\System.Threading.Tasks.dll</ModulePath>
      <ModuleTime>2020-02-28T13:05:28Z</ModuleTime>
      <ModuleName>System.Threading.Tasks</ModuleName>
      <Classes />
    </Module>
    <Module skippedDueTo="MissingPdb" hash="47-20-F1-42-9C-3C-11-60-EE-D5-38-37-4E-D7-48-C3-66-42-34-0F">
      <ModulePath>C:\Program Files\dotnet\sdk\3.1.201\Microsoft.Build.Framework.dll</ModulePath>
      <ModuleTime>2020-03-18T09:44:38Z</ModuleTime>
      <ModuleName>Microsoft.Build.Framework</ModuleName>
      <Classes />
    </Module>
    <Module skippedDueTo="MissingPdb" hash="08-0A-47-0B-10-27-7A-98-D6-A5-5B-EC-1C-35-91-93-AB-C0-35-65">
      <ModulePath>C:\Program Files\dotnet\shared\Microsoft.NETCore.App\3.1.3\netstandard.dll</ModulePath>
      <ModuleTime>2020-02-28T13:05:24Z</ModuleTime>
      <ModuleName>netstandard</ModuleName>
      <Classes />
    </Module>
    <Module skippedDueTo="Filter" hash="26-14-D7-B5-EB-43-C2-76-01-4F-01-5E-7B-A4-CE-E9-EB-E3-AA-B9">
      <ModulePath>C:\Program Files\dotnet\shared\Microsoft.NETCore.App\3.1.3\System.Runtime.InteropServices.RuntimeInformation.dll</ModulePath>
      <ModuleTime>2020-02-28T13:04:36Z</ModuleTime>
      <ModuleName>System.Runtime.InteropServices.RuntimeInformation</ModuleName>
      <Classes />
    </Module>
    <Module skippedDueTo="Filter" hash="4D-33-53-11-50-36-83-92-2B-29-8C-5A-FA-19-EF-5A-D4-AA-32-80">
      <ModulePath>C:\Program Files\dotnet\shared\Microsoft.NETCore.App\3.1.3\System.Diagnostics.Process.dll</ModulePath>
      <ModuleTime>2020-02-28T13:05:38Z</ModuleTime>
      <ModuleName>System.Diagnostics.Process</ModuleName>
      <Classes />
    </Module>
    <Module skippedDueTo="Filter" hash="E5-F8-08-77-40-69-F3-B4-39-9E-F4-4F-30-35-FF-75-AD-66-E9-C9">
      <ModulePath>C:\Program Files\dotnet\shared\Microsoft.NETCore.App\3.1.3\System.ComponentModel.Primitives.dll</ModulePath>
      <ModuleTime>2020-02-28T13:05:34Z</ModuleTime>
      <ModuleName>System.ComponentModel.Primitives</ModuleName>
      <Classes />
    </Module>
    <Module skippedDueTo="Filter" hash="33-87-51-E6-2F-8C-BE-1D-5B-B2-9E-51-10-1B-05-40-2C-E3-E8-1A">
      <ModulePath>C:\Program Files\dotnet\shared\Microsoft.NETCore.App\3.1.3\System.Linq.dll</ModulePath>
      <ModuleTime>2020-02-28T13:06:40Z</ModuleTime>
      <ModuleName>System.Linq</ModuleName>
      <Classes />
    </Module>
    <Module skippedDueTo="Filter" hash="9D-C0-19-0D-B9-0B-71-00-FA-44-3E-7A-92-13-79-FB-D2-34-4F-3D">
      <ModulePath>C:\Program Files\dotnet\shared\Microsoft.NETCore.App\3.1.3\System.Text.RegularExpressions.dll</ModulePath>
      <ModuleTime>2020-02-28T13:04:44Z</ModuleTime>
      <ModuleName>System.Text.RegularExpressions</ModuleName>
      <Classes />
    </Module>
    <Module skippedDueTo="Filter" hash="8B-E9-5A-2E-CC-DB-5C-E1-03-05-BA-E1-31-A9-9D-6F-18-10-50-AA">
      <ModulePath>C:\Program Files\dotnet\shared\Microsoft.NETCore.App\3.1.3\System.Collections.dll</ModulePath>
      <ModuleTime>2020-02-28T13:05:28Z</ModuleTime>
      <ModuleName>System.Collections</ModuleName>
      <Classes />
    </Module>
    <Module skippedDueTo="Filter" hash="AF-4F-3B-E9-D2-80-A0-2E-91-5B-AF-17-34-A9-F1-A6-32-C4-EC-4E">
      <ModulePath>C:\Program Files\dotnet\shared\Microsoft.NETCore.App\3.1.3\System.Memory.dll</ModulePath>
      <ModuleTime>2020-02-28T13:06:08Z</ModuleTime>
      <ModuleName>System.Memory</ModuleName>
      <Classes />
    </Module>
    <Module skippedDueTo="Filter" hash="CE-43-2B-40-C0-FF-2C-68-D3-CF-AF-49-07-37-DC-D7-AA-AB-17-F3">
      <ModulePath>C:\Program Files\dotnet\shared\Microsoft.NETCore.App\3.1.3\System.Buffers.dll</ModulePath>
      <ModuleTime>2020-02-28T13:05:26Z</ModuleTime>
      <ModuleName>System.Buffers</ModuleName>
      <Classes />
    </Module>
    <Module skippedDueTo="Filter" hash="A6-81-2A-5B-4A-3D-C8-4D-49-04-DE-1F-DF-02-7C-B4-43-51-DE-1C">
      <ModulePath>C:\Program Files\dotnet\shared\Microsoft.NETCore.App\3.1.3\System.IO.FileSystem.dll</ModulePath>
      <ModuleTime>2020-02-28T13:06:08Z</ModuleTime>
      <ModuleName>System.IO.FileSystem</ModuleName>
      <Classes />
    </Module>
    <Module skippedDueTo="Filter" hash="B9-08-B2-09-3C-61-2C-3E-62-03-05-65-93-6A-84-E5-2C-0D-A7-F4">
      <ModulePath>C:\Program Files\dotnet\shared\Microsoft.NETCore.App\3.1.3\System.Runtime.InteropServices.dll</ModulePath>
      <ModuleTime>2020-02-28T13:04:34Z</ModuleTime>
      <ModuleName>System.Runtime.InteropServices</ModuleName>
      <Classes />
    </Module>
    <Module skippedDueTo="Filter" hash="32-5D-5E-82-60-49-7F-5D-44-D4-1E-BF-57-95-6F-D8-30-A6-C2-E1">
      <ModulePath>C:\Program Files\dotnet\shared\Microsoft.NETCore.App\3.1.3\System.Console.dll</ModulePath>
      <ModuleTime>2020-02-28T13:05:30Z</ModuleTime>
      <ModuleName>System.Console</ModuleName>
      <Classes />
    </Module>
    <Module skippedDueTo="MissingPdb" hash="58-59-35-07-07-DE-52-C3-80-D9-CC-BF-5D-FA-04-DF-29-C6-52-ED">
      <ModulePath>C:\Program Files\dotnet\sdk\3.1.201\Microsoft.Build.dll</ModulePath>
      <ModuleTime>2020-03-18T09:44:40Z</ModuleTime>
      <ModuleName>Microsoft.Build</ModuleName>
      <Classes />
    </Module>
    <Module skippedDueTo="Filter" hash="D3-FC-01-5E-22-55-B9-FD-FB-0D-0E-A5-B8-58-05-D8-DC-D2-F5-24">
      <ModulePath>C:\Program Files\dotnet\shared\Microsoft.NETCore.App\3.1.3\System.Diagnostics.Tracing.dll</ModulePath>
      <ModuleTime>2020-02-28T13:05:36Z</ModuleTime>
      <ModuleName>System.Diagnostics.Tracing</ModuleName>
      <Classes />
    </Module>
    <Module skippedDueTo="Filter" hash="32-77-95-87-72-D8-6D-43-AA-DA-36-9B-86-D6-99-7F-41-0E-CF-A5">
      <ModulePath>C:\Program Files\dotnet\shared\Microsoft.NETCore.App\3.1.3\System.Diagnostics.Debug.dll</ModulePath>
      <ModuleTime>2020-02-28T13:06:08Z</ModuleTime>
      <ModuleName>System.Diagnostics.Debug</ModuleName>
      <Classes />
    </Module>
    <Module skippedDueTo="Filter" hash="BF-BC-9F-90-71-42-03-E3-AC-AA-D2-39-9E-84-5C-00-62-70-39-BA">
      <ModulePath>C:\Program Files\dotnet\shared\Microsoft.NETCore.App\3.1.3\System.Text.Encoding.CodePages.dll</ModulePath>
      <ModuleTime>2020-02-28T13:04:46Z</ModuleTime>
      <ModuleName>System.Text.Encoding.CodePages</ModuleName>
      <Classes />
    </Module>
    <Module skippedDueTo="Filter" hash="8F-A1-95-7C-65-A0-95-11-53-8D-DF-11-6D-3C-AD-5D-AE-2F-D3-73">
      <ModulePath>C:\Program Files\dotnet\shared\Microsoft.NETCore.App\3.1.3\System.Collections.Concurrent.dll</ModulePath>
      <ModuleTime>2020-02-28T13:05:24Z</ModuleTime>
      <ModuleName>System.Collections.Concurrent</ModuleName>
      <Classes />
    </Module>
    <Module skippedDueTo="Filter" hash="3D-ED-2E-29-0D-BD-86-B5-75-96-FF-B0-C8-9D-AD-4E-5B-94-58-57">
      <ModulePath>C:\Program Files\dotnet\shared\Microsoft.NETCore.App\3.1.3\System.Runtime.Loader.dll</ModulePath>
      <ModuleTime>2020-02-28T13:04:36Z</ModuleTime>
      <ModuleName>System.Runtime.Loader</ModuleName>
      <Classes />
    </Module>
    <Module skippedDueTo="MissingPdb" hash="5C-D3-E5-60-AC-A8-D6-45-77-6C-59-CA-FE-F1-49-32-B4-41-29-2D">
      <ModulePath>C:\Program Files\dotnet\sdk\3.1.201\dotnet.dll</ModulePath>
      <ModuleTime>2020-03-18T09:44:30Z</ModuleTime>
      <ModuleName>dotnet</ModuleName>
      <Classes />
    </Module>
    <Module skippedDueTo="Filter" hash="01-AB-1F-C1-0A-AD-1A-D5-69-41-9D-4B-4E-1C-6F-AC-59-05-9A-48">
      <ModulePath>C:\Program Files\dotnet\shared\Microsoft.NETCore.App\3.1.3\System.Collections.Immutable.dll</ModulePath>
      <ModuleTime>2020-02-28T13:05:24Z</ModuleTime>
      <ModuleName>System.Collections.Immutable</ModuleName>
      <Classes />
    </Module>
    <Module skippedDueTo="MissingPdb" hash="38-09-CE-F2-E5-95-B5-A8-49-DB-F2-B2-FC-2A-62-56-4F-D2-91-39">
      <ModulePath>C:\Program Files\dotnet\sdk\3.1.201\Microsoft.DotNet.Configurer.dll</ModulePath>
      <ModuleTime>2020-03-18T09:44:38Z</ModuleTime>
      <ModuleName>Microsoft.DotNet.Configurer</ModuleName>
      <Classes />
    </Module>
    <Module skippedDueTo="MissingPdb" hash="A6-34-21-D2-ED-90-2B-0C-6B-31-85-04-D0-F6-D6-13-31-C9-61-F8">
      <ModulePath>C:\Program Files\dotnet\sdk\3.1.201\Microsoft.DotNet.InternalAbstractions.dll</ModulePath>
      <ModuleTime>2020-03-18T09:44:40Z</ModuleTime>
      <ModuleName>Microsoft.DotNet.InternalAbstractions</ModuleName>
      <Classes />
    </Module>
    <Module skippedDueTo="MissingPdb" hash="D2-6E-C4-85-DC-1F-C3-EB-0C-2E-07-EA-F9-33-C9-A6-25-57-E7-D6">
      <ModulePath>C:\Program Files\dotnet\sdk\3.1.201\Microsoft.DotNet.Cli.Utils.dll</ModulePath>
      <ModuleTime>2020-03-18T09:44:38Z</ModuleTime>
      <ModuleName>Microsoft.DotNet.Cli.Utils</ModuleName>
      <Classes />
    </Module>
    <Module skippedDueTo="Filter" hash="4E-96-5A-FC-C0-BE-6F-D4-A5-9C-B4-F8-33-D5-85-D1-B9-07-9F-89">
      <ModulePath>C:\Program Files\dotnet\shared\Microsoft.NETCore.App\3.1.3\System.Text.Encoding.Extensions.dll</ModulePath>
      <ModuleTime>2020-02-28T13:04:44Z</ModuleTime>
      <ModuleName>System.Text.Encoding.Extensions</ModuleName>
      <Classes />
    </Module>
    <Module skippedDueTo="MissingPdb" hash="DD-89-83-66-26-E0-B9-BF-DD-51-53-00-1B-5A-80-96-5A-0A-01-79">
      <ModulePath>C:\Program Files\dotnet\sdk\3.1.201\Microsoft.ApplicationInsights.dll</ModulePath>
      <ModuleTime>2020-03-18T09:45:02Z</ModuleTime>
      <ModuleName>Microsoft.ApplicationInsights</ModuleName>
      <Classes />
    </Module>
    <Module skippedDueTo="MissingPdb" hash="1E-D4-CD-15-2C-94-E4-C6-19-88-4A-EC-70-23-9C-38-12-8A-35-87">
      <ModulePath>C:\Program Files\dotnet\sdk\3.1.201\Microsoft.DotNet.PlatformAbstractions.dll</ModulePath>
      <ModuleTime>2020-03-18T09:44:38Z</ModuleTime>
      <ModuleName>Microsoft.DotNet.PlatformAbstractions</ModuleName>
      <Classes />
    </Module>
    <Module skippedDueTo="Filter" hash="F0-C5-75-3F-22-17-B9-2C-E6-C3-3C-A7-4D-EE-AF-C8-FF-35-92-AC">
      <ModulePath>C:\Program Files\dotnet\shared\Microsoft.NETCore.App\3.1.3\System.Runtime.CompilerServices.Unsafe.dll</ModulePath>
      <ModuleTime>2020-02-28T13:04:34Z</ModuleTime>
      <ModuleName>System.Runtime.CompilerServices.Unsafe</ModuleName>
      <Classes />
    </Module>
    <Module skippedDueTo="Filter" hash="D5-0A-67-87-14-54-BA-3A-F2-2A-2A-B8-15-CE-D1-74-51-44-E5-FC">
      <ModulePath>C:\Program Files\dotnet\shared\Microsoft.NETCore.App\3.1.3\System.Private.Uri.dll</ModulePath>
      <ModuleTime>2020-02-28T13:04:26Z</ModuleTime>
      <ModuleName>System.Private.Uri</ModuleName>
      <Classes />
    </Module>
    <Module skippedDueTo="Filter" hash="70-58-B8-D8-D1-66-CB-C6-C4-F9-5F-80-03-7C-74-A2-D8-CA-6A-98">
      <ModulePath>C:\Program Files\dotnet\shared\Microsoft.NETCore.App\3.1.3\System.Reflection.Extensions.dll</ModulePath>
      <ModuleTime>2020-02-28T13:04:28Z</ModuleTime>
      <ModuleName>System.Reflection.Extensions</ModuleName>
      <Classes />
    </Module>
    <Module skippedDueTo="Filter" hash="08-4C-1D-C3-E8-DB-38-EA-0D-64-CB-BD-58-BC-F2-B0-E2-99-42-93">
      <ModulePath>C:\Program Files\dotnet\shared\Microsoft.NETCore.App\3.1.3\System.Reflection.dll</ModulePath>
      <ModuleTime>2020-02-28T13:04:28Z</ModuleTime>
      <ModuleName>System.Reflection</ModuleName>
      <Classes />
    </Module>
    <Module skippedDueTo="Filter" hash="4B-5A-EC-05-10-C3-65-A3-7C-C5-D4-52-0E-41-A4-1F-73-88-F9-01">
      <ModulePath>C:\Program Files\dotnet\shared\Microsoft.NETCore.App\3.1.3\System.Xml.XDocument.dll</ModulePath>
      <ModuleTime>2020-02-28T13:04:28Z</ModuleTime>
      <ModuleName>System.Xml.XDocument</ModuleName>
      <Classes />
    </Module>
    <Module skippedDueTo="Filter" hash="68-1D-85-11-BD-EC-60-7F-F2-E8-83-FF-C6-D8-D9-CB-28-C8-8B-2A">
      <ModulePath>C:\Program Files\dotnet\shared\Microsoft.NETCore.App\3.1.3\System.Private.Xml.Linq.dll</ModulePath>
      <ModuleTime>2020-02-28T13:04:30Z</ModuleTime>
      <ModuleName>System.Private.Xml.Linq</ModuleName>
      <Classes />
    </Module>
    <Module skippedDueTo="Filter" hash="A3-6E-3F-5C-23-E9-CE-D4-59-A4-79-82-3A-A2-A6-D2-A6-37-0E-C2">
      <ModulePath>C:\Program Files\dotnet\shared\Microsoft.NETCore.App\3.1.3\System.Threading.Thread.dll</ModulePath>
      <ModuleTime>2020-02-28T13:04:24Z</ModuleTime>
      <ModuleName>System.Threading.Thread</ModuleName>
      <Classes />
    </Module>
    <Module skippedDueTo="Filter" hash="1F-BD-6F-06-01-11-FA-A9-DB-0B-12-95-1E-A0-B6-62-C2-59-ED-05">
      <ModulePath>C:\Program Files\dotnet\shared\Microsoft.NETCore.App\3.1.3\System.Private.Xml.dll</ModulePath>
      <ModuleTime>2020-02-28T13:04:38Z</ModuleTime>
      <ModuleName>System.Private.Xml</ModuleName>
      <Classes />
    </Module>
    <Module skippedDueTo="Filter" hash="2F-E1-13-B8-1E-10-AE-79-4A-CD-F8-AE-C1-F1-E8-22-10-2F-61-17">
      <ModulePath>C:\Program Files\dotnet\shared\Microsoft.NETCore.App\3.1.3\System.Xml.ReaderWriter.dll</ModulePath>
      <ModuleTime>2020-02-28T13:04:28Z</ModuleTime>
      <ModuleName>System.Xml.ReaderWriter</ModuleName>
      <Classes />
    </Module>
    <Module skippedDueTo="Filter" hash="A6-8F-70-B6-4E-19-5D-AD-A4-E6-F3-7F-0E-80-A2-3F-81-B0-99-64">
      <ModulePath>C:\Program Files\dotnet\shared\Microsoft.NETCore.App\3.1.3\System.Globalization.dll</ModulePath>
      <ModuleTime>2020-02-28T13:06:08Z</ModuleTime>
      <ModuleName>System.Globalization</ModuleName>
      <Classes />
    </Module>
    <Module skippedDueTo="Filter" hash="BD-4A-A7-E3-52-A8-34-61-7F-29-11-AF-BF-90-FC-16-AD-AB-40-0B">
      <ModulePath>C:\Program Files\dotnet\shared\Microsoft.NETCore.App\3.1.3\System.Threading.Tasks.Dataflow.dll</ModulePath>
      <ModuleTime>2020-02-28T13:04:46Z</ModuleTime>
      <ModuleName>System.Threading.Tasks.Dataflow</ModuleName>
      <Classes />
    </Module>
    <Module skippedDueTo="Filter" hash="08-F9-21-BB-3C-07-A4-DA-5A-43-89-51-EB-E0-A4-B9-2F-19-F6-7D">
      <ModulePath>C:\Program Files\dotnet\shared\Microsoft.NETCore.App\3.1.3\System.Security.Cryptography.Algorithms.dll</ModulePath>
      <ModuleTime>2020-02-28T13:04:40Z</ModuleTime>
      <ModuleName>System.Security.Cryptography.Algorithms</ModuleName>
      <Classes />
    </Module>
    <Module skippedDueTo="Filter" hash="55-8E-C2-A5-09-4D-3F-8C-11-59-AB-41-D5-05-B5-7B-8D-3A-AA-6E">
      <ModulePath>C:\Program Files\dotnet\shared\Microsoft.NETCore.App\3.1.3\System.Security.Cryptography.Primitives.dll</ModulePath>
      <ModuleTime>2020-02-28T13:04:42Z</ModuleTime>
      <ModuleName>System.Security.Cryptography.Primitives</ModuleName>
      <Classes />
    </Module>
    <Module skippedDueTo="MissingPdb" hash="96-CF-CB-AB-4F-25-B8-44-23-16-25-EC-27-DB-10-94-9B-5F-78-77">
      <ModulePath>C:\Program Files\dotnet\shared\Microsoft.NETCore.App\3.1.3\Microsoft.Win32.Registry.dll</ModulePath>
      <ModuleTime>2020-02-28T13:05:28Z</ModuleTime>
      <ModuleName>Microsoft.Win32.Registry</ModuleName>
      <Classes />
    </Module>
    <Module skippedDueTo="Filter" hash="57-E8-B3-F8-DB-88-F2-FB-81-BE-34-C3-AD-1E-D4-F0-DD-F0-59-D3">
      <ModulePath>C:\Program Files\dotnet\shared\Microsoft.NETCore.App\3.1.3\System.Resources.ResourceManager.dll</ModulePath>
      <ModuleTime>2020-02-28T13:04:32Z</ModuleTime>
      <ModuleName>System.Resources.ResourceManager</ModuleName>
      <Classes />
    </Module>
    <Module skippedDueTo="MissingPdb" hash="68-C6-7F-81-9D-E0-7B-2D-7E-17-DE-B7-93-67-3B-E1-F2-93-22-E8">
      <ModulePath>C:\Program Files\dotnet\sdk\3.1.201\zh-Hans\Microsoft.Build.resources.dll</ModulePath>
      <ModuleTime>2020-02-24T12:24:42Z</ModuleTime>
      <ModuleName>Microsoft.Build.resources</ModuleName>
      <Classes />
    </Module>
    <Module skippedDueTo="Filter" hash="22-BD-0E-BF-F3-50-23-F4-33-69-45-CA-85-5A-41-AA-FF-98-13-6A">
      <ModulePath>C:\Program Files\dotnet\shared\Microsoft.NETCore.App\3.1.3\System.ObjectModel.dll</ModulePath>
      <ModuleTime>2020-02-28T13:04:24Z</ModuleTime>
      <ModuleName>System.ObjectModel</ModuleName>
      <Classes />
    </Module>
    <Module skippedDueTo="Filter" hash="66-55-F3-9A-C4-53-63-95-5F-60-D2-19-0F-7E-3B-2B-85-46-FB-8D">
      <ModulePath>C:\Program Files\dotnet\shared\Microsoft.NETCore.App\3.1.3\System.Diagnostics.TraceSource.dll</ModulePath>
      <ModuleTime>2020-02-28T13:06:08Z</ModuleTime>
      <ModuleName>System.Diagnostics.TraceSource</ModuleName>
      <Classes />
    </Module>
    <Module skippedDueTo="MissingPdb" hash="80-8D-68-67-13-D9-19-58-91-D7-B1-B6-1B-CF-9B-3C-AC-80-89-94">
      <ModulePath>C:\Program Files\dotnet\sdk\3.1.201\Microsoft.Build.NuGetSdkResolver.dll</ModulePath>
      <ModuleTime>2020-03-18T09:44:36Z</ModuleTime>
      <ModuleName>Microsoft.Build.NuGetSdkResolver</ModuleName>
      <Classes />
    </Module>
    <Module skippedDueTo="Filter" hash="49-E0-50-A5-D9-8A-25-15-AE-1C-26-42-E6-99-0B-49-D2-F5-CB-DA">
      <ModulePath>C:\Program Files\dotnet\shared\Microsoft.NETCore.App\3.1.3\System.Diagnostics.FileVersionInfo.dll</ModulePath>
      <ModuleTime>2020-02-28T13:05:38Z</ModuleTime>
      <ModuleName>System.Diagnostics.FileVersionInfo</ModuleName>
      <Classes />
    </Module>
    <Module skippedDueTo="Filter" hash="04-D0-77-B5-F7-72-0B-E6-E8-AA-8F-4B-A0-A0-C9-C0-4C-69-37-D9">
      <ModulePath>C:\Program Files\dotnet\shared\Microsoft.NETCore.App\3.1.3\System.Threading.Tasks.Parallel.dll</ModulePath>
      <ModuleTime>2020-02-28T13:05:28Z</ModuleTime>
      <ModuleName>System.Threading.Tasks.Parallel</ModuleName>
      <Classes />
    </Module>
    <Module skippedDueTo="MissingPdb" hash="7A-E6-CA-81-95-20-D1-FF-17-80-B7-2A-AB-83-B3-0A-F1-99-1E-2A">
      <ModulePath>C:\Program Files\dotnet\sdk\3.1.201\Microsoft.Build.Utilities.Core.dll</ModulePath>
      <ModuleTime>2020-03-18T09:44:42Z</ModuleTime>
      <ModuleName>Microsoft.Build.Utilities.Core</ModuleName>
      <Classes />
    </Module>
    <Module skippedDueTo="Filter" hash="B5-88-C5-06-06-46-BA-FC-55-0E-7A-44-AC-31-CD-F3-5B-DF-AE-0B">
      <ModulePath>C:\Program Files\dotnet\shared\Microsoft.NETCore.App\3.1.3\System.Reflection.Emit.ILGeneration.dll</ModulePath>
      <ModuleTime>2020-02-28T13:04:32Z</ModuleTime>
      <ModuleName>System.Reflection.Emit.ILGeneration</ModuleName>
      <Classes />
    </Module>
    <Module skippedDueTo="Filter" hash="EA-A3-EB-09-A2-39-8F-0D-B1-13-BA-6D-11-3A-EC-93-44-39-5A-D3">
      <ModulePath>C:\Program Files\dotnet\shared\Microsoft.NETCore.App\3.1.3\System.Reflection.Emit.Lightweight.dll</ModulePath>
      <ModuleTime>2020-02-28T13:04:32Z</ModuleTime>
      <ModuleName>System.Reflection.Emit.Lightweight</ModuleName>
      <Classes />
    </Module>
    <Module skippedDueTo="Filter" hash="C8-E8-31-5D-60-D0-B9-32-02-28-DE-17-96-8F-97-91-72-F8-BE-13">
      <ModulePath>C:\Program Files\dotnet\shared\Microsoft.NETCore.App\3.1.3\System.Reflection.Primitives.dll</ModulePath>
      <ModuleTime>2020-02-28T13:04:34Z</ModuleTime>
      <ModuleName>System.Reflection.Primitives</ModuleName>
      <Classes />
    </Module>
    <Module skippedDueTo="MissingPdb" hash="88-E7-E8-96-8F-48-99-50-8E-E1-DF-4C-0E-D5-D8-C5-0D-62-22-36">
      <ModulePath>C:\Program Files\dotnet\sdk\3.1.201\Microsoft.Build.Tasks.Core.dll</ModulePath>
      <ModuleTime>2020-03-18T09:44:38Z</ModuleTime>
      <ModuleName>Microsoft.Build.Tasks.Core</ModuleName>
      <Classes />
    </Module>
    <Module skippedDueTo="MissingPdb" hash="B3-44-E0-6E-7A-CB-1B-06-37-3E-84-75-01-86-B8-6B-40-5A-F6-CE">
      <ModulePath>C:\Program Files\dotnet\sdk\3.1.201\Microsoft.TestPlatform.Build.dll</ModulePath>
      <ModuleTime>2020-03-18T09:44:46Z</ModuleTime>
      <ModuleName>Microsoft.TestPlatform.Build</ModuleName>
      <Classes />
    </Module>
    <Module skippedDueTo="MissingPdb" hash="A9-73-D7-B9-ED-81-BF-B6-8E-C5-56-A3-22-B6-51-63-35-6A-23-EC">
      <ModulePath>C:\Program Files\dotnet\sdk\3.1.201\zh-Hans\Microsoft.TestPlatform.Build.resources.dll</ModulePath>
      <ModuleTime>2020-02-04T12:55:20Z</ModuleTime>
      <ModuleName>Microsoft.TestPlatform.Build.resources</ModuleName>
      <Classes />
    </Module>
    <Module skippedDueTo="MissingPdb" hash="4E-A9-32-5A-D2-0F-84-D8-73-42-C7-0B-6A-3C-7B-C0-89-B7-20-01">
      <ModulePath>C:\Program Files\dotnet\shared\Microsoft.NETCore.App\3.1.3\Microsoft.Win32.Primitives.dll</ModulePath>
      <ModuleTime>2020-02-28T13:05:30Z</ModuleTime>
      <ModuleName>Microsoft.Win32.Primitives</ModuleName>
      <Classes />
    </Module>
    <Module skippedDueTo="Filter" hash="19-DB-E7-26-74-3E-B8-3C-B9-3E-89-49-9F-20-99-D9-CF-23-FD-17">
      <ModulePath>C:\Program Files\dotnet\shared\Microsoft.NETCore.App\3.1.3\System.Private.CoreLib.dll</ModulePath>
      <ModuleTime>2020-02-18T14:16:14Z</ModuleTime>
      <ModuleName>System.Private.CoreLib</ModuleName>
      <Classes />
    </Module>
    <Module skippedDueTo="MissingPdb" hash="C5-B4-6F-68-5D-85-FF-B9-B3-F6-E7-E5-87-BC-47-13-C3-03-85-42">
      <ModulePath>C:\Program Files\dotnet\sdk\3.1.201\vstest.console.dll</ModulePath>
      <ModuleTime>2020-03-18T09:43:48Z</ModuleTime>
      <ModuleName>vstest.console</ModuleName>
      <Classes />
    </Module>
    <Module skippedDueTo="Filter" hash="45-AE-FF-2D-9F-D9-14-AE-5E-58-BC-AD-59-3F-6B-E0-C7-F9-45-CA">
      <ModulePath>C:\Program Files\dotnet\shared\Microsoft.NETCore.App\3.1.3\System.Runtime.dll</ModulePath>
      <ModuleTime>2020-02-28T13:04:40Z</ModuleTime>
      <ModuleName>System.Runtime</ModuleName>
      <Classes />
    </Module>
    <Module skippedDueTo="Filter" hash="4D-33-53-11-50-36-83-92-2B-29-8C-5A-FA-19-EF-5A-D4-AA-32-80">
      <ModulePath>C:\Program Files\dotnet\shared\Microsoft.NETCore.App\3.1.3\System.Diagnostics.Process.dll</ModulePath>
      <ModuleTime>2020-02-28T13:05:38Z</ModuleTime>
      <ModuleName>System.Diagnostics.Process</ModuleName>
      <Classes />
    </Module>
    <Module skippedDueTo="Filter" hash="E5-F8-08-77-40-69-F3-B4-39-9E-F4-4F-30-35-FF-75-AD-66-E9-C9">
      <ModulePath>C:\Program Files\dotnet\shared\Microsoft.NETCore.App\3.1.3\System.ComponentModel.Primitives.dll</ModulePath>
      <ModuleTime>2020-02-28T13:05:34Z</ModuleTime>
      <ModuleName>System.ComponentModel.Primitives</ModuleName>
      <Classes />
    </Module>
    <Module skippedDueTo="Filter" hash="B8-01-4B-08-49-01-14-1F-52-C1-06-1B-E1-C4-DA-8C-8C-15-88-14">
      <ModulePath>C:\Program Files\dotnet\shared\Microsoft.NETCore.App\3.1.3\System.Runtime.Extensions.dll</ModulePath>
      <ModuleTime>2020-02-28T13:04:36Z</ModuleTime>
      <ModuleName>System.Runtime.Extensions</ModuleName>
      <Classes />
    </Module>
    <Module skippedDueTo="MissingPdb" hash="92-D6-1E-14-62-24-DB-73-F3-A0-87-8B-5C-9C-71-AE-8C-A6-49-86">
      <ModulePath>C:\Program Files\dotnet\sdk\3.1.201\Microsoft.TestPlatform.CoreUtilities.dll</ModulePath>
      <ModuleTime>2020-03-18T09:44:48Z</ModuleTime>
      <ModuleName>Microsoft.TestPlatform.CoreUtilities</ModuleName>
      <Classes />
    </Module>
    <Module skippedDueTo="MissingPdb" hash="08-0A-47-0B-10-27-7A-98-D6-A5-5B-EC-1C-35-91-93-AB-C0-35-65">
      <ModulePath>C:\Program Files\dotnet\shared\Microsoft.NETCore.App\3.1.3\netstandard.dll</ModulePath>
      <ModuleTime>2020-02-28T13:05:24Z</ModuleTime>
      <ModuleName>netstandard</ModuleName>
      <Classes />
    </Module>
    <Module skippedDueTo="Filter" hash="32-77-95-87-72-D8-6D-43-AA-DA-36-9B-86-D6-99-7F-41-0E-CF-A5">
      <ModulePath>C:\Program Files\dotnet\shared\Microsoft.NETCore.App\3.1.3\System.Diagnostics.Debug.dll</ModulePath>
      <ModuleTime>2020-02-28T13:06:08Z</ModuleTime>
      <ModuleName>System.Diagnostics.Debug</ModuleName>
      <Classes />
    </Module>
    <Module skippedDueTo="Filter" hash="A3-6E-3F-5C-23-E9-CE-D4-59-A4-79-82-3A-A2-A6-D2-A6-37-0E-C2">
      <ModulePath>C:\Program Files\dotnet\shared\Microsoft.NETCore.App\3.1.3\System.Threading.Thread.dll</ModulePath>
      <ModuleTime>2020-02-28T13:04:24Z</ModuleTime>
      <ModuleName>System.Threading.Thread</ModuleName>
      <Classes />
    </Module>
    <Module skippedDueTo="Filter" hash="9C-68-F9-D9-5D-09-7B-AC-36-D7-6D-25-3D-17-F3-72-E5-1A-87-F0">
      <ModulePath>C:\Program Files\dotnet\shared\Microsoft.NETCore.App\3.1.3\System.Threading.dll</ModulePath>
      <ModuleTime>2020-02-28T13:05:06Z</ModuleTime>
      <ModuleName>System.Threading</ModuleName>
      <Classes />
    </Module>
    <Module skippedDueTo="Filter" hash="32-5D-5E-82-60-49-7F-5D-44-D4-1E-BF-57-95-6F-D8-30-A6-C2-E1">
      <ModulePath>C:\Program Files\dotnet\shared\Microsoft.NETCore.App\3.1.3\System.Console.dll</ModulePath>
      <ModuleTime>2020-02-28T13:05:30Z</ModuleTime>
      <ModuleName>System.Console</ModuleName>
      <Classes />
    </Module>
    <Module skippedDueTo="Filter" hash="4E-96-5A-FC-C0-BE-6F-D4-A5-9C-B4-F8-33-D5-85-D1-B9-07-9F-89">
      <ModulePath>C:\Program Files\dotnet\shared\Microsoft.NETCore.App\3.1.3\System.Text.Encoding.Extensions.dll</ModulePath>
      <ModuleTime>2020-02-28T13:04:44Z</ModuleTime>
      <ModuleName>System.Text.Encoding.Extensions</ModuleName>
      <Classes />
    </Module>
    <Module skippedDueTo="Filter" hash="D3-FC-01-5E-22-55-B9-FD-FB-0D-0E-A5-B8-58-05-D8-DC-D2-F5-24">
      <ModulePath>C:\Program Files\dotnet\shared\Microsoft.NETCore.App\3.1.3\System.Diagnostics.Tracing.dll</ModulePath>
      <ModuleTime>2020-02-28T13:05:36Z</ModuleTime>
      <ModuleName>System.Diagnostics.Tracing</ModuleName>
      <Classes />
    </Module>
    <Module skippedDueTo="Filter" hash="8B-E9-5A-2E-CC-DB-5C-E1-03-05-BA-E1-31-A9-9D-6F-18-10-50-AA">
      <ModulePath>C:\Program Files\dotnet\shared\Microsoft.NETCore.App\3.1.3\System.Collections.dll</ModulePath>
      <ModuleTime>2020-02-28T13:05:28Z</ModuleTime>
      <ModuleName>System.Collections</ModuleName>
      <Classes />
    </Module>
    <Module skippedDueTo="MissingPdb" hash="B9-FF-45-54-97-94-E5-EE-F1-55-1C-4C-1D-ED-C5-F1-4E-56-04-D6">
      <ModulePath>C:\Program Files\dotnet\sdk\3.1.201\Microsoft.VisualStudio.TestPlatform.ObjectModel.dll</ModulePath>
      <ModuleTime>2020-03-18T09:45:22Z</ModuleTime>
      <ModuleName>Microsoft.VisualStudio.TestPlatform.ObjectModel</ModuleName>
      <Classes />
    </Module>
    <Module skippedDueTo="MissingPdb" hash="F4-74-D8-EC-37-07-89-F7-DE-41-4A-0C-45-90-94-9E-A5-09-14-06">
      <ModulePath>C:\Program Files\dotnet\sdk\3.1.201\Microsoft.VisualStudio.TestPlatform.Client.dll</ModulePath>
      <ModuleTime>2020-03-18T09:45:22Z</ModuleTime>
      <ModuleName>Microsoft.VisualStudio.TestPlatform.Client</ModuleName>
      <Classes />
    </Module>
    <Module skippedDueTo="MissingPdb" hash="4C-5D-3E-A4-C6-A7-88-97-E0-76-1D-3C-13-D7-AB-BC-57-B4-67-F9">
      <ModulePath>C:\Program Files\dotnet\sdk\3.1.201\Microsoft.VisualStudio.TestPlatform.Common.dll</ModulePath>
      <ModuleTime>2020-03-18T09:47:02Z</ModuleTime>
      <ModuleName>Microsoft.VisualStudio.TestPlatform.Common</ModuleName>
      <Classes />
    </Module>
    <Module skippedDueTo="Filter" hash="33-87-51-E6-2F-8C-BE-1D-5B-B2-9E-51-10-1B-05-40-2C-E3-E8-1A">
      <ModulePath>C:\Program Files\dotnet\shared\Microsoft.NETCore.App\3.1.3\System.Linq.dll</ModulePath>
      <ModuleTime>2020-02-28T13:06:40Z</ModuleTime>
      <ModuleName>System.Linq</ModuleName>
      <Classes />
    </Module>
    <Module skippedDueTo="Filter" hash="B9-08-B2-09-3C-61-2C-3E-62-03-05-65-93-6A-84-E5-2C-0D-A7-F4">
      <ModulePath>C:\Program Files\dotnet\shared\Microsoft.NETCore.App\3.1.3\System.Runtime.InteropServices.dll</ModulePath>
      <ModuleTime>2020-02-28T13:04:34Z</ModuleTime>
      <ModuleName>System.Runtime.InteropServices</ModuleName>
      <Classes />
    </Module>
    <Module skippedDueTo="Filter" hash="57-E8-B3-F8-DB-88-F2-FB-81-BE-34-C3-AD-1E-D4-F0-DD-F0-59-D3">
      <ModulePath>C:\Program Files\dotnet\shared\Microsoft.NETCore.App\3.1.3\System.Resources.ResourceManager.dll</ModulePath>
      <ModuleTime>2020-02-28T13:04:32Z</ModuleTime>
      <ModuleName>System.Resources.ResourceManager</ModuleName>
      <Classes />
    </Module>
    <Module skippedDueTo="Filter" hash="A6-81-2A-5B-4A-3D-C8-4D-49-04-DE-1F-DF-02-7C-B4-43-51-DE-1C">
      <ModulePath>C:\Program Files\dotnet\shared\Microsoft.NETCore.App\3.1.3\System.IO.FileSystem.dll</ModulePath>
      <ModuleTime>2020-02-28T13:06:08Z</ModuleTime>
      <ModuleName>System.IO.FileSystem</ModuleName>
      <Classes />
    </Module>
    <Module skippedDueTo="Filter" hash="2F-E1-13-B8-1E-10-AE-79-4A-CD-F8-AE-C1-F1-E8-22-10-2F-61-17">
      <ModulePath>C:\Program Files\dotnet\shared\Microsoft.NETCore.App\3.1.3\System.Xml.ReaderWriter.dll</ModulePath>
      <ModuleTime>2020-02-28T13:04:28Z</ModuleTime>
      <ModuleName>System.Xml.ReaderWriter</ModuleName>
      <Classes />
    </Module>
    <Module skippedDueTo="Filter" hash="1F-BD-6F-06-01-11-FA-A9-DB-0B-12-95-1E-A0-B6-62-C2-59-ED-05">
      <ModulePath>C:\Program Files\dotnet\shared\Microsoft.NETCore.App\3.1.3\System.Private.Xml.dll</ModulePath>
      <ModuleTime>2020-02-28T13:04:38Z</ModuleTime>
      <ModuleName>System.Private.Xml</ModuleName>
      <Classes />
    </Module>
    <Module skippedDueTo="MissingPdb" hash="C0-AF-8F-C2-7E-FA-FB-83-67-D3-56-10-08-BB-63-E8-4F-C8-F0-D3">
      <ModulePath>C:\Program Files\dotnet\sdk\3.1.201\Microsoft.TestPlatform.PlatformAbstractions.dll</ModulePath>
      <ModuleTime>2020-03-18T09:44:48Z</ModuleTime>
      <ModuleName>Microsoft.TestPlatform.PlatformAbstractions</ModuleName>
      <Classes />
    </Module>
    <Module skippedDueTo="MissingPdb" hash="25-FA-4B-8B-8A-A0-0A-BA-5F-16-77-6A-F8-D1-03-FD-B2-46-A8-11">
      <ModulePath>C:\Program Files\dotnet\sdk\3.1.201\Microsoft.TestPlatform.Utilities.dll</ModulePath>
      <ModuleTime>2020-03-18T09:45:22Z</ModuleTime>
      <ModuleName>Microsoft.TestPlatform.Utilities</ModuleName>
      <Classes />
    </Module>
    <Module skippedDueTo="Filter" hash="26-14-D7-B5-EB-43-C2-76-01-4F-01-5E-7B-A4-CE-E9-EB-E3-AA-B9">
      <ModulePath>C:\Program Files\dotnet\shared\Microsoft.NETCore.App\3.1.3\System.Runtime.InteropServices.RuntimeInformation.dll</ModulePath>
      <ModuleTime>2020-02-28T13:04:36Z</ModuleTime>
      <ModuleName>System.Runtime.InteropServices.RuntimeInformation</ModuleName>
      <Classes />
    </Module>
    <Module skippedDueTo="MissingPdb" hash="43-64-EE-FB-2B-CB-04-44-D6-D5-68-E6-00-03-CA-34-D9-9A-35-C6">
      <ModulePath>C:\Program Files\dotnet\sdk\3.1.201\NuGet.Frameworks.dll</ModulePath>
      <ModuleTime>2020-03-18T09:45:24Z</ModuleTime>
      <ModuleName>NuGet.Frameworks</ModuleName>
      <Classes />
    </Module>
    <Module skippedDueTo="Filter" hash="D5-0A-67-87-14-54-BA-3A-F2-2A-2A-B8-15-CE-D1-74-51-44-E5-FC">
      <ModulePath>C:\Program Files\dotnet\shared\Microsoft.NETCore.App\3.1.3\System.Private.Uri.dll</ModulePath>
      <ModuleTime>2020-02-28T13:04:26Z</ModuleTime>
      <ModuleName>System.Private.Uri</ModuleName>
      <Classes />
    </Module>
    <Module skippedDueTo="Filter" hash="AF-4F-3B-E9-D2-80-A0-2E-91-5B-AF-17-34-A9-F1-A6-32-C4-EC-4E">
      <ModulePath>C:\Program Files\dotnet\shared\Microsoft.NETCore.App\3.1.3\System.Memory.dll</ModulePath>
      <ModuleTime>2020-02-28T13:06:08Z</ModuleTime>
      <ModuleName>System.Memory</ModuleName>
      <Classes />
    </Module>
    <Module skippedDueTo="Filter" hash="08-F9-21-BB-3C-07-A4-DA-5A-43-89-51-EB-E0-A4-B9-2F-19-F6-7D">
      <ModulePath>C:\Program Files\dotnet\shared\Microsoft.NETCore.App\3.1.3\System.Security.Cryptography.Algorithms.dll</ModulePath>
      <ModuleTime>2020-02-28T13:04:40Z</ModuleTime>
      <ModuleName>System.Security.Cryptography.Algorithms</ModuleName>
      <Classes />
    </Module>
    <Module skippedDueTo="Filter" hash="66-55-F3-9A-C4-53-63-95-5F-60-D2-19-0F-7E-3B-2B-85-46-FB-8D">
      <ModulePath>C:\Program Files\dotnet\shared\Microsoft.NETCore.App\3.1.3\System.Diagnostics.TraceSource.dll</ModulePath>
      <ModuleTime>2020-02-28T13:06:08Z</ModuleTime>
      <ModuleName>System.Diagnostics.TraceSource</ModuleName>
      <Classes />
    </Module>
    <Module skippedDueTo="Filter" hash="FC-9A-A3-24-E8-48-FF-9E-1A-D8-C2-B3-54-1E-A8-DD-B2-E1-E3-96">
      <ModulePath>C:\Program Files\dotnet\shared\Microsoft.NETCore.App\3.1.3\System.Threading.ThreadPool.dll</ModulePath>
      <ModuleTime>2020-02-28T13:04:24Z</ModuleTime>
      <ModuleName>System.Threading.ThreadPool</ModuleName>
      <Classes />
    </Module>
    <Module skippedDueTo="Filter" hash="5E-EA-96-C3-0B-C7-BF-BA-AE-4A-27-D8-9A-9A-67-A2-72-BF-89-1F">
      <ModulePath>C:\Program Files\dotnet\shared\Microsoft.NETCore.App\3.1.3\System.Collections.NonGeneric.dll</ModulePath>
      <ModuleTime>2020-02-28T13:05:32Z</ModuleTime>
      <ModuleName>System.Collections.NonGeneric</ModuleName>
      <Classes />
    </Module>
    <Module skippedDueTo="MissingPdb" hash="5D-6D-F0-C2-3B-E4-3D-F4-31-9F-65-26-E3-6C-69-57-41-07-04-68">
      <ModulePath>C:\Program Files\dotnet\sdk\3.1.201\Microsoft.Extensions.FileSystemGlobbing.dll</ModulePath>
      <ModuleTime>2020-03-18T09:44:42Z</ModuleTime>
      <ModuleName>Microsoft.Extensions.FileSystemGlobbing</ModuleName>
      <Classes />
    </Module>
    <Module skippedDueTo="MissingPdb" hash="F6-E7-29-AB-39-E0-7C-13-70-CF-AC-B2-AB-D0-49-87-2A-34-C1-64">
      <ModulePath>C:\Program Files\dotnet\sdk\3.1.201\Microsoft.TestPlatform.CrossPlatEngine.dll</ModulePath>
      <ModuleTime>2020-03-18T09:45:22Z</ModuleTime>
      <ModuleName>Microsoft.TestPlatform.CrossPlatEngine</ModuleName>
      <Classes />
    </Module>
    <Module skippedDueTo="Filter" hash="3D-ED-2E-29-0D-BD-86-B5-75-96-FF-B0-C8-9D-AD-4E-5B-94-58-57">
      <ModulePath>C:\Program Files\dotnet\shared\Microsoft.NETCore.App\3.1.3\System.Runtime.Loader.dll</ModulePath>
      <ModuleTime>2020-02-28T13:04:36Z</ModuleTime>
      <ModuleName>System.Runtime.Loader</ModuleName>
      <Classes />
    </Module>
    <Module skippedDueTo="MissingPdb" hash="4A-53-F5-47-1F-79-0D-C2-A0-C2-4E-CF-CA-18-30-0C-4C-0B-1E-EB">
      <ModulePath>C:\Program Files\dotnet\sdk\3.1.201\Extensions\Microsoft.TestPlatform.Extensions.BlameDataCollector.dll</ModulePath>
      <ModuleTime>2020-03-18T09:44:32Z</ModuleTime>
      <ModuleName>Microsoft.TestPlatform.Extensions.BlameDataCollector</ModuleName>
      <Classes />
    </Module>
    <Module skippedDueTo="MissingPdb" hash="04-77-E0-D3-40-DA-95-B9-FC-B5-A1-54-7E-38-5B-86-0D-1B-18-A2">
      <ModulePath>C:\Program Files\dotnet\sdk\3.1.201\Extensions\Microsoft.TestPlatform.Extensions.EventLogCollector.dll</ModulePath>
      <ModuleTime>2020-02-04T12:55:20Z</ModuleTime>
      <ModuleName>Microsoft.TestPlatform.Extensions.EventLogCollector</ModuleName>
      <Classes />
    </Module>
    <Module skippedDueTo="Filter" hash="F2-84-10-73-D5-25-3C-C8-54-CA-05-A9-21-5F-EC-4F-D6-B7-11-E4">
      <ModulePath>C:\Program Files\dotnet\shared\Microsoft.NETCore.App\3.1.3\mscorlib.dll</ModulePath>
      <ModuleTime>2020-02-20T20:00:46Z</ModuleTime>
      <ModuleName>mscorlib</ModuleName>
      <Classes />
    </Module>
    <Module skippedDueTo="Filter" hash="73-E1-7F-C7-2D-C9-99-D8-D5-D4-21-69-B8-EB-65-4F-5D-EE-9F-B3">
      <ModulePath>C:\Program Files\dotnet\shared\Microsoft.NETCore.App\3.1.3\System.Xml.dll</ModulePath>
      <ModuleTime>2020-02-28T13:04:26Z</ModuleTime>
      <ModuleName>System.Xml</ModuleName>
      <Classes />
    </Module>
    <Module skippedDueTo="MissingPdb" hash="8F-10-3B-1F-DD-91-01-95-79-0E-F6-D0-4B-B1-E9-93-CF-9F-3A-18">
      <ModulePath>C:\Program Files\dotnet\sdk\3.1.201\Extensions\Microsoft.TestPlatform.TestHostRuntimeProvider.dll</ModulePath>
      <ModuleTime>2020-03-18T09:44:40Z</ModuleTime>
      <ModuleName>Microsoft.TestPlatform.TestHostRuntimeProvider</ModuleName>
      <Classes />
    </Module>
    <Module skippedDueTo="Filter" hash="23-F9-09-16-3B-71-58-F5-A7-35-CA-89-4D-75-0F-3D-D0-23-DC-EB">
      <ModulePath>C:\Program Files\dotnet\shared\Microsoft.NETCore.App\3.1.3\System.Threading.Tasks.dll</ModulePath>
      <ModuleTime>2020-02-28T13:05:28Z</ModuleTime>
      <ModuleName>System.Threading.Tasks</ModuleName>
      <Classes />
    </Module>
    <Module skippedDueTo="MissingPdb" hash="17-93-DD-90-A8-82-7B-57-C3-76-20-97-82-80-AF-83-9B-1C-6C-60">
      <ModulePath>C:\Program Files\dotnet\sdk\3.1.201\Extensions\Microsoft.VisualStudio.TestPlatform.Extensions.Html.TestLogger.dll</ModulePath>
      <ModuleTime>2020-03-18T09:44:36Z</ModuleTime>
      <ModuleName>Microsoft.VisualStudio.TestPlatform.Extensions.Html.TestLogger</ModuleName>
      <Classes />
    </Module>
    <Module skippedDueTo="MissingPdb" hash="FF-FA-57-35-2E-F1-77-97-83-A6-16-E9-B4-A3-70-07-E7-9C-31-25">
      <ModulePath>C:\Program Files\dotnet\sdk\3.1.201\Extensions\Microsoft.VisualStudio.TestPlatform.Extensions.Trx.TestLogger.dll</ModulePath>
      <ModuleTime>2020-03-18T09:44:36Z</ModuleTime>
      <ModuleName>Microsoft.VisualStudio.TestPlatform.Extensions.Trx.TestLogger</ModuleName>
      <Classes />
    </Module>
    <Module skippedDueTo="Filter" hash="F5-4A-B0-89-01-16-50-65-5F-DD-4C-B5-70-9E-39-1A-D1-B7-FE-38">
      <ModulePath>C:\Program Files\dotnet\shared\Microsoft.NETCore.App\3.1.3\System.Reflection.Metadata.dll</ModulePath>
      <ModuleTime>2020-02-28T13:04:32Z</ModuleTime>
      <ModuleName>System.Reflection.Metadata</ModuleName>
      <Classes />
    </Module>
    <Module skippedDueTo="Filter" hash="01-AB-1F-C1-0A-AD-1A-D5-69-41-9D-4B-4E-1C-6F-AC-59-05-9A-48">
      <ModulePath>C:\Program Files\dotnet\shared\Microsoft.NETCore.App\3.1.3\System.Collections.Immutable.dll</ModulePath>
      <ModuleTime>2020-02-28T13:05:24Z</ModuleTime>
      <ModuleName>System.Collections.Immutable</ModuleName>
      <Classes />
    </Module>
    <Module skippedDueTo="MissingPdb" hash="4E-A9-32-5A-D2-0F-84-D8-73-42-C7-0B-6A-3C-7B-C0-89-B7-20-01">
      <ModulePath>C:\Program Files\dotnet\shared\Microsoft.NETCore.App\3.1.3\Microsoft.Win32.Primitives.dll</ModulePath>
      <ModuleTime>2020-02-28T13:05:30Z</ModuleTime>
      <ModuleName>Microsoft.Win32.Primitives</ModuleName>
      <Classes />
    </Module>
    <Module skippedDueTo="Filter" hash="8F-A1-95-7C-65-A0-95-11-53-8D-DF-11-6D-3C-AD-5D-AE-2F-D3-73">
      <ModulePath>C:\Program Files\dotnet\shared\Microsoft.NETCore.App\3.1.3\System.Collections.Concurrent.dll</ModulePath>
      <ModuleTime>2020-02-28T13:05:24Z</ModuleTime>
      <ModuleName>System.Collections.Concurrent</ModuleName>
      <Classes />
    </Module>
    <Module skippedDueTo="MissingPdb" hash="9D-25-19-27-36-F6-C2-E1-00-4F-1C-5A-3B-B4-6F-F9-7F-69-AB-4E">
      <ModulePath>C:\Program Files\dotnet\sdk\3.1.201\Microsoft.TestPlatform.CommunicationUtilities.dll</ModulePath>
      <ModuleTime>2020-03-18T09:44:48Z</ModuleTime>
      <ModuleName>Microsoft.TestPlatform.CommunicationUtilities</ModuleName>
      <Classes />
    </Module>
    <Module skippedDueTo="MissingPdb" hash="3C-6B-ED-4B-FA-6C-10-19-4A-12-34-FC-E0-70-F3-70-7C-58-BD-82">
      <ModulePath>C:\Program Files\dotnet\sdk\3.1.201\Newtonsoft.Json.dll</ModulePath>
      <ModuleTime>2020-03-18T09:43:48Z</ModuleTime>
      <ModuleName>Newtonsoft.Json</ModuleName>
      <Classes />
    </Module>
    <Module skippedDueTo="Filter" hash="B6-58-2E-A2-A7-DF-F0-53-14-F6-45-D8-42-D5-5A-6B-69-F7-12-C9">
      <ModulePath>C:\Program Files\dotnet\shared\Microsoft.NETCore.App\3.1.3\System.Runtime.Serialization.Formatters.dll</ModulePath>
      <ModuleTime>2020-02-28T13:04:36Z</ModuleTime>
      <ModuleName>System.Runtime.Serialization.Formatters</ModuleName>
      <Classes />
    </Module>
    <Module skippedDueTo="Filter" hash="25-17-3D-BA-13-03-55-32-76-CF-3D-AE-B3-52-14-5F-95-F5-3E-85">
      <ModulePath>C:\Program Files\dotnet\shared\Microsoft.NETCore.App\3.1.3\System.Threading.Timer.dll</ModulePath>
      <ModuleTime>2020-02-28T13:04:24Z</ModuleTime>
      <ModuleName>System.Threading.Timer</ModuleName>
      <Classes />
    </Module>
    <Module skippedDueTo="Filter" hash="2A-48-85-A6-03-C4-07-FD-29-10-28-5A-25-BF-0C-FA-03-A7-98-B2">
      <ModulePath>C:\Program Files\dotnet\shared\Microsoft.NETCore.App\3.1.3\System.Net.Primitives.dll</ModulePath>
      <ModuleTime>2020-02-28T13:04:24Z</ModuleTime>
      <ModuleName>System.Net.Primitives</ModuleName>
      <Classes />
    </Module>
    <Module skippedDueTo="Filter" hash="EE-DF-4B-C9-A1-40-03-5F-56-1A-DB-D7-E8-A0-BC-A6-12-34-84-1E">
      <ModulePath>C:\Program Files\dotnet\shared\Microsoft.NETCore.App\3.1.3\System.Net.Sockets.dll</ModulePath>
      <ModuleTime>2020-02-28T13:05:08Z</ModuleTime>
      <ModuleName>System.Net.Sockets</ModuleName>
      <Classes />
    </Module>
    <Module skippedDueTo="Filter" hash="87-6E-54-67-71-53-FA-C9-68-88-0D-C1-82-45-BE-68-5A-25-55-32">
      <ModulePath>C:\Program Files\dotnet\shared\Microsoft.NETCore.App\3.1.3\System.Threading.Overlapped.dll</ModulePath>
      <ModuleTime>2020-02-28T13:04:44Z</ModuleTime>
      <ModuleName>System.Threading.Overlapped</ModuleName>
      <Classes />
    </Module>
    <Module skippedDueTo="Filter" hash="E6-CE-DF-D3-05-01-F5-61-41-53-0C-FF-2C-87-01-04-6E-EB-B1-C7">
      <ModulePath>C:\Program Files\dotnet\shared\Microsoft.NETCore.App\3.1.3\System.Net.NameResolution.dll</ModulePath>
      <ModuleTime>2020-02-28T13:06:40Z</ModuleTime>
      <ModuleName>System.Net.NameResolution</ModuleName>
      <Classes />
    </Module>
    <Module skippedDueTo="MissingPdb" hash="0C-3A-E6-E1-38-B5-90-C7-A4-B2-35-FE-13-D9-F0-F4-22-8C-DD-7F">
      <ModulePath>C:\Program Files\dotnet\sdk\3.1.201\Microsoft.Extensions.DependencyModel.dll</ModulePath>
      <ModuleTime>2020-03-18T09:44:44Z</ModuleTime>
      <ModuleName>Microsoft.Extensions.DependencyModel</ModuleName>
      <Classes />
    </Module>
    <Module skippedDueTo="Filter" hash="6F-CC-2C-76-AC-42-0E-1D-29-DC-BE-AB-E0-6D-A4-C2-9D-0C-27-23">
      <ModulePath>C:\Program Files\dotnet\shared\Microsoft.NETCore.App\3.1.3\System.Linq.Expressions.dll</ModulePath>
      <ModuleTime>2020-02-28T13:06:18Z</ModuleTime>
      <ModuleName>System.Linq.Expressions</ModuleName>
      <Classes />
    </Module>
    <Module skippedDueTo="Filter" hash="6D-0F-A0-D8-6E-D9-3D-12-46-84-DE-CC-44-CE-CF-2B-96-27-29-EA">
      <ModulePath>C:\Program Files\dotnet\shared\Microsoft.NETCore.App\3.1.3\System.ComponentModel.TypeConverter.dll</ModulePath>
      <ModuleTime>2020-02-28T13:05:32Z</ModuleTime>
      <ModuleName>System.ComponentModel.TypeConverter</ModuleName>
      <Classes />
    </Module>
    <Module skippedDueTo="Filter" hash="22-BD-0E-BF-F3-50-23-F4-33-69-45-CA-85-5A-41-AA-FF-98-13-6A">
      <ModulePath>C:\Program Files\dotnet\shared\Microsoft.NETCore.App\3.1.3\System.ObjectModel.dll</ModulePath>
      <ModuleTime>2020-02-28T13:04:24Z</ModuleTime>
      <ModuleName>System.ObjectModel</ModuleName>
      <Classes />
    </Module>
    <Module skippedDueTo="Filter" hash="B8-EE-9E-7D-BB-C0-BA-51-7E-90-FD-C9-D6-FD-CC-4E-A0-46-68-9C">
      <ModulePath>C:\Program Files\dotnet\shared\Microsoft.NETCore.App\3.1.3\System.Text.Json.dll</ModulePath>
      <ModuleTime>2020-02-28T13:05:30Z</ModuleTime>
      <ModuleName>System.Text.Json</ModuleName>
      <Classes />
    </Module>
    <Module skippedDueTo="Filter" hash="CE-43-2B-40-C0-FF-2C-68-D3-CF-AF-49-07-37-DC-D7-AA-AB-17-F3">
      <ModulePath>C:\Program Files\dotnet\shared\Microsoft.NETCore.App\3.1.3\System.Buffers.dll</ModulePath>
      <ModuleTime>2020-02-28T13:05:26Z</ModuleTime>
      <ModuleName>System.Buffers</ModuleName>
      <Classes />
    </Module>
    <Module skippedDueTo="Filter" hash="CE-06-D3-2E-A9-D1-DF-9B-77-17-06-81-56-37-0F-29-3C-26-3C-CF">
      <ModulePath>C:\Program Files\dotnet\shared\Microsoft.NETCore.App\3.1.3\System.Numerics.Vectors.dll</ModulePath>
      <ModuleTime>2020-02-28T13:04:28Z</ModuleTime>
      <ModuleName>System.Numerics.Vectors</ModuleName>
      <Classes />
    </Module>
    <Module skippedDueTo="Filter" hash="F0-C5-75-3F-22-17-B9-2C-E6-C3-3C-A7-4D-EE-AF-C8-FF-35-92-AC">
      <ModulePath>C:\Program Files\dotnet\shared\Microsoft.NETCore.App\3.1.3\System.Runtime.CompilerServices.Unsafe.dll</ModulePath>
      <ModuleTime>2020-02-28T13:04:34Z</ModuleTime>
      <ModuleName>System.Runtime.CompilerServices.Unsafe</ModuleName>
      <Classes />
    </Module>
    <Module skippedDueTo="Filter" hash="6E-50-A1-2A-7E-70-B6-5C-B5-48-65-1E-90-FC-92-89-65-1A-F5-6F">
      <ModulePath>C:\Program Files\dotnet\shared\Microsoft.NETCore.App\3.1.3\System.Runtime.Numerics.dll</ModulePath>
      <ModuleTime>2020-02-28T13:04:36Z</ModuleTime>
      <ModuleName>System.Runtime.Numerics</ModuleName>
      <Classes />
    </Module>
    <Module skippedDueTo="Filter" hash="19-DB-E7-26-74-3E-B8-3C-B9-3E-89-49-9F-20-99-D9-CF-23-FD-17">
      <ModulePath>C:\Program Files\dotnet\shared\Microsoft.NETCore.App\3.1.3\System.Private.CoreLib.dll</ModulePath>
      <ModuleTime>2020-02-18T14:16:14Z</ModuleTime>
      <ModuleName>System.Private.CoreLib</ModuleName>
      <Classes />
    </Module>
    <Module skippedDueTo="MissingPdb" hash="84-19-AD-81-8F-07-C4-DA-0C-76-0C-0D-B2-E6-1B-C2-C9-72-6B-2C">
      <ModulePath>C:\Users\Kristol\.nuget\packages\microsoft.testplatform.testhost\16.5.0\build\netcoreapp2.1\x64\testhost.dll</ModulePath>
      <ModuleTime>2020-02-04T12:55:24Z</ModuleTime>
      <ModuleName>testhost</ModuleName>
      <Classes />
    </Module>
    <Module skippedDueTo="Filter" hash="45-AE-FF-2D-9F-D9-14-AE-5E-58-BC-AD-59-3F-6B-E0-C7-F9-45-CA">
      <ModulePath>C:\Program Files\dotnet\shared\Microsoft.NETCore.App\3.1.3\System.Runtime.dll</ModulePath>
      <ModuleTime>2020-02-28T13:04:40Z</ModuleTime>
      <ModuleName>System.Runtime</ModuleName>
      <Classes />
    </Module>
    <Module skippedDueTo="MissingPdb" hash="72-CD-4C-29-1F-8A-A2-EE-EE-49-B7-39-D7-D2-59-25-D4-15-8A-47">
      <ModulePath>C:\Users\Kristol\Desktop\CsharpTest\EmployeeHealthInfoRecord.Tests\bin\Debug\netcoreapp3.1\Microsoft.TestPlatform.CoreUtilities.dll</ModulePath>
      <ModuleTime>2020-02-04T12:55:22Z</ModuleTime>
      <ModuleName>Microsoft.TestPlatform.CoreUtilities</ModuleName>
      <Classes />
    </Module>
    <Module skippedDueTo="MissingPdb" hash="08-0A-47-0B-10-27-7A-98-D6-A5-5B-EC-1C-35-91-93-AB-C0-35-65">
      <ModulePath>C:\Program Files\dotnet\shared\Microsoft.NETCore.App\3.1.3\netstandard.dll</ModulePath>
      <ModuleTime>2020-02-28T13:05:24Z</ModuleTime>
      <ModuleName>netstandard</ModuleName>
      <Classes />
    </Module>
    <Module skippedDueTo="Filter" hash="D3-FC-01-5E-22-55-B9-FD-FB-0D-0E-A5-B8-58-05-D8-DC-D2-F5-24">
      <ModulePath>C:\Program Files\dotnet\shared\Microsoft.NETCore.App\3.1.3\System.Diagnostics.Tracing.dll</ModulePath>
      <ModuleTime>2020-02-28T13:05:36Z</ModuleTime>
      <ModuleName>System.Diagnostics.Tracing</ModuleName>
      <Classes />
    </Module>
    <Module skippedDueTo="MissingPdb" hash="03-17-2D-A2-47-E8-DA-D5-28-CB-74-74-E2-56-70-6A-C0-5A-AB-58">
      <ModulePath>C:\Users\Kristol\Desktop\CsharpTest\EmployeeHealthInfoRecord.Tests\bin\Debug\netcoreapp3.1\Microsoft.TestPlatform.PlatformAbstractions.dll</ModulePath>
      <ModuleTime>2020-02-04T12:55:22Z</ModuleTime>
      <ModuleName>Microsoft.TestPlatform.PlatformAbstractions</ModuleName>
      <Classes />
    </Module>
    <Module skippedDueTo="Filter" hash="B8-01-4B-08-49-01-14-1F-52-C1-06-1B-E1-C4-DA-8C-8C-15-88-14">
      <ModulePath>C:\Program Files\dotnet\shared\Microsoft.NETCore.App\3.1.3\System.Runtime.Extensions.dll</ModulePath>
      <ModuleTime>2020-02-28T13:04:36Z</ModuleTime>
      <ModuleName>System.Runtime.Extensions</ModuleName>
      <Classes />
    </Module>
    <Module skippedDueTo="Filter" hash="32-77-95-87-72-D8-6D-43-AA-DA-36-9B-86-D6-99-7F-41-0E-CF-A5">
      <ModulePath>C:\Program Files\dotnet\shared\Microsoft.NETCore.App\3.1.3\System.Diagnostics.Debug.dll</ModulePath>
      <ModuleTime>2020-02-28T13:06:08Z</ModuleTime>
      <ModuleName>System.Diagnostics.Debug</ModuleName>
      <Classes />
    </Module>
    <Module skippedDueTo="Filter" hash="8B-E9-5A-2E-CC-DB-5C-E1-03-05-BA-E1-31-A9-9D-6F-18-10-50-AA">
      <ModulePath>C:\Program Files\dotnet\shared\Microsoft.NETCore.App\3.1.3\System.Collections.dll</ModulePath>
      <ModuleTime>2020-02-28T13:05:28Z</ModuleTime>
      <ModuleName>System.Collections</ModuleName>
      <Classes />
    </Module>
    <Module skippedDueTo="MissingPdb" hash="C3-FB-C2-9E-95-BB-9F-EC-54-E9-D6-2E-96-6F-43-6E-95-D3-F0-A1">
      <ModulePath>C:\Users\Kristol\Desktop\CsharpTest\EmployeeHealthInfoRecord.Tests\bin\Debug\netcoreapp3.1\Microsoft.TestPlatform.CrossPlatEngine.dll</ModulePath>
      <ModuleTime>2020-02-04T12:55:24Z</ModuleTime>
      <ModuleName>Microsoft.TestPlatform.CrossPlatEngine</ModuleName>
      <Classes />
    </Module>
    <Module skippedDueTo="MissingPdb" hash="7E-1F-2A-CD-BD-DB-46-49-18-E0-16-C3-50-2A-47-26-74-E0-FA-63">
      <ModulePath>C:\Users\Kristol\Desktop\CsharpTest\EmployeeHealthInfoRecord.Tests\bin\Debug\netcoreapp3.1\Microsoft.TestPlatform.CommunicationUtilities.dll</ModulePath>
      <ModuleTime>2020-02-04T12:55:24Z</ModuleTime>
      <ModuleName>Microsoft.TestPlatform.CommunicationUtilities</ModuleName>
      <Classes />
    </Module>
    <Module skippedDueTo="MissingPdb" hash="40-25-A6-0F-A5-B4-71-8F-77-23-6F-C1-FC-B2-A9-94-DA-7B-5F-2E">
      <ModulePath>C:\Users\Kristol\Desktop\CsharpTest\EmployeeHealthInfoRecord.Tests\bin\Debug\netcoreapp3.1\Microsoft.VisualStudio.TestPlatform.ObjectModel.dll</ModulePath>
      <ModuleTime>2020-02-04T12:55:22Z</ModuleTime>
      <ModuleName>Microsoft.VisualStudio.TestPlatform.ObjectModel</ModuleName>
      <Classes />
    </Module>
    <Module skippedDueTo="MissingPdb" hash="C9-48-8A-EF-A0-7E-17-43-0F-BC-D2-F3-4D-26-76-B6-7D-DE-DF-67">
      <ModulePath>C:\Users\Kristol\Desktop\CsharpTest\EmployeeHealthInfoRecord.Tests\bin\Debug\netcoreapp3.1\Microsoft.VisualStudio.TestPlatform.Common.dll</ModulePath>
      <ModuleTime>2020-02-04T12:55:24Z</ModuleTime>
      <ModuleName>Microsoft.VisualStudio.TestPlatform.Common</ModuleName>
      <Classes />
    </Module>
    <Module skippedDueTo="MissingPdb" hash="53-D0-A3-B9-10-36-09-21-32-F4-D0-88-75-00-B5-DC-77-89-1D-78">
      <ModulePath>C:\Users\Kristol\Desktop\CsharpTest\EmployeeHealthInfoRecord.Tests\bin\Debug\netcoreapp3.1\Newtonsoft.Json.dll</ModulePath>
      <ModuleTime>2016-06-13T15:06:14Z</ModuleTime>
      <ModuleName>Newtonsoft.Json</ModuleName>
      <Classes />
    </Module>
    <Module skippedDueTo="Filter" hash="96-C7-5C-FC-1E-89-3E-67-F0-53-6B-39-C4-C0-61-BC-52-35-9C-A0">
      <ModulePath>C:\Program Files\dotnet\shared\Microsoft.NETCore.App\3.1.3\System.Runtime.Serialization.Primitives.dll</ModulePath>
      <ModuleTime>2020-02-28T13:04:36Z</ModuleTime>
      <ModuleName>System.Runtime.Serialization.Primitives</ModuleName>
      <Classes />
    </Module>
    <Module skippedDueTo="Filter" hash="A6-8F-70-B6-4E-19-5D-AD-A4-E6-F3-7F-0E-80-A2-3F-81-B0-99-64">
      <ModulePath>C:\Program Files\dotnet\shared\Microsoft.NETCore.App\3.1.3\System.Globalization.dll</ModulePath>
      <ModuleTime>2020-02-28T13:06:08Z</ModuleTime>
      <ModuleName>System.Globalization</ModuleName>
      <Classes />
    </Module>
    <Module skippedDueTo="Filter" hash="9C-68-F9-D9-5D-09-7B-AC-36-D7-6D-25-3D-17-F3-72-E5-1A-87-F0">
      <ModulePath>C:\Program Files\dotnet\shared\Microsoft.NETCore.App\3.1.3\System.Threading.dll</ModulePath>
      <ModuleTime>2020-02-28T13:05:06Z</ModuleTime>
      <ModuleName>System.Threading</ModuleName>
      <Classes />
    </Module>
    <Module skippedDueTo="Filter" hash="66-55-F3-9A-C4-53-63-95-5F-60-D2-19-0F-7E-3B-2B-85-46-FB-8D">
      <ModulePath>C:\Program Files\dotnet\shared\Microsoft.NETCore.App\3.1.3\System.Diagnostics.TraceSource.dll</ModulePath>
      <ModuleTime>2020-02-28T13:06:08Z</ModuleTime>
      <ModuleName>System.Diagnostics.TraceSource</ModuleName>
      <Classes />
    </Module>
    <Module skippedDueTo="Filter" hash="4D-33-53-11-50-36-83-92-2B-29-8C-5A-FA-19-EF-5A-D4-AA-32-80">
      <ModulePath>C:\Program Files\dotnet\shared\Microsoft.NETCore.App\3.1.3\System.Diagnostics.Process.dll</ModulePath>
      <ModuleTime>2020-02-28T13:05:38Z</ModuleTime>
      <ModuleName>System.Diagnostics.Process</ModuleName>
      <Classes />
    </Module>
    <Module skippedDueTo="Filter" hash="E5-F8-08-77-40-69-F3-B4-39-9E-F4-4F-30-35-FF-75-AD-66-E9-C9">
      <ModulePath>C:\Program Files\dotnet\shared\Microsoft.NETCore.App\3.1.3\System.ComponentModel.Primitives.dll</ModulePath>
      <ModuleTime>2020-02-28T13:05:34Z</ModuleTime>
      <ModuleName>System.ComponentModel.Primitives</ModuleName>
      <Classes />
    </Module>
    <Module skippedDueTo="Filter" hash="AF-4F-3B-E9-D2-80-A0-2E-91-5B-AF-17-34-A9-F1-A6-32-C4-EC-4E">
      <ModulePath>C:\Program Files\dotnet\shared\Microsoft.NETCore.App\3.1.3\System.Memory.dll</ModulePath>
      <ModuleTime>2020-02-28T13:06:08Z</ModuleTime>
      <ModuleName>System.Memory</ModuleName>
      <Classes />
    </Module>
    <Module skippedDueTo="Filter" hash="FC-9A-A3-24-E8-48-FF-9E-1A-D8-C2-B3-54-1E-A8-DD-B2-E1-E3-96">
      <ModulePath>C:\Program Files\dotnet\shared\Microsoft.NETCore.App\3.1.3\System.Threading.ThreadPool.dll</ModulePath>
      <ModuleTime>2020-02-28T13:04:24Z</ModuleTime>
      <ModuleName>System.Threading.ThreadPool</ModuleName>
      <Classes />
    </Module>
    <Module skippedDueTo="Filter" hash="B9-08-B2-09-3C-61-2C-3E-62-03-05-65-93-6A-84-E5-2C-0D-A7-F4">
      <ModulePath>C:\Program Files\dotnet\shared\Microsoft.NETCore.App\3.1.3\System.Runtime.InteropServices.dll</ModulePath>
      <ModuleTime>2020-02-28T13:04:34Z</ModuleTime>
      <ModuleName>System.Runtime.InteropServices</ModuleName>
      <Classes />
    </Module>
    <Module skippedDueTo="MissingPdb" hash="4E-A9-32-5A-D2-0F-84-D8-73-42-C7-0B-6A-3C-7B-C0-89-B7-20-01">
      <ModulePath>C:\Program Files\dotnet\shared\Microsoft.NETCore.App\3.1.3\Microsoft.Win32.Primitives.dll</ModulePath>
      <ModuleTime>2020-02-28T13:05:30Z</ModuleTime>
      <ModuleName>Microsoft.Win32.Primitives</ModuleName>
      <Classes />
    </Module>
    <Module skippedDueTo="Filter" hash="2A-48-85-A6-03-C4-07-FD-29-10-28-5A-25-BF-0C-FA-03-A7-98-B2">
      <ModulePath>C:\Program Files\dotnet\shared\Microsoft.NETCore.App\3.1.3\System.Net.Primitives.dll</ModulePath>
      <ModuleTime>2020-02-28T13:04:24Z</ModuleTime>
      <ModuleName>System.Net.Primitives</ModuleName>
      <Classes />
    </Module>
    <Module skippedDueTo="Filter" hash="23-F9-09-16-3B-71-58-F5-A7-35-CA-89-4D-75-0F-3D-D0-23-DC-EB">
      <ModulePath>C:\Program Files\dotnet\shared\Microsoft.NETCore.App\3.1.3\System.Threading.Tasks.dll</ModulePath>
      <ModuleTime>2020-02-28T13:05:28Z</ModuleTime>
      <ModuleName>System.Threading.Tasks</ModuleName>
      <Classes />
    </Module>
    <Module skippedDueTo="Filter" hash="EE-DF-4B-C9-A1-40-03-5F-56-1A-DB-D7-E8-A0-BC-A6-12-34-84-1E">
      <ModulePath>C:\Program Files\dotnet\shared\Microsoft.NETCore.App\3.1.3\System.Net.Sockets.dll</ModulePath>
      <ModuleTime>2020-02-28T13:05:08Z</ModuleTime>
      <ModuleName>System.Net.Sockets</ModuleName>
      <Classes />
    </Module>
    <Module skippedDueTo="Filter" hash="87-6E-54-67-71-53-FA-C9-68-88-0D-C1-82-45-BE-68-5A-25-55-32">
      <ModulePath>C:\Program Files\dotnet\shared\Microsoft.NETCore.App\3.1.3\System.Threading.Overlapped.dll</ModulePath>
      <ModuleTime>2020-02-28T13:04:44Z</ModuleTime>
      <ModuleName>System.Threading.Overlapped</ModuleName>
      <Classes />
    </Module>
    <Module skippedDueTo="Filter" hash="E6-CE-DF-D3-05-01-F5-61-41-53-0C-FF-2C-87-01-04-6E-EB-B1-C7">
      <ModulePath>C:\Program Files\dotnet\shared\Microsoft.NETCore.App\3.1.3\System.Net.NameResolution.dll</ModulePath>
      <ModuleTime>2020-02-28T13:06:40Z</ModuleTime>
[...]
      <ModulePath>C:\Program Files\dotnet\shared\Microsoft.NETCore.App\3.1.3\System.Runtime.Intrinsics.dll</ModulePath>
      <ModuleTime>2020-02-28T13:04:38Z</ModuleTime>
      <ModuleName>System.Runtime.Intrinsics</ModuleName>
      <Classes />
    </Module>
    <Module skippedDueTo="Filter" hash="B9-95-A2-BC-78-01-98-B4-97-56-D9-B4-58-4E-78-C7-41-8F-75-5B">
      <ModulePath>C:\Program Files\dotnet\shared\Microsoft.NETCore.App\3.1.3\System.Runtime.Serialization.Json.dll</ModulePath>
      <ModuleTime>2020-02-28T13:04:38Z</ModuleTime>
      <ModuleName>System.Runtime.Serialization.Json</ModuleName>
      <Classes />
    </Module>
    <Module skippedDueTo="Filter" hash="E6-3B-1C-4D-DE-4E-C1-E9-4D-D8-1A-52-C2-BC-2B-C9-A5-80-2D-8C">
      <ModulePath>C:\Program Files\dotnet\shared\Microsoft.NETCore.App\3.1.3\System.Runtime.Serialization.Xml.dll</ModulePath>
      <ModuleTime>2020-02-28T13:04:38Z</ModuleTime>
      <ModuleName>System.Runtime.Serialization.Xml</ModuleName>
      <Classes />
    </Module>
    <Module skippedDueTo="Filter" hash="A8-61-30-5C-47-60-CA-9B-8E-FB-E8-97-81-3A-CF-2B-9B-61-9A-0A">
      <ModulePath>C:\Program Files\dotnet\shared\Microsoft.NETCore.App\3.1.3\System.Runtime.Serialization.dll</ModulePath>
      <ModuleTime>2020-02-28T13:04:36Z</ModuleTime>
      <ModuleName>System.Runtime.Serialization</ModuleName>
      <Classes />
    </Module>
    <Module skippedDueTo="Filter" hash="69-32-C5-C5-89-51-71-43-A0-7E-1F-CC-83-8F-9B-32-BC-D1-78-6E">
      <ModulePath>C:\Program Files\dotnet\shared\Microsoft.NETCore.App\3.1.3\System.Runtime.WindowsRuntime.UI.Xaml.dll</ModulePath>
      <ModuleTime>2020-02-28T13:05:06Z</ModuleTime>
      <ModuleName>System.Runtime.WindowsRuntime.UI.Xaml</ModuleName>
      <Classes />
    </Module>
    <Module skippedDueTo="Filter" hash="5F-39-0C-8C-27-C2-9D-08-03-3E-25-EE-6F-47-9E-52-B0-16-1F-AF">
      <ModulePath>C:\Program Files\dotnet\shared\Microsoft.NETCore.App\3.1.3\System.Runtime.WindowsRuntime.dll</ModulePath>
      <ModuleTime>2020-02-28T13:04:38Z</ModuleTime>
      <ModuleName>System.Runtime.WindowsRuntime</ModuleName>
      <Classes />
    </Module>
    <Module skippedDueTo="MissingPdb" hash="86-BA-39-88-B6-F5-FE-98-16-E2-6C-C0-69-70-4B-35-22-C1-60-C2">
      <ModulePath>C:\Windows\system32\WinMetadata\Windows.Foundation.winmd</ModulePath>
      <ModuleTime>2019-10-09T06:12:00.0377273Z</ModuleTime>
      <ModuleName>Windows.Foundation</ModuleName>
      <Classes />
    </Module>
    <Module skippedDueTo="MissingPdb" hash="EF-DA-13-43-19-12-4C-91-7E-EF-0B-82-42-2A-54-D2-A6-C1-ED-15">
      <ModulePath>C:\Windows\system32\WinMetadata\Windows.Storage.winmd</ModulePath>
      <ModuleTime>2019-10-09T06:12:00.1314724Z</ModuleTime>
      <ModuleName>Windows.Storage</ModuleName>
      <Classes />
    </Module>
    <Module skippedDueTo="Filter" hash="03-C3-25-61-A9-3B-57-DB-78-E8-F7-85-5D-BE-8C-07-5D-B0-8C-AA">
      <ModulePath>C:\Program Files\dotnet\shared\Microsoft.NETCore.App\3.1.3\System.Security.Cryptography.Encoding.dll</ModulePath>
      <ModuleTime>2020-02-28T13:04:40Z</ModuleTime>
      <ModuleName>System.Security.Cryptography.Encoding</ModuleName>
      <Classes />
    </Module>
    <Module skippedDueTo="Filter" hash="55-8E-C2-A5-09-4D-3F-8C-11-59-AB-41-D5-05-B5-7B-8D-3A-AA-6E">
      <ModulePath>C:\Program Files\dotnet\shared\Microsoft.NETCore.App\3.1.3\System.Security.Cryptography.Primitives.dll</ModulePath>
      <ModuleTime>2020-02-28T13:04:42Z</ModuleTime>
      <ModuleName>System.Security.Cryptography.Primitives</ModuleName>
      <Classes />
    </Module>
    <Module skippedDueTo="Filter" hash="08-DF-42-EC-08-2E-B9-57-58-18-C7-5E-0E-73-39-4D-82-A1-F5-0D">
      <ModulePath>C:\Program Files\dotnet\shared\Microsoft.NETCore.App\3.1.3\System.Security.Cryptography.Cng.dll</ModulePath>
      <ModuleTime>2020-02-28T13:04:42Z</ModuleTime>
      <ModuleName>System.Security.Cryptography.Cng</ModuleName>
      <Classes />
    </Module>
    <Module skippedDueTo="Filter" hash="F5-61-C1-A3-C8-88-95-44-E6-C0-D2-6E-4C-CD-01-C9-79-43-3F-0E">
      <ModulePath>C:\Program Files\dotnet\shared\Microsoft.NETCore.App\3.1.3\System.Security.Cryptography.Csp.dll</ModulePath>
      <ModuleTime>2020-02-28T13:04:42Z</ModuleTime>
      <ModuleName>System.Security.Cryptography.Csp</ModuleName>
      <Classes />
    </Module>
    <Module skippedDueTo="Filter" hash="72-21-03-64-05-7D-3B-24-E5-77-5C-15-4F-9A-BE-3E-6B-C0-2B-75">
      <ModulePath>C:\Program Files\dotnet\shared\Microsoft.NETCore.App\3.1.3\System.Security.Cryptography.OpenSsl.dll</ModulePath>
      <ModuleTime>2020-02-28T13:04:42Z</ModuleTime>
      <ModuleName>System.Security.Cryptography.OpenSsl</ModuleName>
      <Classes />
    </Module>
    <Module skippedDueTo="Filter" hash="93-77-08-A5-96-64-43-2C-39-7C-EE-2F-10-5E-94-48-3E-C4-65-43">
      <ModulePath>C:\Program Files\dotnet\shared\Microsoft.NETCore.App\3.1.3\System.Security.SecureString.dll</ModulePath>
      <ModuleTime>2020-02-28T13:04:46Z</ModuleTime>
      <ModuleName>System.Security.SecureString</ModuleName>
      <Classes />
    </Module>
    <Module skippedDueTo="Filter" hash="ED-E8-BF-95-3A-33-86-B9-C2-A0-18-67-70-5A-24-99-B5-D7-C3-31">
      <ModulePath>C:\Program Files\dotnet\shared\Microsoft.NETCore.App\3.1.3\System.Security.dll</ModulePath>
      <ModuleTime>2020-02-28T13:04:42Z</ModuleTime>
      <ModuleName>System.Security</ModuleName>
      <Classes />
    </Module>
    <Module skippedDueTo="Filter" hash="01-75-BA-3E-B5-F3-C0-18-28-17-B9-55-B8-D2-40-E5-CE-99-05-48">
      <ModulePath>C:\Program Files\dotnet\shared\Microsoft.NETCore.App\3.1.3\System.ServiceModel.Web.dll</ModulePath>
      <ModuleTime>2020-02-28T13:04:44Z</ModuleTime>
      <ModuleName>System.ServiceModel.Web</ModuleName>
      <Classes />
    </Module>
    <Module skippedDueTo="Filter" hash="31-69-47-21-5B-1F-02-30-0C-A0-37-A3-B0-C5-2F-CE-8E-E7-9E-07">
      <ModulePath>C:\Program Files\dotnet\shared\Microsoft.NETCore.App\3.1.3\System.ServiceProcess.dll</ModulePath>
      <ModuleTime>2020-02-28T13:04:44Z</ModuleTime>
      <ModuleName>System.ServiceProcess</ModuleName>
      <Classes />
    </Module>
    <Module skippedDueTo="Filter" hash="BF-BC-9F-90-71-42-03-E3-AC-AA-D2-39-9E-84-5C-00-62-70-39-BA">
      <ModulePath>C:\Program Files\dotnet\shared\Microsoft.NETCore.App\3.1.3\System.Text.Encoding.CodePages.dll</ModulePath>
      <ModuleTime>2020-02-28T13:04:46Z</ModuleTime>
      <ModuleName>System.Text.Encoding.CodePages</ModuleName>
      <Classes />
    </Module>
    <Module skippedDueTo="Filter" hash="D2-97-9B-7F-C8-82-BB-22-06-5A-7C-6F-4E-A0-D2-94-43-0A-3D-C2">
      <ModulePath>C:\Program Files\dotnet\shared\Microsoft.NETCore.App\3.1.3\System.Text.Encodings.Web.dll</ModulePath>
      <ModuleTime>2020-02-28T13:04:42Z</ModuleTime>
      <ModuleName>System.Text.Encodings.Web</ModuleName>
      <Classes />
    </Module>
    <Module skippedDueTo="Filter" hash="B8-EE-9E-7D-BB-C0-BA-51-7E-90-FD-C9-D6-FD-CC-4E-A0-46-68-9C">
      <ModulePath>C:\Program Files\dotnet\shared\Microsoft.NETCore.App\3.1.3\System.Text.Json.dll</ModulePath>
      <ModuleTime>2020-02-28T13:05:30Z</ModuleTime>
      <ModuleName>System.Text.Json</ModuleName>
      <Classes />
    </Module>
    <Module skippedDueTo="Filter" hash="2E-22-3F-91-E0-99-14-95-3F-44-88-FF-2F-73-A9-5F-AE-DC-22-BD">
      <ModulePath>C:\Program Files\dotnet\shared\Microsoft.NETCore.App\3.1.3\System.Threading.Channels.dll</ModulePath>
      <ModuleTime>2020-02-28T13:05:06Z</ModuleTime>
      <ModuleName>System.Threading.Channels</ModuleName>
      <Classes />
    </Module>
    <Module skippedDueTo="Filter" hash="BD-4A-A7-E3-52-A8-34-61-7F-29-11-AF-BF-90-FC-16-AD-AB-40-0B">
      <ModulePath>C:\Program Files\dotnet\shared\Microsoft.NETCore.App\3.1.3\System.Threading.Tasks.Dataflow.dll</ModulePath>
      <ModuleTime>2020-02-28T13:04:46Z</ModuleTime>
      <ModuleName>System.Threading.Tasks.Dataflow</ModuleName>
      <Classes />
    </Module>
    <Module skippedDueTo="Filter" hash="B0-8B-0C-7B-3C-4C-63-EF-3E-9B-97-79-1D-56-1F-1E-06-B2-17-E4">
      <ModulePath>C:\Program Files\dotnet\shared\Microsoft.NETCore.App\3.1.3\System.Threading.Tasks.Extensions.dll</ModulePath>
      <ModuleTime>2020-02-28T13:04:44Z</ModuleTime>
      <ModuleName>System.Threading.Tasks.Extensions</ModuleName>
      <Classes />
    </Module>
    <Module skippedDueTo="Filter" hash="04-D0-77-B5-F7-72-0B-E6-E8-AA-8F-4B-A0-A0-C9-C0-4C-69-37-D9">
      <ModulePath>C:\Program Files\dotnet\shared\Microsoft.NETCore.App\3.1.3\System.Threading.Tasks.Parallel.dll</ModulePath>
      <ModuleTime>2020-02-28T13:05:28Z</ModuleTime>
      <ModuleName>System.Threading.Tasks.Parallel</ModuleName>
      <Classes />
    </Module>
    <Module skippedDueTo="Filter" hash="40-B0-C5-5E-81-20-A8-65-62-62-FF-77-C7-1E-EF-DE-2B-C6-50-65">
      <ModulePath>C:\Program Files\dotnet\shared\Microsoft.NETCore.App\3.1.3\System.Transactions.Local.dll</ModulePath>
      <ModuleTime>2020-02-28T13:04:26Z</ModuleTime>
      <ModuleName>System.Transactions.Local</ModuleName>
      <Classes />
    </Module>
    <Module skippedDueTo="Filter" hash="9A-2C-AA-8D-8C-A7-92-B8-BB-65-44-31-B7-BD-13-89-86-F8-CB-DD">
      <ModulePath>C:\Program Files\dotnet\shared\Microsoft.NETCore.App\3.1.3\System.Transactions.dll</ModulePath>
      <ModuleTime>2020-02-28T13:04:32Z</ModuleTime>
      <ModuleName>System.Transactions</ModuleName>
      <Classes />
    </Module>
    <Module skippedDueTo="Filter" hash="62-B3-8F-26-8A-84-AF-F0-07-9A-46-D4-D8-92-BC-A8-47-F1-E9-F6">
      <ModulePath>C:\Program Files\dotnet\shared\Microsoft.NETCore.App\3.1.3\System.ValueTuple.dll</ModulePath>
      <ModuleTime>2020-02-28T13:04:26Z</ModuleTime>
      <ModuleName>System.ValueTuple</ModuleName>
      <Classes />
    </Module>
    <Module skippedDueTo="Filter" hash="02-9F-82-DF-5D-E8-CD-B9-7C-40-FB-A6-56-91-B1-DB-DF-04-2A-9B">
      <ModulePath>C:\Program Files\dotnet\shared\Microsoft.NETCore.App\3.1.3\System.Web.HttpUtility.dll</ModulePath>
      <ModuleTime>2020-02-28T13:04:32Z</ModuleTime>
      <ModuleName>System.Web.HttpUtility</ModuleName>
      <Classes />
    </Module>
    <Module skippedDueTo="Filter" hash="97-19-D0-48-45-B4-2C-26-A2-0D-80-1E-5E-6C-40-62-34-C0-7F-FA">
      <ModulePath>C:\Program Files\dotnet\shared\Microsoft.NETCore.App\3.1.3\System.Web.dll</ModulePath>
      <ModuleTime>2020-02-28T13:04:26Z</ModuleTime>
      <ModuleName>System.Web</ModuleName>
      <Classes />
    </Module>
    <Module skippedDueTo="Filter" hash="DA-DC-9D-90-A5-93-9E-B6-36-F9-4D-E1-BA-03-F3-5F-E7-50-97-1D">
      <ModulePath>C:\Program Files\dotnet\shared\Microsoft.NETCore.App\3.1.3\System.Windows.dll</ModulePath>
      <ModuleTime>2020-02-28T13:04:24Z</ModuleTime>
      <ModuleName>System.Windows</ModuleName>
      <Classes />
    </Module>
    <Module skippedDueTo="Filter" hash="A4-4E-F4-95-0E-D2-28-FA-78-40-68-E3-3B-23-A8-D8-F4-65-3A-45">
      <ModulePath>C:\Program Files\dotnet\shared\Microsoft.NETCore.App\3.1.3\System.Xml.Linq.dll</ModulePath>
      <ModuleTime>2020-02-28T13:04:28Z</ModuleTime>
      <ModuleName>System.Xml.Linq</ModuleName>
      <Classes />
    </Module>
    <Module skippedDueTo="Filter" hash="52-0F-CF-4D-4E-2B-26-5A-FC-B1-C4-3C-74-22-82-FB-19-F7-5B-C7">
      <ModulePath>C:\Program Files\dotnet\shared\Microsoft.NETCore.App\3.1.3\System.Xml.Serialization.dll</ModulePath>
      <ModuleTime>2020-02-28T13:04:28Z</ModuleTime>
      <ModuleName>System.Xml.Serialization</ModuleName>
      <Classes />
    </Module>
    <Module skippedDueTo="Filter" hash="70-C5-A6-6A-B4-FF-E3-AA-5D-E7-E3-06-B8-6E-E5-55-B1-E0-9C-C9">
      <ModulePath>C:\Program Files\dotnet\shared\Microsoft.NETCore.App\3.1.3\System.Xml.XPath.XDocument.dll</ModulePath>
      <ModuleTime>2020-02-28T13:04:30Z</ModuleTime>
      <ModuleName>System.Xml.XPath.XDocument</ModuleName>
      <Classes />
    </Module>
    <Module skippedDueTo="Filter" hash="3F-EC-53-22-B8-A9-1D-FA-35-E8-D3-87-0F-A7-61-DE-30-2E-03-8A">
      <ModulePath>C:\Program Files\dotnet\shared\Microsoft.NETCore.App\3.1.3\System.Xml.XPath.dll</ModulePath>
      <ModuleTime>2020-02-28T13:04:30Z</ModuleTime>
      <ModuleName>System.Xml.XPath</ModuleName>
      <Classes />
    </Module>
    <Module skippedDueTo="Filter" hash="AB-AF-37-4B-82-4F-08-3F-39-62-65-D2-9A-93-2D-B9-BD-A9-F1-C9">
      <ModulePath>C:\Program Files\dotnet\shared\Microsoft.NETCore.App\3.1.3\System.Xml.XmlDocument.dll</ModulePath>
      <ModuleTime>2020-02-28T13:04:26Z</ModuleTime>
      <ModuleName>System.Xml.XmlDocument</ModuleName>
      <Classes />
    </Module>
    <Module skippedDueTo="Filter" hash="96-BE-1B-A1-47-C7-A9-22-1A-36-76-9C-CD-84-A9-47-AB-29-BF-1F">
      <ModulePath>C:\Program Files\dotnet\shared\Microsoft.NETCore.App\3.1.3\System.Xml.XmlSerializer.dll</ModulePath>
      <ModuleTime>2020-02-28T13:04:24Z</ModuleTime>
      <ModuleName>System.Xml.XmlSerializer</ModuleName>
      <Classes />
    </Module>
    <Module skippedDueTo="Filter" hash="73-E1-7F-C7-2D-C9-99-D8-D5-D4-21-69-B8-EB-65-4F-5D-EE-9F-B3">
      <ModulePath>C:\Program Files\dotnet\shared\Microsoft.NETCore.App\3.1.3\System.Xml.dll</ModulePath>
      <ModuleTime>2020-02-28T13:04:26Z</ModuleTime>
      <ModuleName>System.Xml</ModuleName>
      <Classes />
    </Module>
    <Module skippedDueTo="Filter" hash="08-FD-42-71-1B-C1-CA-78-43-35-E1-AA-6B-F1-64-75-62-09-00-8D">
      <ModulePath>C:\Program Files\dotnet\shared\Microsoft.NETCore.App\3.1.3\System.dll</ModulePath>
      <ModuleTime>2020-02-28T13:05:38Z</ModuleTime>
      <ModuleName>System</ModuleName>
      <Classes />
    </Module>
    <Module skippedDueTo="MissingPdb" hash="C4-9F-D6-B9-82-07-72-70-29-BE-2B-A1-CC-C7-C2-02-57-12-2D-85">
      <ModulePath>C:\Program Files\dotnet\shared\Microsoft.NETCore.App\3.1.3\WindowsBase.dll</ModulePath>
      <ModuleTime>2020-02-28T13:04:30Z</ModuleTime>
      <ModuleName>WindowsBase</ModuleName>
      <Classes />
    </Module>
    <Module skippedDueTo="Filter" hash="0B-62-40-90-58-76-E8-86-0D-1A-DC-F5-78-DB-B7-94-BC-00-10-0C">
      <ModulePath>C:\Users\Kristol\Desktop\CsharpTest\EmployeeHealthInfoRecord.Tests\bin\Debug\netcoreapp3.1\xunit.runner.reporters.netcoreapp10.dll</ModulePath>
      <ModuleTime>2018-07-16T20:18:26Z</ModuleTime>
      <ModuleName>xunit.runner.reporters.netcoreapp10</ModuleName>
      <Classes />
    </Module>
    <Module skippedDueTo="Filter" hash="16-7C-D1-8D-0E-08-82-D2-50-9C-9A-FF-7A-6F-C1-DB-D3-21-8A-72">
      <ModulePath>C:\Users\Kristol\Desktop\CsharpTest\EmployeeHealthInfoRecord.Tests\bin\Debug\netcoreapp3.1\xunit.runner.visualstudio.dotnetcore.testadapter.dll</ModulePath>
      <ModuleTime>2018-07-16T20:18:28Z</ModuleTime>
      <ModuleName>xunit.runner.visualstudio.dotnetcore.testadapter</ModuleName>
      <Classes />
    </Module>
    <Module skippedDueTo="Filter" hash="F1-9F-EA-39-E9-B6-89-2A-58-18-83-8F-AC-C2-48-C5-4B-91-2A-5E">
      <ModulePath>C:\Program Files\dotnet\shared\Microsoft.NETCore.App\3.1.3\System.Net.Requests.dll</ModulePath>
      <ModuleTime>2020-02-28T13:04:24Z</ModuleTime>
      <ModuleName>System.Net.Requests</ModuleName>
      <Classes />
    </Module>
    <Module skippedDueTo="Filter" hash="E7-62-66-DE-57-93-B4-25-D0-E5-B1-77-A2-DF-82-65-19-35-D3-96">
      <ModulePath>C:\Program Files\dotnet\shared\Microsoft.NETCore.App\3.1.3\System.Net.NetworkInformation.dll</ModulePath>
      <ModuleTime>2020-02-28T13:06:40Z</ModuleTime>
      <ModuleName>System.Net.NetworkInformation</ModuleName>
      <Classes />
    </Module>
    <Module skippedDueTo="Filter" hash="9E-74-A8-58-6C-B8-D8-AD-35-90-C4-AB-A7-24-4E-54-43-53-8E-2F">
      <ModulePath>C:\Program Files\dotnet\shared\Microsoft.NETCore.App\3.1.3\System.Diagnostics.DiagnosticSource.dll</ModulePath>
      <ModuleTime>2020-02-28T13:05:34Z</ModuleTime>
      <ModuleName>System.Diagnostics.DiagnosticSource</ModuleName>
      <Classes />
    </Module>
    <Module skippedDueTo="Filter" hash="25-17-3D-BA-13-03-55-32-76-CF-3D-AE-B3-52-14-5F-95-F5-3E-85">
      <ModulePath>C:\Program Files\dotnet\shared\Microsoft.NETCore.App\3.1.3\System.Threading.Timer.dll</ModulePath>
      <ModuleTime>2020-02-28T13:04:24Z</ModuleTime>
      <ModuleName>System.Threading.Timer</ModuleName>
      <Classes />
    </Module>
    <Module skippedDueTo="Filter" hash="EE-DF-4B-C9-A1-40-03-5F-56-1A-DB-D7-E8-A0-BC-A6-12-34-84-1E">
      <ModulePath>C:\Program Files\dotnet\shared\Microsoft.NETCore.App\3.1.3\System.Net.Sockets.dll</ModulePath>
      <ModuleTime>2020-02-28T13:05:08Z</ModuleTime>
      <ModuleName>System.Net.Sockets</ModuleName>
      <Classes />
    </Module>
    <Module skippedDueTo="Filter" hash="87-6E-54-67-71-53-FA-C9-68-88-0D-C1-82-45-BE-68-5A-25-55-32">
      <ModulePath>C:\Program Files\dotnet\shared\Microsoft.NETCore.App\3.1.3\System.Threading.Overlapped.dll</ModulePath>
      <ModuleTime>2020-02-28T13:04:44Z</ModuleTime>
      <ModuleName>System.Threading.Overlapped</ModuleName>
      <Classes />
    </Module>
    <Module skippedDueTo="Filter" hash="E6-CE-DF-D3-05-01-F5-61-41-53-0C-FF-2C-87-01-04-6E-EB-B1-C7">
      <ModulePath>C:\Program Files\dotnet\shared\Microsoft.NETCore.App\3.1.3\System.Net.NameResolution.dll</ModulePath>
      <ModuleTime>2020-02-28T13:06:40Z</ModuleTime>
      <ModuleName>System.Net.NameResolution</ModuleName>
      <Classes />
    </Module>
    <Module skippedDueTo="Filter" hash="2F-EF-10-A4-03-CD-85-F5-B3-28-04-C0-CA-59-04-4C-AE-A8-5D-D0">
      <ModulePath>C:\Program Files\dotnet\shared\Microsoft.NETCore.App\3.1.3\System.Security.Principal.Windows.dll</ModulePath>
      <ModuleTime>2020-02-28T13:04:42Z</ModuleTime>
      <ModuleName>System.Security.Principal.Windows</ModuleName>
      <Classes />
    </Module>
    <Module skippedDueTo="Filter" hash="79-03-C9-B3-67-3A-61-F7-6D-B6-CE-72-A2-3F-68-B5-87-C1-4B-60">
      <ModulePath>C:\Program Files\dotnet\shared\Microsoft.NETCore.App\3.1.3\System.Security.Claims.dll</ModulePath>
      <ModuleTime>2020-02-28T13:04:40Z</ModuleTime>
      <ModuleName>System.Security.Claims</ModuleName>
      <Classes />
    </Module>
    <Module skippedDueTo="Filter" hash="87-DE-C4-EB-AC-4B-76-40-4C-56-AB-F2-05-44-02-D8-77-58-26-00">
      <ModulePath>C:\Program Files\dotnet\shared\Microsoft.NETCore.App\3.1.3\System.Security.Principal.dll</ModulePath>
      <ModuleTime>2020-02-28T13:04:42Z</ModuleTime>
      <ModuleName>System.Security.Principal</ModuleName>
      <Classes />
    </Module>
    <Module skippedDueTo="Filter" hash="FC-9A-A3-24-E8-48-FF-9E-1A-D8-C2-B3-54-1E-A8-DD-B2-E1-E3-96">
      <ModulePath>C:\Program Files\dotnet\shared\Microsoft.NETCore.App\3.1.3\System.Threading.ThreadPool.dll</ModulePath>
      <ModuleTime>2020-02-28T13:04:24Z</ModuleTime>
      <ModuleName>System.Threading.ThreadPool</ModuleName>
      <Classes />
    </Module>
    <Module skippedDueTo="Filter" hash="03-C3-25-61-A9-3B-57-DB-78-E8-F7-85-5D-BE-8C-07-5D-B0-8C-AA">
      <ModulePath>C:\Program Files\dotnet\shared\Microsoft.NETCore.App\3.1.3\System.Security.Cryptography.Encoding.dll</ModulePath>
      <ModuleTime>2020-02-28T13:04:40Z</ModuleTime>
      <ModuleName>System.Security.Cryptography.Encoding</ModuleName>
      <Classes />
    </Module>
    <Module skippedDueTo="Filter" hash="FC-9A-A3-24-E8-48-FF-9E-1A-D8-C2-B3-54-1E-A8-DD-B2-E1-E3-96">
      <ModulePath>C:\Program Files\dotnet\shared\Microsoft.NETCore.App\3.1.3\System.Threading.ThreadPool.dll</ModulePath>
      <ModuleTime>2020-02-28T13:04:24Z</ModuleTime>
      <ModuleName>System.Threading.ThreadPool</ModuleName>
      <Classes />
    </Module>
    <Module skippedDueTo="Filter" hash="5E-EA-96-C3-0B-C7-BF-BA-AE-4A-27-D8-9A-9A-67-A2-72-BF-89-1F">
      <ModulePath>C:\Program Files\dotnet\shared\Microsoft.NETCore.App\3.1.3\System.Collections.NonGeneric.dll</ModulePath>
      <ModuleTime>2020-02-28T13:05:32Z</ModuleTime>
      <ModuleName>System.Collections.NonGeneric</ModuleName>
      <Classes />
    </Module>
  </Modules>
</CoverageSession>