<?xml version="1.0" encoding="utf-8"?>
<CoverageSession xmlns:xsd="http://www.w3.org/2001/XMLSchema" xmlns:xsi="http://www.w3.org/2001/XMLSchema-instance" Version="4.7.922.0">
  <Summary numSequencePoints="676" visitedSequencePoints="305" numBranchPoints="309" visitedBranchPoints="122" sequenceCoverage="45.12" branchCoverage="39.48" maxCyclomaticComplexity="30" minCyclomaticComplexity="1" maxCrapScore="462" minCrapScore="1" visitedClasses="7" numClasses="11" visitedMethods="51" numMethods="75" />
  <Modules>
    <Module skippedDueTo="Filter" hash="CC-CD-70-8B-AA-44-37-23-0A-2C-8E-07-45-F9-34-C7-AA-A2-7B-2A">
      <ModulePath>C:\Program Files\dotnet\shared\Microsoft.NETCore.App\3.1.2\System.Private.CoreLib.dll</ModulePath>
      <ModuleTime>2020-01-16T18:39:44Z</ModuleTime>
      <ModuleName>System.Private.CoreLib</ModuleName>
      <Classes />
    </Module>
    <Module skippedDueTo="MissingPdb" hash="A9-6F-2B-9E-07-B6-65-F0-CB-98-DF-C3-45-04-BA-12-29-19-D9-0C">
      <ModulePath>C:\Program Files\dotnet\sdk\3.1.200\dotnet.dll</ModulePath>
      <ModuleTime>2020-03-04T21:26:58Z</ModuleTime>
      <ModuleName>dotnet</ModuleName>
      <Classes />
    </Module>
    <Module skippedDueTo="Filter" hash="DF-B7-48-89-88-FB-A4-22-B9-28-A6-6D-D6-65-30-22-52-34-0B-F7">
      <ModulePath>C:\Program Files\dotnet\shared\Microsoft.NETCore.App\3.1.2\System.Runtime.dll</ModulePath>
      <ModuleTime>2020-01-17T13:24:16Z</ModuleTime>
      <ModuleName>System.Runtime</ModuleName>
      <Classes />
    </Module>
    <Module skippedDueTo="MissingPdb" hash="8A-D4-2E-EE-09-EE-44-24-66-2A-64-C5-CC-AE-61-0A-68-AF-54-15">
      <ModulePath>C:\Program Files\dotnet\sdk\3.1.200\Microsoft.DotNet.Cli.Utils.dll</ModulePath>
      <ModuleTime>2020-03-04T21:27:04Z</ModuleTime>
      <ModuleName>Microsoft.DotNet.Cli.Utils</ModuleName>
      <Classes />
    </Module>
    <Module skippedDueTo="Filter" hash="B7-5D-7F-AB-1A-C8-BF-68-B3-31-8E-2C-E8-26-57-40-E1-E8-04-33">
      <ModulePath>C:\Program Files\dotnet\shared\Microsoft.NETCore.App\3.1.2\System.Runtime.Extensions.dll</ModulePath>
      <ModuleTime>2020-01-17T13:24:26Z</ModuleTime>
      <ModuleName>System.Runtime.Extensions</ModuleName>
      <Classes />
    </Module>
    <Module skippedDueTo="Filter" hash="23-66-57-65-6D-90-85-80-FE-02-90-4C-0D-83-1E-8C-5F-0D-4D-1E">
      <ModulePath>C:\Program Files\dotnet\shared\Microsoft.NETCore.App\3.1.2\System.Runtime.Loader.dll</ModulePath>
      <ModuleTime>2020-01-17T13:24:22Z</ModuleTime>
      <ModuleName>System.Runtime.Loader</ModuleName>
      <Classes />
    </Module>
    <Module skippedDueTo="MissingPdb" hash="FB-5C-9F-09-F0-1B-26-10-BB-D5-0D-CD-79-BB-38-4A-7E-96-4A-0F">
      <ModulePath>C:\Program Files\dotnet\sdk\3.1.200\Microsoft.DotNet.PlatformAbstractions.dll</ModulePath>
      <ModuleTime>2020-03-04T21:26:38Z</ModuleTime>
      <ModuleName>Microsoft.DotNet.PlatformAbstractions</ModuleName>
      <Classes />
    </Module>
    <Module skippedDueTo="MissingPdb" hash="01-8B-46-CF-5D-1B-BC-C6-D4-05-FC-0B-2E-9B-A2-8E-71-60-53-A8">
      <ModulePath>C:\Program Files\dotnet\shared\Microsoft.NETCore.App\3.1.2\netstandard.dll</ModulePath>
      <ModuleTime>2020-01-17T13:24:20Z</ModuleTime>
      <ModuleName>netstandard</ModuleName>
      <Classes />
    </Module>
    <Module skippedDueTo="Filter" hash="60-F7-64-C0-BF-F2-13-9F-7F-1C-9B-5C-C5-36-60-F7-39-4C-CB-51">
      <ModulePath>C:\Program Files\dotnet\shared\Microsoft.NETCore.App\3.1.2\System.Runtime.InteropServices.RuntimeInformation.dll</ModulePath>
      <ModuleTime>2020-01-17T13:24:22Z</ModuleTime>
      <ModuleName>System.Runtime.InteropServices.RuntimeInformation</ModuleName>
      <Classes />
    </Module>
    <Module skippedDueTo="Filter" hash="9C-78-D0-8D-30-72-A1-73-D5-42-C8-4D-43-42-DB-57-9A-AE-BA-05">
      <ModulePath>C:\Program Files\dotnet\shared\Microsoft.NETCore.App\3.1.2\System.IO.FileSystem.dll</ModulePath>
      <ModuleTime>2020-01-17T13:24:34Z</ModuleTime>
      <ModuleName>System.IO.FileSystem</ModuleName>
      <Classes />
    </Module>
    <Module skippedDueTo="Filter" hash="D8-35-BA-93-01-1C-3F-97-F9-9F-83-AF-F2-EE-6A-E9-E8-17-00-B7">
      <ModulePath>C:\Program Files\dotnet\shared\Microsoft.NETCore.App\3.1.2\System.Runtime.InteropServices.dll</ModulePath>
      <ModuleTime>2020-01-17T13:24:22Z</ModuleTime>
      <ModuleName>System.Runtime.InteropServices</ModuleName>
      <Classes />
    </Module>
    <Module skippedDueTo="Filter" hash="43-C8-82-0A-15-91-F1-02-7E-3B-A6-45-61-06-33-A1-63-45-CA-2B">
      <ModulePath>C:\Program Files\dotnet\shared\Microsoft.NETCore.App\3.1.2\System.Memory.dll</ModulePath>
      <ModuleTime>2020-01-17T13:24:34Z</ModuleTime>
      <ModuleName>System.Memory</ModuleName>
      <Classes />
    </Module>
    <Module skippedDueTo="Filter" hash="CE-0A-16-08-A7-B6-1B-C8-29-63-20-BF-B3-7D-96-49-AF-78-9C-70">
      <ModulePath>C:\Program Files\dotnet\shared\Microsoft.NETCore.App\3.1.2\System.Threading.dll</ModulePath>
      <ModuleTime>2020-01-17T13:24:24Z</ModuleTime>
      <ModuleName>System.Threading</ModuleName>
      <Classes />
    </Module>
    <Module skippedDueTo="Filter" hash="6D-BD-83-C9-BB-24-CB-D8-10-50-4E-C3-3E-21-60-88-C9-0D-36-7E">
      <ModulePath>C:\Program Files\dotnet\shared\Microsoft.NETCore.App\3.1.2\System.Text.Encoding.CodePages.dll</ModulePath>
      <ModuleTime>2020-01-17T13:24:24Z</ModuleTime>
      <ModuleName>System.Text.Encoding.CodePages</ModuleName>
      <Classes />
    </Module>
    <Module skippedDueTo="Filter" hash="80-E9-96-B1-7E-C8-07-83-F0-CD-9A-6D-59-F9-52-17-02-BC-A9-2F">
      <ModulePath>C:\Program Files\dotnet\shared\Microsoft.NETCore.App\3.1.2\System.Collections.dll</ModulePath>
      <ModuleTime>2020-01-17T13:24:20Z</ModuleTime>
      <ModuleName>System.Collections</ModuleName>
      <Classes />
    </Module>
    <Module skippedDueTo="Filter" hash="17-0E-A7-A2-21-80-3B-80-A3-3E-0A-46-56-B5-29-AD-AC-53-00-04">
      <ModulePath>C:\Program Files\dotnet\shared\Microsoft.NETCore.App\3.1.2\System.Collections.Concurrent.dll</ModulePath>
      <ModuleTime>2020-01-17T13:25:00Z</ModuleTime>
      <ModuleName>System.Collections.Concurrent</ModuleName>
      <Classes />
    </Module>
    <Module skippedDueTo="Filter" hash="63-4E-5C-3E-5F-C5-9C-86-AD-D1-8E-03-B7-1A-DF-C1-54-7F-E6-D8">
      <ModulePath>C:\Program Files\dotnet\shared\Microsoft.NETCore.App\3.1.2\System.Threading.Thread.dll</ModulePath>
      <ModuleTime>2020-01-17T13:24:18Z</ModuleTime>
      <ModuleName>System.Threading.Thread</ModuleName>
      <Classes />
    </Module>
    <Module skippedDueTo="MissingPdb" hash="3B-20-4B-0C-48-21-83-51-3A-29-69-28-7C-AD-89-0E-D5-66-AD-C1">
      <ModulePath>C:\Program Files\dotnet\sdk\3.1.200\Microsoft.DotNet.Configurer.dll</ModulePath>
      <ModuleTime>2020-03-04T21:27:06Z</ModuleTime>
      <ModuleName>Microsoft.DotNet.Configurer</ModuleName>
      <Classes />
    </Module>
    <Module skippedDueTo="MissingPdb" hash="01-C0-AD-04-E1-76-75-54-2E-79-43-A5-DE-30-70-85-80-EA-22-81">
      <ModulePath>C:\Program Files\dotnet\sdk\3.1.200\Microsoft.DotNet.Cli.CommandLine.dll</ModulePath>
      <ModuleTime>2020-03-04T21:27:06Z</ModuleTime>
      <ModuleName>Microsoft.DotNet.Cli.CommandLine</ModuleName>
      <Classes />
    </Module>
    <Module skippedDueTo="Filter" hash="6B-15-7A-87-08-B2-55-AA-1F-C2-85-F7-51-11-46-37-50-A7-BB-98">
      <ModulePath>C:\Program Files\dotnet\shared\Microsoft.NETCore.App\3.1.2\System.Diagnostics.Process.dll</ModulePath>
      <ModuleTime>2020-01-17T13:25:02Z</ModuleTime>
      <ModuleName>System.Diagnostics.Process</ModuleName>
      <Classes />
    </Module>
    <Module skippedDueTo="MissingPdb" hash="CE-F5-84-3C-C0-42-DD-A9-DA-2B-66-86-3C-D2-75-7C-80-0E-0E-3E">
      <ModulePath>C:\Program Files\dotnet\sdk\3.1.200\Microsoft.DotNet.InternalAbstractions.dll</ModulePath>
      <ModuleTime>2020-03-04T21:27:06Z</ModuleTime>
      <ModuleName>Microsoft.DotNet.InternalAbstractions</ModuleName>
      <Classes />
    </Module>
    <Module skippedDueTo="Filter" hash="3F-AB-0A-41-10-89-4E-D8-9A-FC-51-45-23-D7-8E-68-65-83-F5-B9">
      <ModulePath>C:\Program Files\dotnet\shared\Microsoft.NETCore.App\3.1.2\System.Linq.dll</ModulePath>
      <ModuleTime>2020-01-17T13:25:00Z</ModuleTime>
      <ModuleName>System.Linq</ModuleName>
      <Classes />
    </Module>
    <Module skippedDueTo="MissingPdb" hash="C0-A1-B4-1E-0E-0B-CF-20-D3-01-D7-B3-5F-10-D7-37-85-33-57-63">
      <ModulePath>C:\Program Files\dotnet\sdk\3.1.200\NuGet.Frameworks.dll</ModulePath>
      <ModuleTime>2020-03-04T21:27:20Z</ModuleTime>
      <ModuleName>NuGet.Frameworks</ModuleName>
      <Classes />
    </Module>
    <Module skippedDueTo="Filter" hash="23-0B-AC-03-67-69-A9-F3-B5-60-12-B5-76-8E-24-8D-5F-2B-33-E6">
      <ModulePath>C:\Program Files\dotnet\shared\Microsoft.NETCore.App\3.1.2\System.Console.dll</ModulePath>
      <ModuleTime>2020-01-17T13:25:00Z</ModuleTime>
      <ModuleName>System.Console</ModuleName>
      <Classes />
    </Module>
    <Module skippedDueTo="Filter" hash="FC-4A-6A-27-A8-D4-9D-51-1B-49-A0-6D-F5-53-ED-70-EB-6A-E4-21">
      <ModulePath>C:\Program Files\dotnet\shared\Microsoft.NETCore.App\3.1.2\System.Text.Encoding.Extensions.dll</ModulePath>
      <ModuleTime>2020-01-17T13:24:22Z</ModuleTime>
      <ModuleName>System.Text.Encoding.Extensions</ModuleName>
      <Classes />
    </Module>
    <Module skippedDueTo="Filter" hash="D8-E5-C4-F2-50-7B-4A-86-2F-53-39-D4-0D-84-19-7D-B9-55-45-F1">
      <ModulePath>C:\Program Files\dotnet\shared\Microsoft.NETCore.App\3.1.2\System.Runtime.CompilerServices.Unsafe.dll</ModulePath>
      <ModuleTime>2020-01-17T13:24:20Z</ModuleTime>
      <ModuleName>System.Runtime.CompilerServices.Unsafe</ModuleName>
      <Classes />
    </Module>
    <Module skippedDueTo="MissingPdb" hash="CD-05-AC-EE-92-A3-87-42-46-C1-4D-01-A6-7D-2B-D6-75-9D-5A-4D">
      <ModulePath>C:\Program Files\dotnet\sdk\3.1.200\Microsoft.ApplicationInsights.dll</ModulePath>
      <ModuleTime>2020-03-04T21:27:02Z</ModuleTime>
      <ModuleName>Microsoft.ApplicationInsights</ModuleName>
      <Classes />
    </Module>
    <Module skippedDueTo="Filter" hash="01-13-13-F6-42-75-40-C4-FD-BB-C8-E7-7C-2C-4B-31-0B-E7-FB-99">
      <ModulePath>C:\Program Files\dotnet\shared\Microsoft.NETCore.App\3.1.2\System.Security.Cryptography.Algorithms.dll</ModulePath>
      <ModuleTime>2020-01-17T13:24:50Z</ModuleTime>
      <ModuleName>System.Security.Cryptography.Algorithms</ModuleName>
      <Classes />
    </Module>
    <Module skippedDueTo="Filter" hash="18-05-75-23-AD-6E-22-E9-6D-BA-FD-42-FB-A5-CD-9F-86-A1-B5-DD">
      <ModulePath>C:\Program Files\dotnet\shared\Microsoft.NETCore.App\3.1.2\System.Buffers.dll</ModulePath>
      <ModuleTime>2020-01-17T13:24:24Z</ModuleTime>
      <ModuleName>System.Buffers</ModuleName>
      <Classes />
    </Module>
    <Module skippedDueTo="Filter" hash="AD-BB-76-69-2E-C0-3E-7D-C2-5B-BF-28-F3-09-D0-07-80-75-D8-54">
      <ModulePath>C:\Program Files\dotnet\shared\Microsoft.NETCore.App\3.1.2\System.Private.Uri.dll</ModulePath>
      <ModuleTime>2020-01-17T13:24:16Z</ModuleTime>
      <ModuleName>System.Private.Uri</ModuleName>
      <Classes />
    </Module>
    <Module skippedDueTo="Filter" hash="1D-71-66-BE-0C-8F-0E-A3-FF-35-02-4E-F1-D2-1F-B1-78-60-9C-7D">
      <ModulePath>C:\Program Files\dotnet\shared\Microsoft.NETCore.App\3.1.2\System.Security.Cryptography.Primitives.dll</ModulePath>
      <ModuleTime>2020-01-17T13:24:24Z</ModuleTime>
      <ModuleName>System.Security.Cryptography.Primitives</ModuleName>
      <Classes />
    </Module>
    <Module skippedDueTo="Filter" hash="0E-6E-84-27-30-91-8B-D5-93-DC-99-37-3D-B1-6C-E0-89-03-41-21">
      <ModulePath>C:\Program Files\dotnet\shared\Microsoft.NETCore.App\3.1.2\System.Threading.Tasks.dll</ModulePath>
      <ModuleTime>2020-01-17T13:24:24Z</ModuleTime>
      <ModuleName>System.Threading.Tasks</ModuleName>
      <Classes />
    </Module>
    <Module skippedDueTo="Filter" hash="7E-04-F0-E1-17-F4-03-EB-4E-49-18-6D-F1-3D-C6-A6-76-47-F0-7B">
      <ModulePath>C:\Program Files\dotnet\shared\Microsoft.NETCore.App\3.1.2\System.Reflection.Extensions.dll</ModulePath>
      <ModuleTime>2020-01-17T13:24:18Z</ModuleTime>
      <ModuleName>System.Reflection.Extensions</ModuleName>
      <Classes />
    </Module>
    <Module skippedDueTo="MissingPdb" hash="B5-5E-A8-24-9B-4D-50-BA-C2-07-A6-8A-B6-1C-66-D6-27-07-BC-5C">
      <ModulePath>C:\Program Files\dotnet\sdk\3.1.200\Microsoft.TemplateEngine.Cli.dll</ModulePath>
      <ModuleTime>2020-03-04T21:27:12Z</ModuleTime>
      <ModuleName>Microsoft.TemplateEngine.Cli</ModuleName>
      <Classes />
    </Module>
    <Module skippedDueTo="Filter" hash="5C-F3-A6-CF-1F-BC-C4-BD-1F-05-7C-B7-AD-8C-12-89-9C-48-56-E3">
      <ModulePath>C:\Program Files\dotnet\shared\Microsoft.NETCore.App\3.1.2\System.Reflection.dll</ModulePath>
      <ModuleTime>2020-01-17T13:24:20Z</ModuleTime>
      <ModuleName>System.Reflection</ModuleName>
      <Classes />
    </Module>
    <Module skippedDueTo="Filter" hash="3F-F5-42-F8-5F-B3-30-7F-7B-C3-03-EB-DF-F3-6E-52-FC-E9-35-84">
      <ModulePath>C:\Program Files\dotnet\shared\Microsoft.NETCore.App\3.1.2\System.Resources.ResourceManager.dll</ModulePath>
      <ModuleTime>2020-01-17T13:24:14Z</ModuleTime>
      <ModuleName>System.Resources.ResourceManager</ModuleName>
      <Classes />
    </Module>
    <Module skippedDueTo="Filter" hash="96-08-B0-0B-AE-49-C0-28-6E-74-5B-BA-46-EA-26-74-EC-27-EF-09">
      <ModulePath>C:\Program Files\dotnet\shared\Microsoft.NETCore.App\3.1.2\System.Net.Http.dll</ModulePath>
      <ModuleTime>2020-01-17T13:24:28Z</ModuleTime>
      <ModuleName>System.Net.Http</ModuleName>
      <Classes />
    </Module>
    <Module skippedDueTo="Filter" hash="F4-14-C7-D3-38-E2-1F-66-D2-CA-5B-91-02-79-46-EE-68-60-40-E8">
      <ModulePath>C:\Program Files\dotnet\shared\Microsoft.NETCore.App\3.1.2\System.Xml.XDocument.dll</ModulePath>
      <ModuleTime>2020-01-17T13:24:20Z</ModuleTime>
      <ModuleName>System.Xml.XDocument</ModuleName>
      <Classes />
    </Module>
    <Module skippedDueTo="Filter" hash="84-4A-4B-A7-07-18-BD-91-4F-CB-88-37-B3-A5-6D-54-25-6B-F1-57">
      <ModulePath>C:\Program Files\dotnet\shared\Microsoft.NETCore.App\3.1.2\System.Net.Primitives.dll</ModulePath>
      <ModuleTime>2020-01-17T13:24:16Z</ModuleTime>
      <ModuleName>System.Net.Primitives</ModuleName>
      <Classes />
    </Module>
    <Module skippedDueTo="Filter" hash="B5-C7-96-36-55-5C-E9-8A-F1-E8-BB-1F-F7-07-62-AB-D6-A2-96-FC">
      <ModulePath>C:\Program Files\dotnet\shared\Microsoft.NETCore.App\3.1.2\System.Private.Xml.Linq.dll</ModulePath>
      <ModuleTime>2020-01-17T13:24:18Z</ModuleTime>
      <ModuleName>System.Private.Xml.Linq</ModuleName>
      <Classes />
    </Module>
    <Module skippedDueTo="Filter" hash="E8-0E-A2-F0-88-AB-3D-B8-A9-83-FC-9B-B5-0F-A9-68-43-83-F9-9D">
      <ModulePath>C:\Program Files\dotnet\shared\Microsoft.NETCore.App\3.1.2\System.Text.RegularExpressions.dll</ModulePath>
      <ModuleTime>2020-01-17T13:24:24Z</ModuleTime>
      <ModuleName>System.Text.RegularExpressions</ModuleName>
      <Classes />
    </Module>
    <Module skippedDueTo="Filter" hash="4F-F5-D2-32-5C-06-89-11-7E-BD-39-7D-6D-D7-AD-0E-D1-1E-3E-EA">
      <ModulePath>C:\Program Files\dotnet\shared\Microsoft.NETCore.App\3.1.2\System.Diagnostics.Tracing.dll</ModulePath>
      <ModuleTime>2020-01-17T13:24:54Z</ModuleTime>
      <ModuleName>System.Diagnostics.Tracing</ModuleName>
      <Classes />
    </Module>
    <Module skippedDueTo="Filter" hash="07-0D-A2-00-4D-83-CB-98-A6-24-F5-FE-79-40-25-24-1F-EB-03-4A">
      <ModulePath>C:\Program Files\dotnet\shared\Microsoft.NETCore.App\3.1.2\System.Private.Xml.dll</ModulePath>
      <ModuleTime>2020-01-17T13:24:16Z</ModuleTime>
      <ModuleName>System.Private.Xml</ModuleName>
      <Classes />
    </Module>
    <Module skippedDueTo="Filter" hash="2C-8C-CF-9A-CB-E2-7C-3F-51-95-39-52-36-ED-9A-9C-18-2B-37-6A">
      <ModulePath>C:\Program Files\dotnet\shared\Microsoft.NETCore.App\3.1.2\System.Net.Security.dll</ModulePath>
      <ModuleTime>2020-01-17T13:24:46Z</ModuleTime>
      <ModuleName>System.Net.Security</ModuleName>
      <Classes />
    </Module>
    <Module skippedDueTo="Filter" hash="41-3C-C6-F2-96-59-84-94-69-9A-FF-B0-F5-D9-3F-9B-1C-16-D2-0C">
      <ModulePath>C:\Program Files\dotnet\shared\Microsoft.NETCore.App\3.1.2\System.Reflection.Emit.ILGeneration.dll</ModulePath>
      <ModuleTime>2020-01-17T13:24:14Z</ModuleTime>
      <ModuleName>System.Reflection.Emit.ILGeneration</ModuleName>
      <Classes />
    </Module>
    <Module skippedDueTo="Filter" hash="CB-62-88-BA-CF-9C-F2-74-50-F3-4F-21-EE-3E-F3-17-FD-7C-68-AF">
      <ModulePath>C:\Program Files\dotnet\shared\Microsoft.NETCore.App\3.1.2\System.Xml.ReaderWriter.dll</ModulePath>
      <ModuleTime>2020-01-17T13:24:14Z</ModuleTime>
      <ModuleName>System.Xml.ReaderWriter</ModuleName>
      <Classes />
    </Module>
    <Module skippedDueTo="Filter" hash="F9-EB-F1-3C-5D-FF-E9-92-D0-09-5B-29-7C-E5-47-84-48-34-20-11">
      <ModulePath>C:\Program Files\dotnet\shared\Microsoft.NETCore.App\3.1.2\System.Security.Cryptography.X509Certificates.dll</ModulePath>
      <ModuleTime>2020-01-17T13:24:52Z</ModuleTime>
      <ModuleName>System.Security.Cryptography.X509Certificates</ModuleName>
      <Classes />
    </Module>
    <Module skippedDueTo="Filter" hash="06-C0-07-B0-35-AD-B1-9D-46-F7-8B-68-E6-98-EB-A9-A0-0B-38-8C">
      <ModulePath>C:\Program Files\dotnet\shared\Microsoft.NETCore.App\3.1.2\System.Reflection.Emit.Lightweight.dll</ModulePath>
      <ModuleTime>2020-01-17T13:24:48Z</ModuleTime>
      <ModuleName>System.Reflection.Emit.Lightweight</ModuleName>
      <Classes />
    </Module>
    <Module skippedDueTo="Filter" hash="15-DB-80-0C-63-98-A4-8C-78-D7-5D-56-3F-72-4B-30-E3-9B-91-27">
      <ModulePath>C:\Program Files\dotnet\shared\Microsoft.NETCore.App\3.1.2\System.Globalization.dll</ModulePath>
      <ModuleTime>2020-01-17T13:24:56Z</ModuleTime>
      <ModuleName>System.Globalization</ModuleName>
      <Classes />
    </Module>
    <Module skippedDueTo="Filter" hash="D2-D4-05-06-4D-D2-F5-E2-AC-2F-67-CE-21-A8-99-FD-79-A1-BD-A0">
      <ModulePath>C:\Program Files\dotnet\shared\Microsoft.NETCore.App\3.1.2\System.Net.Requests.dll</ModulePath>
      <ModuleTime>2020-01-17T13:24:20Z</ModuleTime>
      <ModuleName>System.Net.Requests</ModuleName>
      <Classes />
    </Module>
    <Module skippedDueTo="Filter" hash="34-58-3E-BE-71-AD-EB-15-88-DD-E1-FB-4E-DC-F8-7E-28-55-83-91">
      <ModulePath>C:\Program Files\dotnet\shared\Microsoft.NETCore.App\3.1.2\System.Reflection.Primitives.dll</ModulePath>
      <ModuleTime>2020-01-17T13:24:20Z</ModuleTime>
      <ModuleName>System.Reflection.Primitives</ModuleName>
      <Classes />
    </Module>
    <Module skippedDueTo="Filter" hash="5B-88-78-68-42-AF-52-BB-71-C6-0B-8E-5E-38-CA-27-B9-97-D1-92">
      <ModulePath>C:\Program Files\dotnet\shared\Microsoft.NETCore.App\3.1.2\System.Net.NetworkInformation.dll</ModulePath>
      <ModuleTime>2020-01-17T13:24:30Z</ModuleTime>
      <ModuleName>System.Net.NetworkInformation</ModuleName>
      <Classes />
    </Module>
    <Module skippedDueTo="MissingPdb" hash="1A-6E-CD-17-68-3E-77-6D-91-8A-BB-04-32-E2-85-EC-EC-0E-16-A3">
      <ModulePath>C:\Program Files\dotnet\shared\Microsoft.NETCore.App\3.1.2\Microsoft.Win32.Registry.dll</ModulePath>
      <ModuleTime>2020-01-17T13:24:18Z</ModuleTime>
      <ModuleName>Microsoft.Win32.Registry</ModuleName>
      <Classes />
    </Module>
    <Module skippedDueTo="MissingPdb" hash="11-F7-36-1C-4E-B8-6E-30-72-2F-B8-FE-18-19-F3-18-CB-B8-54-47">
      <ModulePath>C:\Program Files\dotnet\shared\Microsoft.NETCore.App\3.1.2\Microsoft.Win32.Primitives.dll</ModulePath>
      <ModuleTime>2020-01-17T13:24:22Z</ModuleTime>
      <ModuleName>Microsoft.Win32.Primitives</ModuleName>
      <Classes />
    </Module>
    <Module skippedDueTo="MissingPdb" hash="61-E6-45-8C-EA-72-44-D9-BC-AB-FC-53-8C-9C-39-C8-49-68-0F-2F">
      <ModulePath>C:\Program Files\dotnet\sdk\3.1.200\Microsoft.TemplateEngine.Utils.dll</ModulePath>
      <ModuleTime>2020-03-04T21:27:10Z</ModuleTime>
      <ModuleName>Microsoft.TemplateEngine.Utils</ModuleName>
      <Classes />
    </Module>
    <Module skippedDueTo="Filter" hash="DF-74-9E-7A-A7-F7-15-5E-33-85-51-D2-57-9F-0B-A3-5E-A2-1B-38">
      <ModulePath>C:\Program Files\dotnet\shared\Microsoft.NETCore.App\3.1.2\System.Diagnostics.Tools.dll</ModulePath>
      <ModuleTime>2020-01-17T13:24:56Z</ModuleTime>
      <ModuleName>System.Diagnostics.Tools</ModuleName>
      <Classes />
    </Module>
    <Module skippedDueTo="MissingPdb" hash="47-BD-23-31-3F-9D-0F-33-EE-B7-26-E9-BC-5F-8D-80-45-CD-76-1A">
      <ModulePath>C:\Program Files\dotnet\sdk\3.1.200\zh-Hans\dotnet.resources.dll</ModulePath>
      <ModuleTime>2020-02-26T21:39:26Z</ModuleTime>
      <ModuleName>dotnet.resources</ModuleName>
      <Classes />
    </Module>
    <Module skippedDueTo="Filter" hash="30-4C-A0-15-94-C9-E0-89-41-96-68-1E-7E-5F-E0-EB-A9-EE-2E-DA">
      <ModulePath>C:\Program Files\dotnet\shared\Microsoft.NETCore.App\3.1.2\System.Diagnostics.Debug.dll</ModulePath>
      <ModuleTime>2020-01-17T13:24:24Z</ModuleTime>
      <ModuleName>System.Diagnostics.Debug</ModuleName>
      <Classes />
    </Module>
    <Module skippedDueTo="Filter" hash="39-EC-44-27-A1-06-2F-1C-D3-D6-A0-D0-C9-A0-6E-EC-EC-71-C3-B1">
      <ModulePath>C:\Program Files\dotnet\shared\Microsoft.NETCore.App\3.1.2\System.IO.dll</ModulePath>
      <ModuleTime>2020-01-17T13:25:00Z</ModuleTime>
      <ModuleName>System.IO</ModuleName>
      <Classes />
    </Module>
    <Module skippedDueTo="Filter" hash="B6-FE-19-BF-89-B0-28-CE-BF-C9-E8-24-A1-06-D2-02-30-1E-2C-5D">
      <ModulePath>C:\Program Files\dotnet\shared\Microsoft.NETCore.App\3.1.2\System.Text.Encoding.dll</ModulePath>
      <ModuleTime>2020-01-17T13:24:20Z</ModuleTime>
      <ModuleName>System.Text.Encoding</ModuleName>
      <Classes />
    </Module>
    <Module skippedDueTo="Filter" hash="49-BF-20-B6-D6-DC-AB-8B-3B-C4-59-8A-05-81-C5-35-DD-1A-8D-96">
      <ModulePath>C:\Program Files\dotnet\shared\Microsoft.NETCore.App\3.1.2\System.IO.Compression.dll</ModulePath>
      <ModuleTime>2020-01-17T13:24:26Z</ModuleTime>
      <ModuleName>System.IO.Compression</ModuleName>
      <Classes />
    </Module>
    <Module skippedDueTo="MissingPdb" hash="EE-EC-28-0E-A5-5C-73-AE-93-AF-D1-6A-1D-33-1C-8A-EF-CB-B5-7D">
      <ModulePath>C:\Program Files\dotnet\sdk\3.1.200\Microsoft.Build.Framework.dll</ModulePath>
      <ModuleTime>2020-03-04T21:27:04Z</ModuleTime>
      <ModuleName>Microsoft.Build.Framework</ModuleName>
      <Classes />
    </Module>
    <Module skippedDueTo="Filter" hash="79-0D-FD-A3-3E-DD-4A-60-4A-CB-37-4B-49-8B-E7-40-2F-DF-33-6B">
      <ModulePath>C:\Program Files\dotnet\shared\Microsoft.NETCore.App\3.1.2\System.ComponentModel.Primitives.dll</ModulePath>
      <ModuleTime>2020-01-17T13:24:56Z</ModuleTime>
      <ModuleName>System.ComponentModel.Primitives</ModuleName>
      <Classes />
    </Module>
    <Module skippedDueTo="Filter" hash="B1-DC-19-8D-B9-01-86-F6-39-6B-0C-48-F1-88-05-9D-57-64-AF-D0">
      <ModulePath>C:\Program Files\dotnet\shared\Microsoft.NETCore.App\3.1.2\System.Collections.NonGeneric.dll</ModulePath>
      <ModuleTime>2020-01-17T13:24:20Z</ModuleTime>
      <ModuleName>System.Collections.NonGeneric</ModuleName>
      <Classes />
    </Module>
    <Module skippedDueTo="Filter" hash="A3-39-0B-A1-5C-19-87-F9-E4-E6-CB-6B-F6-7C-DB-75-F7-6D-ED-D5">
      <ModulePath>C:\Program Files\dotnet\shared\Microsoft.NETCore.App\3.1.2\System.Diagnostics.DiagnosticSource.dll</ModulePath>
      <ModuleTime>2020-01-17T13:24:30Z</ModuleTime>
      <ModuleName>System.Diagnostics.DiagnosticSource</ModuleName>
      <Classes />
    </Module>
    <Module skippedDueTo="Filter" hash="06-66-7A-2B-5E-C4-AF-91-FA-E5-84-67-16-BA-48-6F-26-D0-F4-98">
      <ModulePath>C:\Program Files\dotnet\shared\Microsoft.NETCore.App\3.1.2\System.Threading.Timer.dll</ModulePath>
      <ModuleTime>2020-01-17T13:24:20Z</ModuleTime>
      <ModuleName>System.Threading.Timer</ModuleName>
      <Classes />
    </Module>
    <Module skippedDueTo="Filter" hash="94-22-A3-BF-D7-62-7C-BD-68-ED-F8-B2-67-47-22-78-69-A8-9E-8C">
      <ModulePath>C:\Program Files\dotnet\shared\Microsoft.NETCore.App\3.1.2\System.Net.Sockets.dll</ModulePath>
      <ModuleTime>2020-01-17T13:24:18Z</ModuleTime>
      <ModuleName>System.Net.Sockets</ModuleName>
      <Classes />
    </Module>
    <Module skippedDueTo="Filter" hash="E5-4C-9C-AD-A7-21-53-F0-21-71-46-91-6D-1F-33-22-84-8A-D4-D9">
      <ModulePath>C:\Program Files\dotnet\shared\Microsoft.NETCore.App\3.1.2\System.Threading.Overlapped.dll</ModulePath>
      <ModuleTime>2020-01-17T13:24:24Z</ModuleTime>
      <ModuleName>System.Threading.Overlapped</ModuleName>
      <Classes />
    </Module>
    <Module skippedDueTo="Filter" hash="CC-CD-70-8B-AA-44-37-23-0A-2C-8E-07-45-F9-34-C7-AA-A2-7B-2A">
      <ModulePath>C:\Program Files\dotnet\shared\Microsoft.NETCore.App\3.1.2\System.Private.CoreLib.dll</ModulePath>
      <ModuleTime>2020-01-16T18:39:44Z</ModuleTime>
      <ModuleName>System.Private.CoreLib</ModuleName>
      <Classes />
    </Module>
    <Module skippedDueTo="Filter" hash="8F-14-E0-C3-6C-5B-D5-7A-82-75-50-31-45-6B-2A-76-BD-00-BA-C9">
      <ModulePath>C:\Program Files\dotnet\shared\Microsoft.NETCore.App\3.1.2\System.Net.NameResolution.dll</ModulePath>
      <ModuleTime>2020-01-17T13:24:30Z</ModuleTime>
      <ModuleName>System.Net.NameResolution</ModuleName>
      <Classes />
    </Module>
    <Module skippedDueTo="MissingPdb" hash="5C-6B-CA-99-D1-AA-1E-08-51-0E-AD-58-E7-D4-19-D8-7A-07-BE-2C">
      <ModulePath>C:\Program Files\dotnet\sdk\3.1.200\MSBuild.dll</ModulePath>
      <ModuleTime>2020-03-04T21:26:40Z</ModuleTime>
      <ModuleName>MSBuild</ModuleName>
      <Classes />
    </Module>
    <Module skippedDueTo="Filter" hash="DF-B7-48-89-88-FB-A4-22-B9-28-A6-6D-D6-65-30-22-52-34-0B-F7">
      <ModulePath>C:\Program Files\dotnet\shared\Microsoft.NETCore.App\3.1.2\System.Runtime.dll</ModulePath>
      <ModuleTime>2020-01-17T13:24:16Z</ModuleTime>
      <ModuleName>System.Runtime</ModuleName>
      <Classes />
    </Module>
    <Module skippedDueTo="Filter" hash="64-6E-A2-18-B8-08-07-67-89-7E-DD-5D-C3-6E-6E-14-E7-93-DB-A3">
      <ModulePath>C:\Program Files\dotnet\shared\Microsoft.NETCore.App\3.1.2\System.Security.Principal.Windows.dll</ModulePath>
      <ModuleTime>2020-01-17T13:24:46Z</ModuleTime>
      <ModuleName>System.Security.Principal.Windows</ModuleName>
      <Classes />
    </Module>
    <Module skippedDueTo="Filter" hash="B7-5D-7F-AB-1A-C8-BF-68-B3-31-8E-2C-E8-26-57-40-E1-E8-04-33">
      <ModulePath>C:\Program Files\dotnet\shared\Microsoft.NETCore.App\3.1.2\System.Runtime.Extensions.dll</ModulePath>
      <ModuleTime>2020-01-17T13:24:26Z</ModuleTime>
      <ModuleName>System.Runtime.Extensions</ModuleName>
      <Classes />
    </Module>
    <Module skippedDueTo="Filter" hash="CE-0A-16-08-A7-B6-1B-C8-29-63-20-BF-B3-7D-96-49-AF-78-9C-70">
      <ModulePath>C:\Program Files\dotnet\shared\Microsoft.NETCore.App\3.1.2\System.Threading.dll</ModulePath>
      <ModuleTime>2020-01-17T13:24:24Z</ModuleTime>
      <ModuleName>System.Threading</ModuleName>
      <Classes />
    </Module>
    <Module skippedDueTo="Filter" hash="0E-6E-84-27-30-91-8B-D5-93-DC-99-37-3D-B1-6C-E0-89-03-41-21">
      <ModulePath>C:\Program Files\dotnet\shared\Microsoft.NETCore.App\3.1.2\System.Threading.Tasks.dll</ModulePath>
      <ModuleTime>2020-01-17T13:24:24Z</ModuleTime>
      <ModuleName>System.Threading.Tasks</ModuleName>
      <Classes />
    </Module>
    <Module skippedDueTo="MissingPdb" hash="EE-EC-28-0E-A5-5C-73-AE-93-AF-D1-6A-1D-33-1C-8A-EF-CB-B5-7D">
      <ModulePath>C:\Program Files\dotnet\sdk\3.1.200\Microsoft.Build.Framework.dll</ModulePath>
      <ModuleTime>2020-03-04T21:27:04Z</ModuleTime>
      <ModuleName>Microsoft.Build.Framework</ModuleName>
      <Classes />
    </Module>
    <Module skippedDueTo="Filter" hash="6C-BA-CB-01-06-F6-9E-89-88-35-4E-2B-DD-96-FB-D2-2C-03-05-E8">
      <ModulePath>C:\Program Files\dotnet\shared\Microsoft.NETCore.App\3.1.2\System.Security.Claims.dll</ModulePath>
      <ModuleTime>2020-01-17T13:24:50Z</ModuleTime>
      <ModuleName>System.Security.Claims</ModuleName>
      <Classes />
    </Module>
    <Module skippedDueTo="MissingPdb" hash="01-8B-46-CF-5D-1B-BC-C6-D4-05-FC-0B-2E-9B-A2-8E-71-60-53-A8">
      <ModulePath>C:\Program Files\dotnet\shared\Microsoft.NETCore.App\3.1.2\netstandard.dll</ModulePath>
      <ModuleTime>2020-01-17T13:24:20Z</ModuleTime>
      <ModuleName>netstandard</ModuleName>
      <Classes />
    </Module>
    <Module skippedDueTo="Filter" hash="15-7A-30-A2-1C-13-56-5E-F1-66-7A-AD-CC-48-4F-3C-FC-8E-D3-3E">
      <ModulePath>C:\Program Files\dotnet\shared\Microsoft.NETCore.App\3.1.2\System.Security.Principal.dll</ModulePath>
      <ModuleTime>2020-01-17T13:24:22Z</ModuleTime>
      <ModuleName>System.Security.Principal</ModuleName>
      <Classes />
    </Module>
    <Module skippedDueTo="Filter" hash="60-F7-64-C0-BF-F2-13-9F-7F-1C-9B-5C-C5-36-60-F7-39-4C-CB-51">
      <ModulePath>C:\Program Files\dotnet\shared\Microsoft.NETCore.App\3.1.2\System.Runtime.InteropServices.RuntimeInformation.dll</ModulePath>
      <ModuleTime>2020-01-17T13:24:22Z</ModuleTime>
      <ModuleName>System.Runtime.InteropServices.RuntimeInformation</ModuleName>
      <Classes />
    </Module>
    <Module skippedDueTo="Filter" hash="6B-15-7A-87-08-B2-55-AA-1F-C2-85-F7-51-11-46-37-50-A7-BB-98">
      <ModulePath>C:\Program Files\dotnet\shared\Microsoft.NETCore.App\3.1.2\System.Diagnostics.Process.dll</ModulePath>
      <ModuleTime>2020-01-17T13:25:02Z</ModuleTime>
      <ModuleName>System.Diagnostics.Process</ModuleName>
      <Classes />
    </Module>
    <Module skippedDueTo="Filter" hash="79-0D-FD-A3-3E-DD-4A-60-4A-CB-37-4B-49-8B-E7-40-2F-DF-33-6B">
      <ModulePath>C:\Program Files\dotnet\shared\Microsoft.NETCore.App\3.1.2\System.ComponentModel.Primitives.dll</ModulePath>
      <ModuleTime>2020-01-17T13:24:56Z</ModuleTime>
      <ModuleName>System.ComponentModel.Primitives</ModuleName>
      <Classes />
    </Module>
    <Module skippedDueTo="Filter" hash="3F-AB-0A-41-10-89-4E-D8-9A-FC-51-45-23-D7-8E-68-65-83-F5-B9">
      <ModulePath>C:\Program Files\dotnet\shared\Microsoft.NETCore.App\3.1.2\System.Linq.dll</ModulePath>
      <ModuleTime>2020-01-17T13:25:00Z</ModuleTime>
      <ModuleName>System.Linq</ModuleName>
      <Classes />
    </Module>
    <Module skippedDueTo="Filter" hash="E8-0E-A2-F0-88-AB-3D-B8-A9-83-FC-9B-B5-0F-A9-68-43-83-F9-9D">
      <ModulePath>C:\Program Files\dotnet\shared\Microsoft.NETCore.App\3.1.2\System.Text.RegularExpressions.dll</ModulePath>
      <ModuleTime>2020-01-17T13:24:24Z</ModuleTime>
      <ModuleName>System.Text.RegularExpressions</ModuleName>
      <Classes />
    </Module>
    <Module skippedDueTo="Filter" hash="80-E9-96-B1-7E-C8-07-83-F0-CD-9A-6D-59-F9-52-17-02-BC-A9-2F">
      <ModulePath>C:\Program Files\dotnet\shared\Microsoft.NETCore.App\3.1.2\System.Collections.dll</ModulePath>
      <ModuleTime>2020-01-17T13:24:20Z</ModuleTime>
      <ModuleName>System.Collections</ModuleName>
      <Classes />
    </Module>
    <Module skippedDueTo="Filter" hash="43-C8-82-0A-15-91-F1-02-7E-3B-A6-45-61-06-33-A1-63-45-CA-2B">
      <ModulePath>C:\Program Files\dotnet\shared\Microsoft.NETCore.App\3.1.2\System.Memory.dll</ModulePath>
      <ModuleTime>2020-01-17T13:24:34Z</ModuleTime>
      <ModuleName>System.Memory</ModuleName>
      <Classes />
    </Module>
    <Module skippedDueTo="Filter" hash="18-05-75-23-AD-6E-22-E9-6D-BA-FD-42-FB-A5-CD-9F-86-A1-B5-DD">
      <ModulePath>C:\Program Files\dotnet\shared\Microsoft.NETCore.App\3.1.2\System.Buffers.dll</ModulePath>
      <ModuleTime>2020-01-17T13:24:24Z</ModuleTime>
      <ModuleName>System.Buffers</ModuleName>
      <Classes />
    </Module>
    <Module skippedDueTo="Filter" hash="9C-78-D0-8D-30-72-A1-73-D5-42-C8-4D-43-42-DB-57-9A-AE-BA-05">
      <ModulePath>C:\Program Files\dotnet\shared\Microsoft.NETCore.App\3.1.2\System.IO.FileSystem.dll</ModulePath>
      <ModuleTime>2020-01-17T13:24:34Z</ModuleTime>
      <ModuleName>System.IO.FileSystem</ModuleName>
      <Classes />
    </Module>
    <Module skippedDueTo="Filter" hash="D8-35-BA-93-01-1C-3F-97-F9-9F-83-AF-F2-EE-6A-E9-E8-17-00-B7">
      <ModulePath>C:\Program Files\dotnet\shared\Microsoft.NETCore.App\3.1.2\System.Runtime.InteropServices.dll</ModulePath>
      <ModuleTime>2020-01-17T13:24:22Z</ModuleTime>
      <ModuleName>System.Runtime.InteropServices</ModuleName>
      <Classes />
    </Module>
    <Module skippedDueTo="Filter" hash="23-0B-AC-03-67-69-A9-F3-B5-60-12-B5-76-8E-24-8D-5F-2B-33-E6">
      <ModulePath>C:\Program Files\dotnet\shared\Microsoft.NETCore.App\3.1.2\System.Console.dll</ModulePath>
      <ModuleTime>2020-01-17T13:25:00Z</ModuleTime>
      <ModuleName>System.Console</ModuleName>
      <Classes />
    </Module>
    <Module skippedDueTo="MissingPdb" hash="42-E3-C7-39-09-24-A1-AD-C6-78-CA-D1-53-69-7B-E9-1D-81-E2-42">
      <ModulePath>C:\Program Files\dotnet\sdk\3.1.200\Microsoft.Build.dll</ModulePath>
      <ModuleTime>2020-03-04T21:27:00Z</ModuleTime>
      <ModuleName>Microsoft.Build</ModuleName>
      <Classes />
    </Module>
    <Module skippedDueTo="Filter" hash="4F-F5-D2-32-5C-06-89-11-7E-BD-39-7D-6D-D7-AD-0E-D1-1E-3E-EA">
      <ModulePath>C:\Program Files\dotnet\shared\Microsoft.NETCore.App\3.1.2\System.Diagnostics.Tracing.dll</ModulePath>
      <ModuleTime>2020-01-17T13:24:54Z</ModuleTime>
      <ModuleName>System.Diagnostics.Tracing</ModuleName>
      <Classes />
    </Module>
    <Module skippedDueTo="Filter" hash="30-4C-A0-15-94-C9-E0-89-41-96-68-1E-7E-5F-E0-EB-A9-EE-2E-DA">
      <ModulePath>C:\Program Files\dotnet\shared\Microsoft.NETCore.App\3.1.2\System.Diagnostics.Debug.dll</ModulePath>
      <ModuleTime>2020-01-17T13:24:24Z</ModuleTime>
      <ModuleName>System.Diagnostics.Debug</ModuleName>
      <Classes />
    </Module>
    <Module skippedDueTo="Filter" hash="6D-BD-83-C9-BB-24-CB-D8-10-50-4E-C3-3E-21-60-88-C9-0D-36-7E">
      <ModulePath>C:\Program Files\dotnet\shared\Microsoft.NETCore.App\3.1.2\System.Text.Encoding.CodePages.dll</ModulePath>
      <ModuleTime>2020-01-17T13:24:24Z</ModuleTime>
      <ModuleName>System.Text.Encoding.CodePages</ModuleName>
      <Classes />
    </Module>
    <Module skippedDueTo="Filter" hash="17-0E-A7-A2-21-80-3B-80-A3-3E-0A-46-56-B5-29-AD-AC-53-00-04">
      <ModulePath>C:\Program Files\dotnet\shared\Microsoft.NETCore.App\3.1.2\System.Collections.Concurrent.dll</ModulePath>
      <ModuleTime>2020-01-17T13:25:00Z</ModuleTime>
      <ModuleName>System.Collections.Concurrent</ModuleName>
      <Classes />
    </Module>
    <Module skippedDueTo="Filter" hash="23-66-57-65-6D-90-85-80-FE-02-90-4C-0D-83-1E-8C-5F-0D-4D-1E">
      <ModulePath>C:\Program Files\dotnet\shared\Microsoft.NETCore.App\3.1.2\System.Runtime.Loader.dll</ModulePath>
      <ModuleTime>2020-01-17T13:24:22Z</ModuleTime>
      <ModuleName>System.Runtime.Loader</ModuleName>
      <Classes />
    </Module>
    <Module skippedDueTo="MissingPdb" hash="A9-6F-2B-9E-07-B6-65-F0-CB-98-DF-C3-45-04-BA-12-29-19-D9-0C">
      <ModulePath>C:\Program Files\dotnet\sdk\3.1.200\dotnet.dll</ModulePath>
      <ModuleTime>2020-03-04T21:26:58Z</ModuleTime>
      <ModuleName>dotnet</ModuleName>
      <Classes />
    </Module>
    <Module skippedDueTo="Filter" hash="C6-E3-BE-90-21-57-16-17-D5-23-26-F3-C8-3D-3F-CD-A7-4E-C7-AE">
      <ModulePath>C:\Program Files\dotnet\shared\Microsoft.NETCore.App\3.1.2\System.Collections.Immutable.dll</ModulePath>
      <ModuleTime>2020-01-17T13:24:20Z</ModuleTime>
      <ModuleName>System.Collections.Immutable</ModuleName>
      <Classes />
    </Module>
    <Module skippedDueTo="Filter" hash="C4-8A-D6-96-74-44-DB-C9-D9-1A-A7-05-A4-97-F3-43-2E-DC-39-ED">
      <ModulePath>C:\Program Files\dotnet\shared\Microsoft.NETCore.App\3.1.2\System.Threading.ThreadPool.dll</ModulePath>
      <ModuleTime>2020-01-17T13:24:14Z</ModuleTime>
      <ModuleName>System.Threading.ThreadPool</ModuleName>
      <Classes />
    </Module>
    <Module skippedDueTo="MissingPdb" hash="3B-20-4B-0C-48-21-83-51-3A-29-69-28-7C-AD-89-0E-D5-66-AD-C1">
      <ModulePath>C:\Program Files\dotnet\sdk\3.1.200\Microsoft.DotNet.Configurer.dll</ModulePath>
      <ModuleTime>2020-03-04T21:27:06Z</ModuleTime>
      <ModuleName>Microsoft.DotNet.Configurer</ModuleName>
      <Classes />
    </Module>
    <Module skippedDueTo="MissingPdb" hash="CE-F5-84-3C-C0-42-DD-A9-DA-2B-66-86-3C-D2-75-7C-80-0E-0E-3E">
      <ModulePath>C:\Program Files\dotnet\sdk\3.1.200\Microsoft.DotNet.InternalAbstractions.dll</ModulePath>
      <ModuleTime>2020-03-04T21:27:06Z</ModuleTime>
      <ModuleName>Microsoft.DotNet.InternalAbstractions</ModuleName>
      <Classes />
    </Module>
    <Module skippedDueTo="MissingPdb" hash="8A-D4-2E-EE-09-EE-44-24-66-2A-64-C5-CC-AE-61-0A-68-AF-54-15">
      <ModulePath>C:\Program Files\dotnet\sdk\3.1.200\Microsoft.DotNet.Cli.Utils.dll</ModulePath>
      <ModuleTime>2020-03-04T21:27:04Z</ModuleTime>
      <ModuleName>Microsoft.DotNet.Cli.Utils</ModuleName>
      <Classes />
    </Module>
    <Module skippedDueTo="Filter" hash="FC-4A-6A-27-A8-D4-9D-51-1B-49-A0-6D-F5-53-ED-70-EB-6A-E4-21">
      <ModulePath>C:\Program Files\dotnet\shared\Microsoft.NETCore.App\3.1.2\System.Text.Encoding.Extensions.dll</ModulePath>
      <ModuleTime>2020-01-17T13:24:22Z</ModuleTime>
      <ModuleName>System.Text.Encoding.Extensions</ModuleName>
      <Classes />
    </Module>
    <Module skippedDueTo="MissingPdb" hash="CD-05-AC-EE-92-A3-87-42-46-C1-4D-01-A6-7D-2B-D6-75-9D-5A-4D">
      <ModulePath>C:\Program Files\dotnet\sdk\3.1.200\Microsoft.ApplicationInsights.dll</ModulePath>
      <ModuleTime>2020-03-04T21:27:02Z</ModuleTime>
      <ModuleName>Microsoft.ApplicationInsights</ModuleName>
      <Classes />
    </Module>
    <Module skippedDueTo="MissingPdb" hash="FB-5C-9F-09-F0-1B-26-10-BB-D5-0D-CD-79-BB-38-4A-7E-96-4A-0F">
      <ModulePath>C:\Program Files\dotnet\sdk\3.1.200\Microsoft.DotNet.PlatformAbstractions.dll</ModulePath>
      <ModuleTime>2020-03-04T21:26:38Z</ModuleTime>
      <ModuleName>Microsoft.DotNet.PlatformAbstractions</ModuleName>
      <Classes />
    </Module>
    <Module skippedDueTo="Filter" hash="D8-E5-C4-F2-50-7B-4A-86-2F-53-39-D4-0D-84-19-7D-B9-55-45-F1">
      <ModulePath>C:\Program Files\dotnet\shared\Microsoft.NETCore.App\3.1.2\System.Runtime.CompilerServices.Unsafe.dll</ModulePath>
      <ModuleTime>2020-01-17T13:24:20Z</ModuleTime>
      <ModuleName>System.Runtime.CompilerServices.Unsafe</ModuleName>
      <Classes />
    </Module>
    <Module skippedDueTo="Filter" hash="AD-BB-76-69-2E-C0-3E-7D-C2-5B-BF-28-F3-09-D0-07-80-75-D8-54">
      <ModulePath>C:\Program Files\dotnet\shared\Microsoft.NETCore.App\3.1.2\System.Private.Uri.dll</ModulePath>
      <ModuleTime>2020-01-17T13:24:16Z</ModuleTime>
      <ModuleName>System.Private.Uri</ModuleName>
      <Classes />
    </Module>
    <Module skippedDueTo="Filter" hash="7E-04-F0-E1-17-F4-03-EB-4E-49-18-6D-F1-3D-C6-A6-76-47-F0-7B">
      <ModulePath>C:\Program Files\dotnet\shared\Microsoft.NETCore.App\3.1.2\System.Reflection.Extensions.dll</ModulePath>
      <ModuleTime>2020-01-17T13:24:18Z</ModuleTime>
      <ModuleName>System.Reflection.Extensions</ModuleName>
      <Classes />
    </Module>
    <Module skippedDueTo="Filter" hash="5C-F3-A6-CF-1F-BC-C4-BD-1F-05-7C-B7-AD-8C-12-89-9C-48-56-E3">
      <ModulePath>C:\Program Files\dotnet\shared\Microsoft.NETCore.App\3.1.2\System.Reflection.dll</ModulePath>
      <ModuleTime>2020-01-17T13:24:20Z</ModuleTime>
      <ModuleName>System.Reflection</ModuleName>
      <Classes />
    </Module>
    <Module skippedDueTo="Filter" hash="F4-14-C7-D3-38-E2-1F-66-D2-CA-5B-91-02-79-46-EE-68-60-40-E8">
      <ModulePath>C:\Program Files\dotnet\shared\Microsoft.NETCore.App\3.1.2\System.Xml.XDocument.dll</ModulePath>
      <ModuleTime>2020-01-17T13:24:20Z</ModuleTime>
      <ModuleName>System.Xml.XDocument</ModuleName>
      <Classes />
    </Module>
    <Module skippedDueTo="Filter" hash="B5-C7-96-36-55-5C-E9-8A-F1-E8-BB-1F-F7-07-62-AB-D6-A2-96-FC">
      <ModulePath>C:\Program Files\dotnet\shared\Microsoft.NETCore.App\3.1.2\System.Private.Xml.Linq.dll</ModulePath>
      <ModuleTime>2020-01-17T13:24:18Z</ModuleTime>
      <ModuleName>System.Private.Xml.Linq</ModuleName>
      <Classes />
    </Module>
    <Module skippedDueTo="Filter" hash="63-4E-5C-3E-5F-C5-9C-86-AD-D1-8E-03-B7-1A-DF-C1-54-7F-E6-D8">
      <ModulePath>C:\Program Files\dotnet\shared\Microsoft.NETCore.App\3.1.2\System.Threading.Thread.dll</ModulePath>
      <ModuleTime>2020-01-17T13:24:18Z</ModuleTime>
      <ModuleName>System.Threading.Thread</ModuleName>
      <Classes />
    </Module>
    <Module skippedDueTo="Filter" hash="07-0D-A2-00-4D-83-CB-98-A6-24-F5-FE-79-40-25-24-1F-EB-03-4A">
      <ModulePath>C:\Program Files\dotnet\shared\Microsoft.NETCore.App\3.1.2\System.Private.Xml.dll</ModulePath>
      <ModuleTime>2020-01-17T13:24:16Z</ModuleTime>
      <ModuleName>System.Private.Xml</ModuleName>
      <Classes />
    </Module>
    <Module skippedDueTo="Filter" hash="CB-62-88-BA-CF-9C-F2-74-50-F3-4F-21-EE-3E-F3-17-FD-7C-68-AF">
      <ModulePath>C:\Program Files\dotnet\shared\Microsoft.NETCore.App\3.1.2\System.Xml.ReaderWriter.dll</ModulePath>
      <ModuleTime>2020-01-17T13:24:14Z</ModuleTime>
      <ModuleName>System.Xml.ReaderWriter</ModuleName>
      <Classes />
    </Module>
    <Module skippedDueTo="Filter" hash="15-DB-80-0C-63-98-A4-8C-78-D7-5D-56-3F-72-4B-30-E3-9B-91-27">
      <ModulePath>C:\Program Files\dotnet\shared\Microsoft.NETCore.App\3.1.2\System.Globalization.dll</ModulePath>
      <ModuleTime>2020-01-17T13:24:56Z</ModuleTime>
      <ModuleName>System.Globalization</ModuleName>
      <Classes />
    </Module>
    <Module skippedDueTo="Filter" hash="96-55-C9-17-69-6A-27-CB-A5-4A-41-A2-D7-DF-6F-CA-0C-A9-82-EA">
      <ModulePath>C:\Program Files\dotnet\shared\Microsoft.NETCore.App\3.1.2\System.Threading.Tasks.Dataflow.dll</ModulePath>
      <ModuleTime>2020-01-17T13:24:26Z</ModuleTime>
      <ModuleName>System.Threading.Tasks.Dataflow</ModuleName>
      <Classes />
    </Module>
    <Module skippedDueTo="Filter" hash="FE-4E-7C-80-66-BD-DC-95-FC-BC-CA-13-80-47-64-C7-85-2B-F4-1A">
      <ModulePath>C:\Program Files\dotnet\shared\Microsoft.NETCore.App\3.1.2\System.Security.Cryptography.Encoding.dll</ModulePath>
      <ModuleTime>2020-01-17T13:24:50Z</ModuleTime>
      <ModuleName>System.Security.Cryptography.Encoding</ModuleName>
      <Classes />
    </Module>
    <Module skippedDueTo="Filter" hash="01-13-13-F6-42-75-40-C4-FD-BB-C8-E7-7C-2C-4B-31-0B-E7-FB-99">
      <ModulePath>C:\Program Files\dotnet\shared\Microsoft.NETCore.App\3.1.2\System.Security.Cryptography.Algorithms.dll</ModulePath>
      <ModuleTime>2020-01-17T13:24:50Z</ModuleTime>
      <ModuleName>System.Security.Cryptography.Algorithms</ModuleName>
      <Classes />
    </Module>
    <Module skippedDueTo="Filter" hash="1D-71-66-BE-0C-8F-0E-A3-FF-35-02-4E-F1-D2-1F-B1-78-60-9C-7D">
      <ModulePath>C:\Program Files\dotnet\shared\Microsoft.NETCore.App\3.1.2\System.Security.Cryptography.Primitives.dll</ModulePath>
      <ModuleTime>2020-01-17T13:24:24Z</ModuleTime>
      <ModuleName>System.Security.Cryptography.Primitives</ModuleName>
      <Classes />
    </Module>
    <Module skippedDueTo="MissingPdb" hash="1A-6E-CD-17-68-3E-77-6D-91-8A-BB-04-32-E2-85-EC-EC-0E-16-A3">
      <ModulePath>C:\Program Files\dotnet\shared\Microsoft.NETCore.App\3.1.2\Microsoft.Win32.Registry.dll</ModulePath>
      <ModuleTime>2020-01-17T13:24:18Z</ModuleTime>
      <ModuleName>Microsoft.Win32.Registry</ModuleName>
      <Classes />
    </Module>
    <Module skippedDueTo="Filter" hash="3F-F5-42-F8-5F-B3-30-7F-7B-C3-03-EB-DF-F3-6E-52-FC-E9-35-84">
      <ModulePath>C:\Program Files\dotnet\shared\Microsoft.NETCore.App\3.1.2\System.Resources.ResourceManager.dll</ModulePath>
      <ModuleTime>2020-01-17T13:24:14Z</ModuleTime>
      <ModuleName>System.Resources.ResourceManager</ModuleName>
      <Classes />
    </Module>
    <Module skippedDueTo="MissingPdb" hash="68-C6-7F-81-9D-E0-7B-2D-7E-17-DE-B7-93-67-3B-E1-F2-93-22-E8">
      <ModulePath>C:\Program Files\dotnet\sdk\3.1.200\zh-Hans\Microsoft.Build.resources.dll</ModulePath>
      <ModuleTime>2020-02-24T12:24:42Z</ModuleTime>
      <ModuleName>Microsoft.Build.resources</ModuleName>
      <Classes />
    </Module>
    <Module skippedDueTo="Filter" hash="BA-8E-3F-DD-BF-1F-24-FD-45-1B-C7-A0-61-DD-BF-B5-09-93-FF-C5">
      <ModulePath>C:\Program Files\dotnet\shared\Microsoft.NETCore.App\3.1.2\System.ObjectModel.dll</ModulePath>
      <ModuleTime>2020-01-17T13:24:18Z</ModuleTime>
      <ModuleName>System.ObjectModel</ModuleName>
      <Classes />
    </Module>
    <Module skippedDueTo="Filter" hash="04-D7-A5-C0-19-13-62-F0-57-39-A8-F0-FA-F9-86-A5-2D-25-7D-4D">
      <ModulePath>C:\Program Files\dotnet\shared\Microsoft.NETCore.App\3.1.2\System.Diagnostics.TraceSource.dll</ModulePath>
      <ModuleTime>2020-01-17T13:24:32Z</ModuleTime>
      <ModuleName>System.Diagnostics.TraceSource</ModuleName>
      <Classes />
    </Module>
    <Module skippedDueTo="MissingPdb" hash="DF-BD-E8-C2-F2-65-F7-35-DD-FB-31-19-77-34-10-3F-D2-1B-51-E0">
      <ModulePath>C:\Program Files\dotnet\sdk\3.1.200\Microsoft.Build.NuGetSdkResolver.dll</ModulePath>
      <ModuleTime>2020-03-04T21:27:04Z</ModuleTime>
      <ModuleName>Microsoft.Build.NuGetSdkResolver</ModuleName>
      <Classes />
    </Module>
    <Module skippedDueTo="Filter" hash="0A-74-F2-A0-E3-88-2F-8B-3A-2F-91-C6-2A-9B-8D-40-CB-83-34-DF">
      <ModulePath>C:\Program Files\dotnet\shared\Microsoft.NETCore.App\3.1.2\System.Diagnostics.FileVersionInfo.dll</ModulePath>
      <ModuleTime>2020-01-17T13:24:24Z</ModuleTime>
      <ModuleName>System.Diagnostics.FileVersionInfo</ModuleName>
      <Classes />
    </Module>
    <Module skippedDueTo="Filter" hash="B0-AB-AA-76-8C-90-C5-FE-95-8E-5D-EC-D4-69-6F-BC-C8-D2-52-38">
      <ModulePath>C:\Program Files\dotnet\shared\Microsoft.NETCore.App\3.1.2\System.Threading.Tasks.Parallel.dll</ModulePath>
      <ModuleTime>2020-01-17T13:24:24Z</ModuleTime>
      <ModuleName>System.Threading.Tasks.Parallel</ModuleName>
      <Classes />
    </Module>
    <Module skippedDueTo="MissingPdb" hash="62-B5-13-1B-9C-C6-E6-5B-92-49-C1-09-1D-49-95-71-9B-1B-D0-55">
      <ModulePath>C:\Program Files\dotnet\sdk\3.1.200\Microsoft.Build.Utilities.Core.dll</ModulePath>
      <ModuleTime>2020-03-04T21:27:04Z</ModuleTime>
      <ModuleName>Microsoft.Build.Utilities.Core</ModuleName>
      <Classes />
    </Module>
    <Module skippedDueTo="Filter" hash="41-3C-C6-F2-96-59-84-94-69-9A-FF-B0-F5-D9-3F-9B-1C-16-D2-0C">
      <ModulePath>C:\Program Files\dotnet\shared\Microsoft.NETCore.App\3.1.2\System.Reflection.Emit.ILGeneration.dll</ModulePath>
      <ModuleTime>2020-01-17T13:24:14Z</ModuleTime>
      <ModuleName>System.Reflection.Emit.ILGeneration</ModuleName>
      <Classes />
    </Module>
    <Module skippedDueTo="Filter" hash="06-C0-07-B0-35-AD-B1-9D-46-F7-8B-68-E6-98-EB-A9-A0-0B-38-8C">
      <ModulePath>C:\Program Files\dotnet\shared\Microsoft.NETCore.App\3.1.2\System.Reflection.Emit.Lightweight.dll</ModulePath>
      <ModuleTime>2020-01-17T13:24:48Z</ModuleTime>
      <ModuleName>System.Reflection.Emit.Lightweight</ModuleName>
      <Classes />
    </Module>
    <Module skippedDueTo="Filter" hash="34-58-3E-BE-71-AD-EB-15-88-DD-E1-FB-4E-DC-F8-7E-28-55-83-91">
      <ModulePath>C:\Program Files\dotnet\shared\Microsoft.NETCore.App\3.1.2\System.Reflection.Primitives.dll</ModulePath>
      <ModuleTime>2020-01-17T13:24:20Z</ModuleTime>
      <ModuleName>System.Reflection.Primitives</ModuleName>
      <Classes />
    </Module>
    <Module skippedDueTo="MissingPdb" hash="E0-93-0D-3C-8F-C6-61-E0-54-A8-16-DF-DF-E6-1C-2D-B6-90-D9-77">
      <ModulePath>C:\Program Files\dotnet\sdk\3.1.200\Microsoft.Build.Tasks.Core.dll</ModulePath>
      <ModuleTime>2020-03-04T21:27:06Z</ModuleTime>
      <ModuleName>Microsoft.Build.Tasks.Core</ModuleName>
      <Classes />
    </Module>
    <Module skippedDueTo="MissingPdb" hash="6A-D5-82-F2-8B-CD-5B-5B-AC-02-39-34-46-E4-6F-4E-71-CA-EA-30">
      <ModulePath>C:\Program Files\dotnet\sdk\3.1.200\Microsoft.TestPlatform.Build.dll</ModulePath>
      <ModuleTime>2020-03-04T21:27:12Z</ModuleTime>
      <ModuleName>Microsoft.TestPlatform.Build</ModuleName>
      <Classes />
    </Module>
    <Module skippedDueTo="MissingPdb" hash="A9-73-D7-B9-ED-81-BF-B6-8E-C5-56-A3-22-B6-51-63-35-6A-23-EC">
      <ModulePath>C:\Program Files\dotnet\sdk\3.1.200\zh-Hans\Microsoft.TestPlatform.Build.resources.dll</ModulePath>
      <ModuleTime>2020-02-04T12:55:20Z</ModuleTime>
      <ModuleName>Microsoft.TestPlatform.Build.resources</ModuleName>
      <Classes />
    </Module>
    <Module skippedDueTo="MissingPdb" hash="11-F7-36-1C-4E-B8-6E-30-72-2F-B8-FE-18-19-F3-18-CB-B8-54-47">
      <ModulePath>C:\Program Files\dotnet\shared\Microsoft.NETCore.App\3.1.2\Microsoft.Win32.Primitives.dll</ModulePath>
      <ModuleTime>2020-01-17T13:24:22Z</ModuleTime>
      <ModuleName>Microsoft.Win32.Primitives</ModuleName>
      <Classes />
    </Module>
    <Module skippedDueTo="Filter" hash="CC-CD-70-8B-AA-44-37-23-0A-2C-8E-07-45-F9-34-C7-AA-A2-7B-2A">
      <ModulePath>C:\Program Files\dotnet\shared\Microsoft.NETCore.App\3.1.2\System.Private.CoreLib.dll</ModulePath>
      <ModuleTime>2020-01-16T18:39:44Z</ModuleTime>
      <ModuleName>System.Private.CoreLib</ModuleName>
      <Classes />
    </Module>
    <Module skippedDueTo="MissingPdb" hash="56-9A-D3-B9-E7-45-03-51-36-B2-BD-F5-8F-F9-81-24-2D-4F-36-0C">
      <ModulePath>C:\Program Files\dotnet\sdk\3.1.200\vstest.console.dll</ModulePath>
      <ModuleTime>2020-03-04T21:26:40Z</ModuleTime>
      <ModuleName>vstest.console</ModuleName>
      <Classes />
    </Module>
    <Module skippedDueTo="Filter" hash="DF-B7-48-89-88-FB-A4-22-B9-28-A6-6D-D6-65-30-22-52-34-0B-F7">
      <ModulePath>C:\Program Files\dotnet\shared\Microsoft.NETCore.App\3.1.2\System.Runtime.dll</ModulePath>
      <ModuleTime>2020-01-17T13:24:16Z</ModuleTime>
      <ModuleName>System.Runtime</ModuleName>
      <Classes />
    </Module>
    <Module skippedDueTo="Filter" hash="6B-15-7A-87-08-B2-55-AA-1F-C2-85-F7-51-11-46-37-50-A7-BB-98">
      <ModulePath>C:\Program Files\dotnet\shared\Microsoft.NETCore.App\3.1.2\System.Diagnostics.Process.dll</ModulePath>
      <ModuleTime>2020-01-17T13:25:02Z</ModuleTime>
      <ModuleName>System.Diagnostics.Process</ModuleName>
      <Classes />
    </Module>
    <Module skippedDueTo="Filter" hash="79-0D-FD-A3-3E-DD-4A-60-4A-CB-37-4B-49-8B-E7-40-2F-DF-33-6B">
      <ModulePath>C:\Program Files\dotnet\shared\Microsoft.NETCore.App\3.1.2\System.ComponentModel.Primitives.dll</ModulePath>
      <ModuleTime>2020-01-17T13:24:56Z</ModuleTime>
      <ModuleName>System.ComponentModel.Primitives</ModuleName>
      <Classes />
    </Module>
    <Module skippedDueTo="Filter" hash="B7-5D-7F-AB-1A-C8-BF-68-B3-31-8E-2C-E8-26-57-40-E1-E8-04-33">
      <ModulePath>C:\Program Files\dotnet\shared\Microsoft.NETCore.App\3.1.2\System.Runtime.Extensions.dll</ModulePath>
      <ModuleTime>2020-01-17T13:24:26Z</ModuleTime>
      <ModuleName>System.Runtime.Extensions</ModuleName>
      <Classes />
    </Module>
    <Module skippedDueTo="MissingPdb" hash="13-95-EA-73-85-FD-E2-AC-23-67-6F-FC-AD-92-D9-71-8A-0B-CC-A0">
      <ModulePath>C:\Program Files\dotnet\sdk\3.1.200\Microsoft.TestPlatform.CoreUtilities.dll</ModulePath>
      <ModuleTime>2020-03-04T21:27:12Z</ModuleTime>
      <ModuleName>Microsoft.TestPlatform.CoreUtilities</ModuleName>
      <Classes />
    </Module>
    <Module skippedDueTo="MissingPdb" hash="01-8B-46-CF-5D-1B-BC-C6-D4-05-FC-0B-2E-9B-A2-8E-71-60-53-A8">
      <ModulePath>C:\Program Files\dotnet\shared\Microsoft.NETCore.App\3.1.2\netstandard.dll</ModulePath>
      <ModuleTime>2020-01-17T13:24:20Z</ModuleTime>
      <ModuleName>netstandard</ModuleName>
      <Classes />
    </Module>
    <Module skippedDueTo="Filter" hash="30-4C-A0-15-94-C9-E0-89-41-96-68-1E-7E-5F-E0-EB-A9-EE-2E-DA">
      <ModulePath>C:\Program Files\dotnet\shared\Microsoft.NETCore.App\3.1.2\System.Diagnostics.Debug.dll</ModulePath>
      <ModuleTime>2020-01-17T13:24:24Z</ModuleTime>
      <ModuleName>System.Diagnostics.Debug</ModuleName>
      <Classes />
    </Module>
    <Module skippedDueTo="Filter" hash="63-4E-5C-3E-5F-C5-9C-86-AD-D1-8E-03-B7-1A-DF-C1-54-7F-E6-D8">
      <ModulePath>C:\Program Files\dotnet\shared\Microsoft.NETCore.App\3.1.2\System.Threading.Thread.dll</ModulePath>
      <ModuleTime>2020-01-17T13:24:18Z</ModuleTime>
      <ModuleName>System.Threading.Thread</ModuleName>
      <Classes />
    </Module>
    <Module skippedDueTo="Filter" hash="CE-0A-16-08-A7-B6-1B-C8-29-63-20-BF-B3-7D-96-49-AF-78-9C-70">
      <ModulePath>C:\Program Files\dotnet\shared\Microsoft.NETCore.App\3.1.2\System.Threading.dll</ModulePath>
      <ModuleTime>2020-01-17T13:24:24Z</ModuleTime>
      <ModuleName>System.Threading</ModuleName>
      <Classes />
    </Module>
    <Module skippedDueTo="Filter" hash="23-0B-AC-03-67-69-A9-F3-B5-60-12-B5-76-8E-24-8D-5F-2B-33-E6">
      <ModulePath>C:\Program Files\dotnet\shared\Microsoft.NETCore.App\3.1.2\System.Console.dll</ModulePath>
      <ModuleTime>2020-01-17T13:25:00Z</ModuleTime>
      <ModuleName>System.Console</ModuleName>
      <Classes />
    </Module>
    <Module skippedDueTo="Filter" hash="FC-4A-6A-27-A8-D4-9D-51-1B-49-A0-6D-F5-53-ED-70-EB-6A-E4-21">
      <ModulePath>C:\Program Files\dotnet\shared\Microsoft.NETCore.App\3.1.2\System.Text.Encoding.Extensions.dll</ModulePath>
      <ModuleTime>2020-01-17T13:24:22Z</ModuleTime>
      <ModuleName>System.Text.Encoding.Extensions</ModuleName>
      <Classes />
    </Module>
    <Module skippedDueTo="Filter" hash="4F-F5-D2-32-5C-06-89-11-7E-BD-39-7D-6D-D7-AD-0E-D1-1E-3E-EA">
      <ModulePath>C:\Program Files\dotnet\shared\Microsoft.NETCore.App\3.1.2\System.Diagnostics.Tracing.dll</ModulePath>
      <ModuleTime>2020-01-17T13:24:54Z</ModuleTime>
      <ModuleName>System.Diagnostics.Tracing</ModuleName>
      <Classes />
    </Module>
    <Module skippedDueTo="Filter" hash="80-E9-96-B1-7E-C8-07-83-F0-CD-9A-6D-59-F9-52-17-02-BC-A9-2F">
      <ModulePath>C:\Program Files\dotnet\shared\Microsoft.NETCore.App\3.1.2\System.Collections.dll</ModulePath>
      <ModuleTime>2020-01-17T13:24:20Z</ModuleTime>
      <ModuleName>System.Collections</ModuleName>
      <Classes />
    </Module>
    <Module skippedDueTo="MissingPdb" hash="4E-BE-5B-68-74-71-53-2F-E6-41-8D-15-DB-44-99-4E-DB-78-4E-64">
      <ModulePath>C:\Program Files\dotnet\sdk\3.1.200\Microsoft.VisualStudio.TestPlatform.ObjectModel.dll</ModulePath>
      <ModuleTime>2020-03-04T21:27:14Z</ModuleTime>
      <ModuleName>Microsoft.VisualStudio.TestPlatform.ObjectModel</ModuleName>
      <Classes />
    </Module>
    <Module skippedDueTo="MissingPdb" hash="EF-2F-A6-AF-B7-61-0D-C4-C3-B5-DE-AD-41-98-8E-A0-DB-69-66-86">
      <ModulePath>C:\Program Files\dotnet\sdk\3.1.200\Microsoft.VisualStudio.TestPlatform.Client.dll</ModulePath>
      <ModuleTime>2020-03-04T21:27:14Z</ModuleTime>
      <ModuleName>Microsoft.VisualStudio.TestPlatform.Client</ModuleName>
      <Classes />
    </Module>
    <Module skippedDueTo="MissingPdb" hash="AF-4E-CA-09-7D-EC-C5-1E-C9-59-DB-AA-F6-FB-55-E5-F9-CA-C3-D4">
      <ModulePath>C:\Program Files\dotnet\sdk\3.1.200\Microsoft.VisualStudio.TestPlatform.Common.dll</ModulePath>
      <ModuleTime>2020-03-04T21:27:18Z</ModuleTime>
      <ModuleName>Microsoft.VisualStudio.TestPlatform.Common</ModuleName>
      <Classes />
    </Module>
    <Module skippedDueTo="Filter" hash="3F-AB-0A-41-10-89-4E-D8-9A-FC-51-45-23-D7-8E-68-65-83-F5-B9">
      <ModulePath>C:\Program Files\dotnet\shared\Microsoft.NETCore.App\3.1.2\System.Linq.dll</ModulePath>
      <ModuleTime>2020-01-17T13:25:00Z</ModuleTime>
      <ModuleName>System.Linq</ModuleName>
      <Classes />
    </Module>
    <Module skippedDueTo="Filter" hash="D8-35-BA-93-01-1C-3F-97-F9-9F-83-AF-F2-EE-6A-E9-E8-17-00-B7">
      <ModulePath>C:\Program Files\dotnet\shared\Microsoft.NETCore.App\3.1.2\System.Runtime.InteropServices.dll</ModulePath>
      <ModuleTime>2020-01-17T13:24:22Z</ModuleTime>
      <ModuleName>System.Runtime.InteropServices</ModuleName>
      <Classes />
    </Module>
    <Module skippedDueTo="Filter" hash="3F-F5-42-F8-5F-B3-30-7F-7B-C3-03-EB-DF-F3-6E-52-FC-E9-35-84">
      <ModulePath>C:\Program Files\dotnet\shared\Microsoft.NETCore.App\3.1.2\System.Resources.ResourceManager.dll</ModulePath>
      <ModuleTime>2020-01-17T13:24:14Z</ModuleTime>
      <ModuleName>System.Resources.ResourceManager</ModuleName>
      <Classes />
    </Module>
    <Module skippedDueTo="MissingPdb" hash="4A-B7-2B-B7-F2-B0-20-B5-63-93-FB-BD-8C-2D-6C-0B-FA-35-26-27">
      <ModulePath>C:\Program Files\dotnet\sdk\3.1.200\zh-Hans\vstest.console.resources.dll</ModulePath>
      <ModuleTime>2020-02-04T12:55:22Z</ModuleTime>
      <ModuleName>vstest.console.resources</ModuleName>
      <Classes />
    </Module>
    <Module skippedDueTo="Filter" hash="9C-78-D0-8D-30-72-A1-73-D5-42-C8-4D-43-42-DB-57-9A-AE-BA-05">
      <ModulePath>C:\Program Files\dotnet\shared\Microsoft.NETCore.App\3.1.2\System.IO.FileSystem.dll</ModulePath>
      <ModuleTime>2020-01-17T13:24:34Z</ModuleTime>
      <ModuleName>System.IO.FileSystem</ModuleName>
      <Classes />
    </Module>
    <Module skippedDueTo="Filter" hash="CB-62-88-BA-CF-9C-F2-74-50-F3-4F-21-EE-3E-F3-17-FD-7C-68-AF">
      <ModulePath>C:\Program Files\dotnet\shared\Microsoft.NETCore.App\3.1.2\System.Xml.ReaderWriter.dll</ModulePath>
      <ModuleTime>2020-01-17T13:24:14Z</ModuleTime>
      <ModuleName>System.Xml.ReaderWriter</ModuleName>
      <Classes />
    </Module>
    <Module skippedDueTo="Filter" hash="07-0D-A2-00-4D-83-CB-98-A6-24-F5-FE-79-40-25-24-1F-EB-03-4A">
      <ModulePath>C:\Program Files\dotnet\shared\Microsoft.NETCore.App\3.1.2\System.Private.Xml.dll</ModulePath>
      <ModuleTime>2020-01-17T13:24:16Z</ModuleTime>
      <ModuleName>System.Private.Xml</ModuleName>
      <Classes />
    </Module>
    <Module skippedDueTo="MissingPdb" hash="71-7F-3F-0B-17-A7-FF-02-07-87-65-77-C0-DB-83-A0-13-47-E5-50">
      <ModulePath>C:\Program Files\dotnet\sdk\3.1.200\Microsoft.TestPlatform.PlatformAbstractions.dll</ModulePath>
      <ModuleTime>2020-03-04T21:27:14Z</ModuleTime>
      <ModuleName>Microsoft.TestPlatform.PlatformAbstractions</ModuleName>
      <Classes />
    </Module>
    <Module skippedDueTo="MissingPdb" hash="D0-D1-95-97-A0-72-02-37-83-68-27-18-CA-8A-9D-27-BB-CE-56-89">
      <ModulePath>C:\Program Files\dotnet\sdk\3.1.200\Microsoft.TestPlatform.Utilities.dll</ModulePath>
      <ModuleTime>2020-03-04T21:27:12Z</ModuleTime>
      <ModuleName>Microsoft.TestPlatform.Utilities</ModuleName>
      <Classes />
    </Module>
    <Module skippedDueTo="Filter" hash="60-F7-64-C0-BF-F2-13-9F-7F-1C-9B-5C-C5-36-60-F7-39-4C-CB-51">
      <ModulePath>C:\Program Files\dotnet\shared\Microsoft.NETCore.App\3.1.2\System.Runtime.InteropServices.RuntimeInformation.dll</ModulePath>
      <ModuleTime>2020-01-17T13:24:22Z</ModuleTime>
      <ModuleName>System.Runtime.InteropServices.RuntimeInformation</ModuleName>
      <Classes />
    </Module>
    <Module skippedDueTo="MissingPdb" hash="C0-A1-B4-1E-0E-0B-CF-20-D3-01-D7-B3-5F-10-D7-37-85-33-57-63">
      <ModulePath>C:\Program Files\dotnet\sdk\3.1.200\NuGet.Frameworks.dll</ModulePath>
      <ModuleTime>2020-03-04T21:27:20Z</ModuleTime>
      <ModuleName>NuGet.Frameworks</ModuleName>
      <Classes />
    </Module>
    <Module skippedDueTo="Filter" hash="AD-BB-76-69-2E-C0-3E-7D-C2-5B-BF-28-F3-09-D0-07-80-75-D8-54">
      <ModulePath>C:\Program Files\dotnet\shared\Microsoft.NETCore.App\3.1.2\System.Private.Uri.dll</ModulePath>
      <ModuleTime>2020-01-17T13:24:16Z</ModuleTime>
      <ModuleName>System.Private.Uri</ModuleName>
      <Classes />
    </Module>
    <Module skippedDueTo="Filter" hash="43-C8-82-0A-15-91-F1-02-7E-3B-A6-45-61-06-33-A1-63-45-CA-2B">
      <ModulePath>C:\Program Files\dotnet\shared\Microsoft.NETCore.App\3.1.2\System.Memory.dll</ModulePath>
      <ModuleTime>2020-01-17T13:24:34Z</ModuleTime>
      <ModuleName>System.Memory</ModuleName>
      <Classes />
    </Module>
    <Module skippedDueTo="Filter" hash="01-13-13-F6-42-75-40-C4-FD-BB-C8-E7-7C-2C-4B-31-0B-E7-FB-99">
      <ModulePath>C:\Program Files\dotnet\shared\Microsoft.NETCore.App\3.1.2\System.Security.Cryptography.Algorithms.dll</ModulePath>
      <ModuleTime>2020-01-17T13:24:50Z</ModuleTime>
      <ModuleName>System.Security.Cryptography.Algorithms</ModuleName>
      <Classes />
    </Module>
    <Module skippedDueTo="Filter" hash="04-D7-A5-C0-19-13-62-F0-57-39-A8-F0-FA-F9-86-A5-2D-25-7D-4D">
      <ModulePath>C:\Program Files\dotnet\shared\Microsoft.NETCore.App\3.1.2\System.Diagnostics.TraceSource.dll</ModulePath>
      <ModuleTime>2020-01-17T13:24:32Z</ModuleTime>
      <ModuleName>System.Diagnostics.TraceSource</ModuleName>
      <Classes />
    </Module>
    <Module skippedDueTo="Filter" hash="C4-8A-D6-96-74-44-DB-C9-D9-1A-A7-05-A4-97-F3-43-2E-DC-39-ED">
      <ModulePath>C:\Program Files\dotnet\shared\Microsoft.NETCore.App\3.1.2\System.Threading.ThreadPool.dll</ModulePath>
      <ModuleTime>2020-01-17T13:24:14Z</ModuleTime>
      <ModuleName>System.Threading.ThreadPool</ModuleName>
      <Classes />
    </Module>
    <Module skippedDueTo="Filter" hash="B1-DC-19-8D-B9-01-86-F6-39-6B-0C-48-F1-88-05-9D-57-64-AF-D0">
      <ModulePath>C:\Program Files\dotnet\shared\Microsoft.NETCore.App\3.1.2\System.Collections.NonGeneric.dll</ModulePath>
      <ModuleTime>2020-01-17T13:24:20Z</ModuleTime>
      <ModuleName>System.Collections.NonGeneric</ModuleName>
      <Classes />
    </Module>
    <Module skippedDueTo="MissingPdb" hash="A5-D6-92-C0-EB-08-57-9A-F2-F8-66-31-BE-39-F4-27-27-9D-8D-21">
      <ModulePath>C:\Program Files\dotnet\sdk\3.1.200\Microsoft.Extensions.FileSystemGlobbing.dll</ModulePath>
      <ModuleTime>2020-03-04T21:27:08Z</ModuleTime>
      <ModuleName>Microsoft.Extensions.FileSystemGlobbing</ModuleName>
      <Classes />
    </Module>
    <Module skippedDueTo="MissingPdb" hash="0E-E7-E8-6B-CB-B9-FC-3E-D4-2E-14-48-7C-85-60-AF-0C-E8-29-17">
      <ModulePath>C:\Program Files\dotnet\sdk\3.1.200\Microsoft.TestPlatform.CrossPlatEngine.dll</ModulePath>
      <ModuleTime>2020-03-04T21:27:22Z</ModuleTime>
      <ModuleName>Microsoft.TestPlatform.CrossPlatEngine</ModuleName>
      <Classes />
    </Module>
    <Module skippedDueTo="Filter" hash="23-66-57-65-6D-90-85-80-FE-02-90-4C-0D-83-1E-8C-5F-0D-4D-1E">
      <ModulePath>C:\Program Files\dotnet\shared\Microsoft.NETCore.App\3.1.2\System.Runtime.Loader.dll</ModulePath>
      <ModuleTime>2020-01-17T13:24:22Z</ModuleTime>
      <ModuleName>System.Runtime.Loader</ModuleName>
      <Classes />
    </Module>
    <Module skippedDueTo="MissingPdb" hash="C0-97-6B-1C-10-08-EF-AB-18-C1-D9-45-5A-CA-42-26-A4-37-21-F6">
      <ModulePath>C:\Program Files\dotnet\sdk\3.1.200\Extensions\Microsoft.TestPlatform.Extensions.BlameDataCollector.dll</ModulePath>
      <ModuleTime>2020-03-04T21:27:00Z</ModuleTime>
      <ModuleName>Microsoft.TestPlatform.Extensions.BlameDataCollector</ModuleName>
      <Classes />
    </Module>
    <Module skippedDueTo="MissingPdb" hash="04-77-E0-D3-40-DA-95-B9-FC-B5-A1-54-7E-38-5B-86-0D-1B-18-A2">
      <ModulePath>C:\Program Files\dotnet\sdk\3.1.200\Extensions\Microsoft.TestPlatform.Extensions.EventLogCollector.dll</ModulePath>
      <ModuleTime>2020-02-04T12:55:20Z</ModuleTime>
      <ModuleName>Microsoft.TestPlatform.Extensions.EventLogCollector</ModuleName>
      <Classes />
    </Module>
    <Module skippedDueTo="Filter" hash="EE-9B-24-13-32-07-41-2E-AD-7B-E4-37-AE-D6-3D-E9-7F-70-00-97">
      <ModulePath>C:\Program Files\dotnet\shared\Microsoft.NETCore.App\3.1.2\mscorlib.dll</ModulePath>
      <ModuleTime>2020-01-17T10:08:56Z</ModuleTime>
      <ModuleName>mscorlib</ModuleName>
      <Classes />
    </Module>
    <Module skippedDueTo="Filter" hash="5E-65-FA-7D-C6-E4-BE-E2-87-81-98-5B-0A-B7-55-0B-FA-04-18-E2">
      <ModulePath>C:\Program Files\dotnet\shared\Microsoft.NETCore.App\3.1.2\System.Xml.dll</ModulePath>
      <ModuleTime>2020-01-17T13:24:22Z</ModuleTime>
      <ModuleName>System.Xml</ModuleName>
      <Classes />
    </Module>
    <Module skippedDueTo="MissingPdb" hash="3F-8C-73-A0-7E-B0-C0-08-43-69-32-28-55-B1-73-AA-95-03-35-EA">
      <ModulePath>C:\Program Files\dotnet\sdk\3.1.200\Extensions\Microsoft.TestPlatform.TestHostRuntimeProvider.dll</ModulePath>
      <ModuleTime>2020-03-04T21:26:38Z</ModuleTime>
      <ModuleName>Microsoft.TestPlatform.TestHostRuntimeProvider</ModuleName>
      <Classes />
    </Module>
    <Module skippedDueTo="Filter" hash="0E-6E-84-27-30-91-8B-D5-93-DC-99-37-3D-B1-6C-E0-89-03-41-21">
      <ModulePath>C:\Program Files\dotnet\shared\Microsoft.NETCore.App\3.1.2\System.Threading.Tasks.dll</ModulePath>
      <ModuleTime>2020-01-17T13:24:24Z</ModuleTime>
      <ModuleName>System.Threading.Tasks</ModuleName>
      <Classes />
    </Module>
    <Module skippedDueTo="MissingPdb" hash="FA-A2-C5-F3-FF-C4-F2-25-CC-7D-D2-B8-16-E9-2A-75-BC-9C-8C-BF">
      <ModulePath>C:\Program Files\dotnet\sdk\3.1.200\Extensions\Microsoft.VisualStudio.TestPlatform.Extensions.Html.TestLogger.dll</ModulePath>
      <ModuleTime>2020-03-04T21:27:16Z</ModuleTime>
      <ModuleName>Microsoft.VisualStudio.TestPlatform.Extensions.Html.TestLogger</ModuleName>
      <Classes />
    </Module>
    <Module skippedDueTo="MissingPdb" hash="9B-E1-33-AD-1F-19-15-53-51-7F-56-1C-52-A8-C8-98-64-51-D1-7C">
      <ModulePath>C:\Program Files\dotnet\sdk\3.1.200\Extensions\Microsoft.VisualStudio.TestPlatform.Extensions.Trx.TestLogger.dll</ModulePath>
      <ModuleTime>2020-03-04T21:27:02Z</ModuleTime>
      <ModuleName>Microsoft.VisualStudio.TestPlatform.Extensions.Trx.TestLogger</ModuleName>
      <Classes />
    </Module>
    <Module skippedDueTo="Filter" hash="7A-4B-18-98-83-5E-D8-37-07-31-CC-35-36-7A-0F-83-30-73-FD-AB">
      <ModulePath>C:\Program Files\dotnet\shared\Microsoft.NETCore.App\3.1.2\System.Reflection.Metadata.dll</ModulePath>
      <ModuleTime>2020-01-17T13:24:16Z</ModuleTime>
      <ModuleName>System.Reflection.Metadata</ModuleName>
      <Classes />
    </Module>
    <Module skippedDueTo="Filter" hash="C6-E3-BE-90-21-57-16-17-D5-23-26-F3-C8-3D-3F-CD-A7-4E-C7-AE">
      <ModulePath>C:\Program Files\dotnet\shared\Microsoft.NETCore.App\3.1.2\System.Collections.Immutable.dll</ModulePath>
      <ModuleTime>2020-01-17T13:24:20Z</ModuleTime>
      <ModuleName>System.Collections.Immutable</ModuleName>
      <Classes />
    </Module>
    <Module skippedDueTo="MissingPdb" hash="11-F7-36-1C-4E-B8-6E-30-72-2F-B8-FE-18-19-F3-18-CB-B8-54-47">
      <ModulePath>C:\Program Files\dotnet\shared\Microsoft.NETCore.App\3.1.2\Microsoft.Win32.Primitives.dll</ModulePath>
      <ModuleTime>2020-01-17T13:24:22Z</ModuleTime>
      <ModuleName>Microsoft.Win32.Primitives</ModuleName>
      <Classes />
    </Module>
    <Module skippedDueTo="Filter" hash="17-0E-A7-A2-21-80-3B-80-A3-3E-0A-46-56-B5-29-AD-AC-53-00-04">
      <ModulePath>C:\Program Files\dotnet\shared\Microsoft.NETCore.App\3.1.2\System.Collections.Concurrent.dll</ModulePath>
      <ModuleTime>2020-01-17T13:25:00Z</ModuleTime>
      <ModuleName>System.Collections.Concurrent</ModuleName>
      <Classes />
    </Module>
    <Module skippedDueTo="MissingPdb" hash="50-DC-F7-D6-22-90-79-C4-E5-63-5C-11-CC-B5-B9-B9-A3-E3-D0-83">
      <ModulePath>C:\Program Files\dotnet\sdk\3.1.200\Microsoft.TestPlatform.CommunicationUtilities.dll</ModulePath>
      <ModuleTime>2020-03-04T21:27:12Z</ModuleTime>
      <ModuleName>Microsoft.TestPlatform.CommunicationUtilities</ModuleName>
      <Classes />
    </Module>
    <Module skippedDueTo="MissingPdb" hash="16-68-6E-9A-52-C4-F8-93-62-3B-DA-2C-85-25-C9-39-B3-C8-99-FF">
      <ModulePath>C:\Program Files\dotnet\sdk\3.1.200\Newtonsoft.Json.dll</ModulePath>
      <ModuleTime>2020-03-04T21:26:40Z</ModuleTime>
      <ModuleName>Newtonsoft.Json</ModuleName>
      <Classes />
    </Module>
    <Module skippedDueTo="Filter" hash="00-7E-07-19-6F-A0-63-40-45-73-20-43-EF-D9-7D-C7-40-AD-C3-A4">
      <ModulePath>C:\Program Files\dotnet\shared\Microsoft.NETCore.App\3.1.2\System.Runtime.Serialization.Formatters.dll</ModulePath>
      <ModuleTime>2020-01-17T13:24:48Z</ModuleTime>
      <ModuleName>System.Runtime.Serialization.Formatters</ModuleName>
      <Classes />
    </Module>
    <Module skippedDueTo="Filter" hash="06-66-7A-2B-5E-C4-AF-91-FA-E5-84-67-16-BA-48-6F-26-D0-F4-98">
      <ModulePath>C:\Program Files\dotnet\shared\Microsoft.NETCore.App\3.1.2\System.Threading.Timer.dll</ModulePath>
      <ModuleTime>2020-01-17T13:24:20Z</ModuleTime>
      <ModuleName>System.Threading.Timer</ModuleName>
      <Classes />
    </Module>
    <Module skippedDueTo="Filter" hash="84-4A-4B-A7-07-18-BD-91-4F-CB-88-37-B3-A5-6D-54-25-6B-F1-57">
      <ModulePath>C:\Program Files\dotnet\shared\Microsoft.NETCore.App\3.1.2\System.Net.Primitives.dll</ModulePath>
      <ModuleTime>2020-01-17T13:24:16Z</ModuleTime>
      <ModuleName>System.Net.Primitives</ModuleName>
      <Classes />
    </Module>
    <Module skippedDueTo="Filter" hash="94-22-A3-BF-D7-62-7C-BD-68-ED-F8-B2-67-47-22-78-69-A8-9E-8C">
      <ModulePath>C:\Program Files\dotnet\shared\Microsoft.NETCore.App\3.1.2\System.Net.Sockets.dll</ModulePath>
      <ModuleTime>2020-01-17T13:24:18Z</ModuleTime>
      <ModuleName>System.Net.Sockets</ModuleName>
      <Classes />
    </Module>
    <Module skippedDueTo="Filter" hash="E5-4C-9C-AD-A7-21-53-F0-21-71-46-91-6D-1F-33-22-84-8A-D4-D9">
      <ModulePath>C:\Program Files\dotnet\shared\Microsoft.NETCore.App\3.1.2\System.Threading.Overlapped.dll</ModulePath>
      <ModuleTime>2020-01-17T13:24:24Z</ModuleTime>
      <ModuleName>System.Threading.Overlapped</ModuleName>
      <Classes />
    </Module>
    <Module skippedDueTo="Filter" hash="8F-14-E0-C3-6C-5B-D5-7A-82-75-50-31-45-6B-2A-76-BD-00-BA-C9">
      <ModulePath>C:\Program Files\dotnet\shared\Microsoft.NETCore.App\3.1.2\System.Net.NameResolution.dll</ModulePath>
      <ModuleTime>2020-01-17T13:24:30Z</ModuleTime>
      <ModuleName>System.Net.NameResolution</ModuleName>
      <Classes />
    </Module>
    <Module skippedDueTo="MissingPdb" hash="66-4B-7E-BD-F9-6E-B1-08-DD-86-03-90-43-6B-48-8E-AE-A0-8D-EC">
      <ModulePath>C:\Program Files\dotnet\sdk\3.1.200\Microsoft.Extensions.DependencyModel.dll</ModulePath>
      <ModuleTime>2020-03-04T21:27:08Z</ModuleTime>
      <ModuleName>Microsoft.Extensions.DependencyModel</ModuleName>
      <Classes />
    </Module>
    <Module skippedDueTo="Filter" hash="5B-45-78-A5-8E-82-5C-FC-0D-92-22-53-8B-C0-E8-42-52-ED-C7-8B">
      <ModulePath>C:\Program Files\dotnet\shared\Microsoft.NETCore.App\3.1.2\System.Linq.Expressions.dll</ModulePath>
      <ModuleTime>2020-01-17T13:24:28Z</ModuleTime>
      <ModuleName>System.Linq.Expressions</ModuleName>
      <Classes />
    </Module>
    <Module skippedDueTo="Filter" hash="B4-16-5C-0A-EF-EE-71-5F-C2-80-AB-5C-DC-2E-CA-1F-2D-99-07-35">
      <ModulePath>C:\Program Files\dotnet\shared\Microsoft.NETCore.App\3.1.2\System.ComponentModel.TypeConverter.dll</ModulePath>
      <ModuleTime>2020-01-17T13:24:18Z</ModuleTime>
      <ModuleName>System.ComponentModel.TypeConverter</ModuleName>
      <Classes />
    </Module>
    <Module skippedDueTo="Filter" hash="BA-8E-3F-DD-BF-1F-24-FD-45-1B-C7-A0-61-DD-BF-B5-09-93-FF-C5">
      <ModulePath>C:\Program Files\dotnet\shared\Microsoft.NETCore.App\3.1.2\System.ObjectModel.dll</ModulePath>
      <ModuleTime>2020-01-17T13:24:18Z</ModuleTime>
      <ModuleName>System.ObjectModel</ModuleName>
      <Classes />
    </Module>
    <Module skippedDueTo="Filter" hash="E9-13-70-EA-D0-8E-66-DC-D6-5E-BB-EE-D6-F4-3A-D6-88-E5-7A-11">
      <ModulePath>C:\Program Files\dotnet\shared\Microsoft.NETCore.App\3.1.2\System.Text.Json.dll</ModulePath>
      <ModuleTime>2020-01-17T13:24:24Z</ModuleTime>
      <ModuleName>System.Text.Json</ModuleName>
      <Classes />
    </Module>
    <Module skippedDueTo="Filter" hash="18-05-75-23-AD-6E-22-E9-6D-BA-FD-42-FB-A5-CD-9F-86-A1-B5-DD">
      <ModulePath>C:\Program Files\dotnet\shared\Microsoft.NETCore.App\3.1.2\System.Buffers.dll</ModulePath>
      <ModuleTime>2020-01-17T13:24:24Z</ModuleTime>
      <ModuleName>System.Buffers</ModuleName>
      <Classes />
    </Module>
    <Module skippedDueTo="Filter" hash="AA-13-2C-C4-85-0D-57-BF-08-90-30-68-9D-80-12-5F-C2-F7-C0-7A">
      <ModulePath>C:\Program Files\dotnet\shared\Microsoft.NETCore.App\3.1.2\System.Numerics.Vectors.dll</ModulePath>
      <ModuleTime>2020-01-17T13:24:16Z</ModuleTime>
      <ModuleName>System.Numerics.Vectors</ModuleName>
      <Classes />
    </Module>
    <Module skippedDueTo="Filter" hash="D8-E5-C4-F2-50-7B-4A-86-2F-53-39-D4-0D-84-19-7D-B9-55-45-F1">
      <ModulePath>C:\Program Files\dotnet\shared\Microsoft.NETCore.App\3.1.2\System.Runtime.CompilerServices.Unsafe.dll</ModulePath>
      <ModuleTime>2020-01-17T13:24:20Z</ModuleTime>
      <ModuleName>System.Runtime.CompilerServices.Unsafe</ModuleName>
      <Classes />
    </Module>
    <Module skippedDueTo="Filter" hash="84-CE-51-04-8E-8B-6D-B9-9C-B9-D9-CA-1F-F6-E9-1A-27-73-6F-B7">
      <ModulePath>C:\Program Files\dotnet\shared\Microsoft.NETCore.App\3.1.2\System.Runtime.Numerics.dll</ModulePath>
      <ModuleTime>2020-01-17T13:24:50Z</ModuleTime>
      <ModuleName>System.Runtime.Numerics</ModuleName>
      <Classes />
    </Module>
    <Module skippedDueTo="Filter" hash="CC-CD-70-8B-AA-44-37-23-0A-2C-8E-07-45-F9-34-C7-AA-A2-7B-2A">
      <ModulePath>C:\Program Files\dotnet\shared\Microsoft.NETCore.App\3.1.2\System.Private.CoreLib.dll</ModulePath>
      <ModuleTime>2020-01-16T18:39:44Z</ModuleTime>
      <ModuleName>System.Private.CoreLib</ModuleName>
      <Classes />
    </Module>
    <Module skippedDueTo="MissingPdb" hash="75-12-B3-48-F3-18-FD-23-71-CB-21-3E-36-A9-D1-93-10-C1-97-53">
      <ModulePath>C:\Users\Kristol\Desktop\CsharpTest\EmployeeHealthRecord.Tests\bin\Debug\netcoreapp3.1\testhost.dll</ModulePath>
      <ModuleTime>2019-06-25T22:42:30Z</ModuleTime>
      <ModuleName>testhost</ModuleName>
      <Classes />
    </Module>
    <Module skippedDueTo="Filter" hash="DF-B7-48-89-88-FB-A4-22-B9-28-A6-6D-D6-65-30-22-52-34-0B-F7">
      <ModulePath>C:\Program Files\dotnet\shared\Microsoft.NETCore.App\3.1.2\System.Runtime.dll</ModulePath>
      <ModuleTime>2020-01-17T13:24:16Z</ModuleTime>
      <ModuleName>System.Runtime</ModuleName>
      <Classes />
    </Module>
    <Module skippedDueTo="MissingPdb" hash="69-80-77-E9-AE-C7-D5-5F-32-4F-53-90-F3-24-67-E0-95-89-48-AA">
      <ModulePath>C:\Users\Kristol\Desktop\CsharpTest\EmployeeHealthRecord.Tests\bin\Debug\netcoreapp3.1\Microsoft.TestPlatform.CoreUtilities.dll</ModulePath>
      <ModuleTime>2019-06-25T22:42:30Z</ModuleTime>
      <ModuleName>Microsoft.TestPlatform.CoreUtilities</ModuleName>
      <Classes />
    </Module>
    <Module skippedDueTo="Filter" hash="4F-F5-D2-32-5C-06-89-11-7E-BD-39-7D-6D-D7-AD-0E-D1-1E-3E-EA">
      <ModulePath>C:\Program Files\dotnet\shared\Microsoft.NETCore.App\3.1.2\System.Diagnostics.Tracing.dll</ModulePath>
      <ModuleTime>2020-01-17T13:24:54Z</ModuleTime>
      <ModuleName>System.Diagnostics.Tracing</ModuleName>
      <Classes />
    </Module>
    <Module skippedDueTo="MissingPdb" hash="F6-C7-87-34-93-4F-1E-06-04-93-BC-3C-DA-12-A0-14-F8-67-67-8A">
      <ModulePath>C:\Users\Kristol\Desktop\CsharpTest\EmployeeHealthRecord.Tests\bin\Debug\netcoreapp3.1\Microsoft.TestPlatform.PlatformAbstractions.dll</ModulePath>
      <ModuleTime>2019-06-25T22:42:30Z</ModuleTime>
      <ModuleName>Microsoft.TestPlatform.PlatformAbstractions</ModuleName>
      <Classes />
    </Module>
    <Module skippedDueTo="Filter" hash="B7-5D-7F-AB-1A-C8-BF-68-B3-31-8E-2C-E8-26-57-40-E1-E8-04-33">
      <ModulePath>C:\Program Files\dotnet\shared\Microsoft.NETCore.App\3.1.2\System.Runtime.Extensions.dll</ModulePath>
      <ModuleTime>2020-01-17T13:24:26Z</ModuleTime>
      <ModuleName>System.Runtime.Extensions</ModuleName>
      <Classes />
    </Module>
    <Module skippedDueTo="Filter" hash="30-4C-A0-15-94-C9-E0-89-41-96-68-1E-7E-5F-E0-EB-A9-EE-2E-DA">
      <ModulePath>C:\Program Files\dotnet\shared\Microsoft.NETCore.App\3.1.2\System.Diagnostics.Debug.dll</ModulePath>
      <ModuleTime>2020-01-17T13:24:24Z</ModuleTime>
      <ModuleName>System.Diagnostics.Debug</ModuleName>
      <Classes />
    </Module>
    <Module skippedDueTo="Filter" hash="0E-6E-84-27-30-91-8B-D5-93-DC-99-37-3D-B1-6C-E0-89-03-41-21">
      <ModulePath>C:\Program Files\dotnet\shared\Microsoft.NETCore.App\3.1.2\System.Threading.Tasks.dll</ModulePath>
      <ModuleTime>2020-01-17T13:24:24Z</ModuleTime>
      <ModuleName>System.Threading.Tasks</ModuleName>
      <Classes />
    </Module>
    <Module skippedDueTo="Filter" hash="15-DB-80-0C-63-98-A4-8C-78-D7-5D-56-3F-72-4B-30-E3-9B-91-27">
      <ModulePath>C:\Program Files\dotnet\shared\Microsoft.NETCore.App\3.1.2\System.Globalization.dll</ModulePath>
      <ModuleTime>2020-01-17T13:24:56Z</ModuleTime>
      <ModuleName>System.Globalization</ModuleName>
      <Classes />
    </Module>
    <Module skippedDueTo="Filter" hash="80-E9-96-B1-7E-C8-07-83-F0-CD-9A-6D-59-F9-52-17-02-BC-A9-2F">
      <ModulePath>C:\Program Files\dotnet\shared\Microsoft.NETCore.App\3.1.2\System.Collections.dll</ModulePath>
      <ModuleTime>2020-01-17T13:24:20Z</ModuleTime>
      <ModuleName>System.Collections</ModuleName>
      <Classes />
    </Module>
    <Module skippedDueTo="MissingPdb" hash="9E-A6-7F-1D-14-48-C5-01-E8-D0-20-BA-6C-4F-D7-CF-59-7B-06-6B">
      <ModulePath>C:\Users\Kristol\Desktop\CsharpTest\EmployeeHealthRecord.Tests\bin\Debug\netcoreapp3.1\Microsoft.TestPlatform.CrossPlatEngine.dll</ModulePath>
      <ModuleTime>2019-06-25T22:42:30Z</ModuleTime>
      <ModuleName>Microsoft.TestPlatform.CrossPlatEngine</ModuleName>
      <Classes />
    </Module>
    <Module skippedDueTo="MissingPdb" hash="FA-FE-37-73-D1-31-5C-BA-5F-E8-4E-8D-1E-23-A9-C4-82-11-8A-65">
      <ModulePath>C:\Users\Kristol\Desktop\CsharpTest\EmployeeHealthRecord.Tests\bin\Debug\netcoreapp3.1\Microsoft.TestPlatform.CommunicationUtilities.dll</ModulePath>
      <ModuleTime>2019-06-25T22:42:30Z</ModuleTime>
      <ModuleName>Microsoft.TestPlatform.CommunicationUtilities</ModuleName>
      <Classes />
    </Module>
    <Module skippedDueTo="MissingPdb" hash="D5-DC-15-93-B9-A1-15-18-9B-33-90-80-E7-87-29-86-CE-08-2C-E6">
      <ModulePath>C:\Users\Kristol\Desktop\CsharpTest\EmployeeHealthRecord.Tests\bin\Debug\netcoreapp3.1\Microsoft.VisualStudio.TestPlatform.ObjectModel.dll</ModulePath>
      <ModuleTime>2019-06-25T22:42:30Z</ModuleTime>
      <ModuleName>Microsoft.VisualStudio.TestPlatform.ObjectModel</ModuleName>
      <Classes />
    </Module>
    <Module skippedDueTo="MissingPdb" hash="45-42-55-72-49-60-FF-A6-A8-39-ED-DE-72-A7-D5-06-42-31-70-71">
      <ModulePath>C:\Users\Kristol\Desktop\CsharpTest\EmployeeHealthRecord.Tests\bin\Debug\netcoreapp3.1\Microsoft.VisualStudio.TestPlatform.Common.dll</ModulePath>
      <ModuleTime>2019-06-25T22:42:30Z</ModuleTime>
      <ModuleName>Microsoft.VisualStudio.TestPlatform.Common</ModuleName>
      <Classes />
    </Module>
    <Module skippedDueTo="MissingPdb" hash="53-D0-A3-B9-10-36-09-21-32-F4-D0-88-75-00-B5-DC-77-89-1D-78">
      <ModulePath>C:\Users\Kristol\Desktop\CsharpTest\EmployeeHealthRecord.Tests\bin\Debug\netcoreapp3.1\Newtonsoft.Json.dll</ModulePath>
      <ModuleTime>2016-06-13T15:06:14Z</ModuleTime>
[...]
      <ModuleTime>2020-01-17T13:24:16Z</ModuleTime>
      <ModuleName>System.Net.WebProxy</ModuleName>
      <Classes />
    </Module>
    <Module skippedDueTo="Filter" hash="6F-FA-C8-0C-1A-7F-86-F8-01-67-D4-E7-B8-CE-0E-4A-8B-14-1B-A1">
      <ModulePath>C:\Program Files\dotnet\shared\Microsoft.NETCore.App\3.1.2\System.Net.WebSockets.Client.dll</ModulePath>
      <ModuleTime>2020-01-17T13:24:46Z</ModuleTime>
      <ModuleName>System.Net.WebSockets.Client</ModuleName>
      <Classes />
    </Module>
    <Module skippedDueTo="Filter" hash="5B-69-63-0E-08-13-04-47-A0-9C-D3-3A-81-A9-9B-63-60-3D-69-73">
      <ModulePath>C:\Program Files\dotnet\shared\Microsoft.NETCore.App\3.1.2\System.Net.dll</ModulePath>
      <ModuleTime>2020-01-17T13:24:32Z</ModuleTime>
      <ModuleName>System.Net</ModuleName>
      <Classes />
    </Module>
    <Module skippedDueTo="Filter" hash="AA-13-2C-C4-85-0D-57-BF-08-90-30-68-9D-80-12-5F-C2-F7-C0-7A">
      <ModulePath>C:\Program Files\dotnet\shared\Microsoft.NETCore.App\3.1.2\System.Numerics.Vectors.dll</ModulePath>
      <ModuleTime>2020-01-17T13:24:16Z</ModuleTime>
      <ModuleName>System.Numerics.Vectors</ModuleName>
      <Classes />
    </Module>
    <Module skippedDueTo="Filter" hash="DA-25-0B-AA-3E-4C-80-76-51-0B-C6-51-9B-3C-4A-4B-A2-5F-66-4B">
      <ModulePath>C:\Program Files\dotnet\shared\Microsoft.NETCore.App\3.1.2\System.Numerics.dll</ModulePath>
      <ModuleTime>2020-01-17T13:24:18Z</ModuleTime>
      <ModuleName>System.Numerics</ModuleName>
      <Classes />
    </Module>
    <Module skippedDueTo="Filter" hash="11-CB-BF-85-39-D3-61-06-B0-D2-42-6D-C7-8B-72-D8-21-48-F4-3B">
      <ModulePath>C:\Program Files\dotnet\shared\Microsoft.NETCore.App\3.1.2\System.Private.DataContractSerialization.dll</ModulePath>
      <ModuleTime>2020-01-17T13:24:20Z</ModuleTime>
      <ModuleName>System.Private.DataContractSerialization</ModuleName>
      <Classes />
    </Module>
    <Module skippedDueTo="Filter" hash="72-52-59-0F-41-2D-23-40-55-47-EF-94-E6-1A-2F-FC-92-2B-D1-AF">
      <ModulePath>C:\Program Files\dotnet\shared\Microsoft.NETCore.App\3.1.2\System.Reflection.DispatchProxy.dll</ModulePath>
      <ModuleTime>2020-01-17T13:24:16Z</ModuleTime>
      <ModuleName>System.Reflection.DispatchProxy</ModuleName>
      <Classes />
    </Module>
    <Module skippedDueTo="Filter" hash="FF-78-72-53-24-01-C1-70-98-F1-D1-F3-C8-F0-F9-1E-D4-97-43-F1">
      <ModulePath>C:\Program Files\dotnet\shared\Microsoft.NETCore.App\3.1.2\System.Reflection.Emit.dll</ModulePath>
      <ModuleTime>2020-01-17T13:24:18Z</ModuleTime>
      <ModuleName>System.Reflection.Emit</ModuleName>
      <Classes />
    </Module>
    <Module skippedDueTo="Filter" hash="B2-48-95-0D-3C-A3-12-2D-E4-AF-BC-25-E9-8D-9E-6E-A6-D2-9E-6A">
      <ModulePath>C:\Program Files\dotnet\shared\Microsoft.NETCore.App\3.1.2\System.Resources.Reader.dll</ModulePath>
      <ModuleTime>2020-01-17T13:24:20Z</ModuleTime>
      <ModuleName>System.Resources.Reader</ModuleName>
      <Classes />
    </Module>
    <Module skippedDueTo="Filter" hash="FE-07-D8-B9-21-26-B6-D7-58-51-BB-A7-79-39-FB-74-0B-C8-73-BB">
      <ModulePath>C:\Program Files\dotnet\shared\Microsoft.NETCore.App\3.1.2\System.Resources.Writer.dll</ModulePath>
      <ModuleTime>2020-01-17T13:24:48Z</ModuleTime>
      <ModuleName>System.Resources.Writer</ModuleName>
      <Classes />
    </Module>
    <Module skippedDueTo="Filter" hash="D8-E5-C4-F2-50-7B-4A-86-2F-53-39-D4-0D-84-19-7D-B9-55-45-F1">
      <ModulePath>C:\Program Files\dotnet\shared\Microsoft.NETCore.App\3.1.2\System.Runtime.CompilerServices.Unsafe.dll</ModulePath>
      <ModuleTime>2020-01-17T13:24:20Z</ModuleTime>
      <ModuleName>System.Runtime.CompilerServices.Unsafe</ModuleName>
      <Classes />
    </Module>
    <Module skippedDueTo="Filter" hash="EA-31-4F-AC-78-23-E3-B1-42-4E-DA-26-5D-1A-2C-1F-7F-E8-1F-0F">
      <ModulePath>C:\Program Files\dotnet\shared\Microsoft.NETCore.App\3.1.2\System.Runtime.CompilerServices.VisualC.dll</ModulePath>
      <ModuleTime>2020-01-17T13:24:14Z</ModuleTime>
      <ModuleName>System.Runtime.CompilerServices.VisualC</ModuleName>
      <Classes />
    </Module>
    <Module skippedDueTo="Filter" hash="3B-A5-42-7B-8F-FB-D8-E2-AE-5A-F3-75-E7-76-CB-B6-E3-C1-A7-57">
      <ModulePath>C:\Program Files\dotnet\shared\Microsoft.NETCore.App\3.1.2\System.Runtime.Handles.dll</ModulePath>
      <ModuleTime>2020-01-17T13:24:20Z</ModuleTime>
      <ModuleName>System.Runtime.Handles</ModuleName>
      <Classes />
    </Module>
    <Module skippedDueTo="Filter" hash="20-16-E9-87-14-CB-8F-D9-08-35-0E-80-D0-A8-6D-07-F1-81-46-F5">
      <ModulePath>C:\Program Files\dotnet\shared\Microsoft.NETCore.App\3.1.2\System.Runtime.InteropServices.WindowsRuntime.dll</ModulePath>
      <ModuleTime>2020-01-17T13:24:22Z</ModuleTime>
      <ModuleName>System.Runtime.InteropServices.WindowsRuntime</ModuleName>
      <Classes />
    </Module>
    <Module skippedDueTo="Filter" hash="F6-4A-A3-0F-50-70-E4-31-7C-9E-72-E1-FF-52-43-D9-DA-23-6B-BB">
      <ModulePath>C:\Program Files\dotnet\shared\Microsoft.NETCore.App\3.1.2\System.Runtime.Intrinsics.dll</ModulePath>
      <ModuleTime>2020-01-17T13:24:50Z</ModuleTime>
      <ModuleName>System.Runtime.Intrinsics</ModuleName>
      <Classes />
    </Module>
    <Module skippedDueTo="Filter" hash="5E-F0-23-42-1E-A2-CB-A2-61-47-15-8D-A6-23-E7-D9-F4-3C-9D-2F">
      <ModulePath>C:\Program Files\dotnet\shared\Microsoft.NETCore.App\3.1.2\System.Runtime.Serialization.Json.dll</ModulePath>
      <ModuleTime>2020-01-17T13:24:50Z</ModuleTime>
      <ModuleName>System.Runtime.Serialization.Json</ModuleName>
      <Classes />
    </Module>
    <Module skippedDueTo="Filter" hash="EC-60-90-51-60-97-0F-EE-40-73-C4-B2-E3-04-A2-2D-34-AE-09-FC">
      <ModulePath>C:\Program Files\dotnet\shared\Microsoft.NETCore.App\3.1.2\System.Runtime.Serialization.Xml.dll</ModulePath>
      <ModuleTime>2020-01-17T13:24:48Z</ModuleTime>
      <ModuleName>System.Runtime.Serialization.Xml</ModuleName>
      <Classes />
    </Module>
    <Module skippedDueTo="Filter" hash="69-1D-E2-25-8D-99-E0-D7-E6-41-B5-58-11-6C-07-98-36-A7-71-E4">
      <ModulePath>C:\Program Files\dotnet\shared\Microsoft.NETCore.App\3.1.2\System.Runtime.Serialization.dll</ModulePath>
      <ModuleTime>2020-01-17T13:24:48Z</ModuleTime>
      <ModuleName>System.Runtime.Serialization</ModuleName>
      <Classes />
    </Module>
    <Module skippedDueTo="Filter" hash="1A-01-90-10-8E-5A-6F-3D-AB-C0-10-3E-0B-04-6D-7B-52-62-C5-BC">
      <ModulePath>C:\Program Files\dotnet\shared\Microsoft.NETCore.App\3.1.2\System.Runtime.WindowsRuntime.UI.Xaml.dll</ModulePath>
      <ModuleTime>2020-01-17T13:24:48Z</ModuleTime>
      <ModuleName>System.Runtime.WindowsRuntime.UI.Xaml</ModuleName>
      <Classes />
    </Module>
    <Module skippedDueTo="Filter" hash="50-B0-E8-E4-11-6F-0D-C7-51-00-B8-8B-41-D1-43-50-49-3D-87-3B">
      <ModulePath>C:\Program Files\dotnet\shared\Microsoft.NETCore.App\3.1.2\System.Runtime.WindowsRuntime.dll</ModulePath>
      <ModuleTime>2020-01-17T13:24:50Z</ModuleTime>
      <ModuleName>System.Runtime.WindowsRuntime</ModuleName>
      <Classes />
    </Module>
    <Module skippedDueTo="MissingPdb" hash="86-BA-39-88-B6-F5-FE-98-16-E2-6C-C0-69-70-4B-35-22-C1-60-C2">
      <ModulePath>C:\Windows\system32\WinMetadata\Windows.Foundation.winmd</ModulePath>
      <ModuleTime>2019-10-09T06:12:00.0377273Z</ModuleTime>
      <ModuleName>Windows.Foundation</ModuleName>
      <Classes />
    </Module>
    <Module skippedDueTo="MissingPdb" hash="EF-DA-13-43-19-12-4C-91-7E-EF-0B-82-42-2A-54-D2-A6-C1-ED-15">
      <ModulePath>C:\Windows\system32\WinMetadata\Windows.Storage.winmd</ModulePath>
      <ModuleTime>2019-10-09T06:12:00.1314724Z</ModuleTime>
      <ModuleName>Windows.Storage</ModuleName>
      <Classes />
    </Module>
    <Module skippedDueTo="Filter" hash="FE-4E-7C-80-66-BD-DC-95-FC-BC-CA-13-80-47-64-C7-85-2B-F4-1A">
      <ModulePath>C:\Program Files\dotnet\shared\Microsoft.NETCore.App\3.1.2\System.Security.Cryptography.Encoding.dll</ModulePath>
      <ModuleTime>2020-01-17T13:24:50Z</ModuleTime>
      <ModuleName>System.Security.Cryptography.Encoding</ModuleName>
      <Classes />
    </Module>
    <Module skippedDueTo="Filter" hash="1D-71-66-BE-0C-8F-0E-A3-FF-35-02-4E-F1-D2-1F-B1-78-60-9C-7D">
      <ModulePath>C:\Program Files\dotnet\shared\Microsoft.NETCore.App\3.1.2\System.Security.Cryptography.Primitives.dll</ModulePath>
      <ModuleTime>2020-01-17T13:24:24Z</ModuleTime>
      <ModuleName>System.Security.Cryptography.Primitives</ModuleName>
      <Classes />
    </Module>
    <Module skippedDueTo="Filter" hash="CE-D7-4C-A7-C5-9A-AB-B3-A3-A6-29-6E-ED-47-19-F4-F1-A4-E1-1D">
      <ModulePath>C:\Program Files\dotnet\shared\Microsoft.NETCore.App\3.1.2\System.Security.Cryptography.Cng.dll</ModulePath>
      <ModuleTime>2020-01-17T13:24:52Z</ModuleTime>
      <ModuleName>System.Security.Cryptography.Cng</ModuleName>
      <Classes />
    </Module>
    <Module skippedDueTo="Filter" hash="BA-BE-04-F4-77-C9-7B-41-27-02-FA-99-36-8A-06-49-C7-2A-34-1D">
      <ModulePath>C:\Program Files\dotnet\shared\Microsoft.NETCore.App\3.1.2\System.Security.Cryptography.Csp.dll</ModulePath>
      <ModuleTime>2020-01-17T13:24:46Z</ModuleTime>
      <ModuleName>System.Security.Cryptography.Csp</ModuleName>
      <Classes />
    </Module>
    <Module skippedDueTo="Filter" hash="50-F3-BE-AF-69-F1-AB-A9-FE-C0-EF-83-6C-5B-17-94-CE-09-E5-5A">
      <ModulePath>C:\Program Files\dotnet\shared\Microsoft.NETCore.App\3.1.2\System.Security.Cryptography.OpenSsl.dll</ModulePath>
      <ModuleTime>2020-01-17T13:24:48Z</ModuleTime>
      <ModuleName>System.Security.Cryptography.OpenSsl</ModuleName>
      <Classes />
    </Module>
    <Module skippedDueTo="Filter" hash="09-AE-D2-92-5A-4A-4E-33-03-5C-7F-21-3F-10-E7-0E-9F-4A-B9-F5">
      <ModulePath>C:\Program Files\dotnet\shared\Microsoft.NETCore.App\3.1.2\System.Security.SecureString.dll</ModulePath>
      <ModuleTime>2020-01-17T13:24:20Z</ModuleTime>
      <ModuleName>System.Security.SecureString</ModuleName>
      <Classes />
    </Module>
    <Module skippedDueTo="Filter" hash="28-0D-41-B5-F3-0F-30-AA-5A-05-28-94-F3-20-21-0D-E2-A4-80-7A">
      <ModulePath>C:\Program Files\dotnet\shared\Microsoft.NETCore.App\3.1.2\System.Security.dll</ModulePath>
      <ModuleTime>2020-01-17T13:24:50Z</ModuleTime>
      <ModuleName>System.Security</ModuleName>
      <Classes />
    </Module>
    <Module skippedDueTo="Filter" hash="0C-7F-04-97-CE-79-AF-5E-B6-6E-E5-95-56-59-2C-55-80-74-F5-14">
      <ModulePath>C:\Program Files\dotnet\shared\Microsoft.NETCore.App\3.1.2\System.ServiceModel.Web.dll</ModulePath>
      <ModuleTime>2020-01-17T13:24:22Z</ModuleTime>
      <ModuleName>System.ServiceModel.Web</ModuleName>
      <Classes />
    </Module>
    <Module skippedDueTo="Filter" hash="20-50-23-4C-B5-C5-46-75-22-B8-B6-C5-E6-F5-AF-F8-FD-78-04-A9">
      <ModulePath>C:\Program Files\dotnet\shared\Microsoft.NETCore.App\3.1.2\System.ServiceProcess.dll</ModulePath>
      <ModuleTime>2020-01-17T13:24:50Z</ModuleTime>
      <ModuleName>System.ServiceProcess</ModuleName>
      <Classes />
    </Module>
    <Module skippedDueTo="Filter" hash="6D-BD-83-C9-BB-24-CB-D8-10-50-4E-C3-3E-21-60-88-C9-0D-36-7E">
      <ModulePath>C:\Program Files\dotnet\shared\Microsoft.NETCore.App\3.1.2\System.Text.Encoding.CodePages.dll</ModulePath>
      <ModuleTime>2020-01-17T13:24:24Z</ModuleTime>
      <ModuleName>System.Text.Encoding.CodePages</ModuleName>
      <Classes />
    </Module>
    <Module skippedDueTo="Filter" hash="02-8D-9B-BE-C5-48-C5-3C-AD-B2-F9-5B-9E-8A-92-52-16-6A-67-1E">
      <ModulePath>C:\Program Files\dotnet\shared\Microsoft.NETCore.App\3.1.2\System.Text.Encodings.Web.dll</ModulePath>
      <ModuleTime>2020-01-17T13:24:22Z</ModuleTime>
      <ModuleName>System.Text.Encodings.Web</ModuleName>
      <Classes />
    </Module>
    <Module skippedDueTo="Filter" hash="E9-13-70-EA-D0-8E-66-DC-D6-5E-BB-EE-D6-F4-3A-D6-88-E5-7A-11">
      <ModulePath>C:\Program Files\dotnet\shared\Microsoft.NETCore.App\3.1.2\System.Text.Json.dll</ModulePath>
      <ModuleTime>2020-01-17T13:24:24Z</ModuleTime>
      <ModuleName>System.Text.Json</ModuleName>
      <Classes />
    </Module>
    <Module skippedDueTo="Filter" hash="69-2D-F6-A5-E0-5D-EC-A8-81-DB-C7-F6-BA-20-D3-3B-8E-A9-77-A0">
      <ModulePath>C:\Program Files\dotnet\shared\Microsoft.NETCore.App\3.1.2\System.Threading.Channels.dll</ModulePath>
      <ModuleTime>2020-01-17T13:24:24Z</ModuleTime>
      <ModuleName>System.Threading.Channels</ModuleName>
      <Classes />
    </Module>
    <Module skippedDueTo="Filter" hash="96-55-C9-17-69-6A-27-CB-A5-4A-41-A2-D7-DF-6F-CA-0C-A9-82-EA">
      <ModulePath>C:\Program Files\dotnet\shared\Microsoft.NETCore.App\3.1.2\System.Threading.Tasks.Dataflow.dll</ModulePath>
      <ModuleTime>2020-01-17T13:24:26Z</ModuleTime>
      <ModuleName>System.Threading.Tasks.Dataflow</ModuleName>
      <Classes />
    </Module>
    <Module skippedDueTo="Filter" hash="BB-AF-1C-D5-86-24-73-C2-36-54-B3-E4-9D-7A-ED-72-4D-10-E0-F6">
      <ModulePath>C:\Program Files\dotnet\shared\Microsoft.NETCore.App\3.1.2\System.Threading.Tasks.Extensions.dll</ModulePath>
      <ModuleTime>2020-01-17T13:24:24Z</ModuleTime>
      <ModuleName>System.Threading.Tasks.Extensions</ModuleName>
      <Classes />
    </Module>
    <Module skippedDueTo="Filter" hash="B0-AB-AA-76-8C-90-C5-FE-95-8E-5D-EC-D4-69-6F-BC-C8-D2-52-38">
      <ModulePath>C:\Program Files\dotnet\shared\Microsoft.NETCore.App\3.1.2\System.Threading.Tasks.Parallel.dll</ModulePath>
      <ModuleTime>2020-01-17T13:24:24Z</ModuleTime>
      <ModuleName>System.Threading.Tasks.Parallel</ModuleName>
      <Classes />
    </Module>
    <Module skippedDueTo="Filter" hash="D4-03-02-DB-44-55-9B-45-3D-18-F8-34-AC-00-2C-F9-B6-5B-36-02">
      <ModulePath>C:\Program Files\dotnet\shared\Microsoft.NETCore.App\3.1.2\System.Transactions.Local.dll</ModulePath>
      <ModuleTime>2020-01-17T13:24:58Z</ModuleTime>
      <ModuleName>System.Transactions.Local</ModuleName>
      <Classes />
    </Module>
    <Module skippedDueTo="Filter" hash="A3-7C-91-F0-44-AC-05-3A-11-E1-CC-C1-0E-8B-47-F2-87-77-9F-CB">
      <ModulePath>C:\Program Files\dotnet\shared\Microsoft.NETCore.App\3.1.2\System.Transactions.dll</ModulePath>
      <ModuleTime>2020-01-17T13:24:22Z</ModuleTime>
      <ModuleName>System.Transactions</ModuleName>
      <Classes />
    </Module>
    <Module skippedDueTo="Filter" hash="12-1E-2E-1A-A1-3F-7F-7F-DD-50-BC-DF-85-7F-D1-68-0D-B1-A8-A6">
      <ModulePath>C:\Program Files\dotnet\shared\Microsoft.NETCore.App\3.1.2\System.ValueTuple.dll</ModulePath>
      <ModuleTime>2020-01-17T13:24:18Z</ModuleTime>
      <ModuleName>System.ValueTuple</ModuleName>
      <Classes />
    </Module>
    <Module skippedDueTo="Filter" hash="09-F9-26-DF-F8-C5-05-A7-CE-9E-5C-95-27-93-F5-70-47-7D-93-BE">
      <ModulePath>C:\Program Files\dotnet\shared\Microsoft.NETCore.App\3.1.2\System.Web.HttpUtility.dll</ModulePath>
      <ModuleTime>2020-01-17T13:24:20Z</ModuleTime>
      <ModuleName>System.Web.HttpUtility</ModuleName>
      <Classes />
    </Module>
    <Module skippedDueTo="Filter" hash="FD-68-9A-79-70-62-38-B5-D8-F2-BA-C4-AE-55-04-E5-29-D6-7D-0D">
      <ModulePath>C:\Program Files\dotnet\shared\Microsoft.NETCore.App\3.1.2\System.Web.dll</ModulePath>
      <ModuleTime>2020-01-17T13:24:16Z</ModuleTime>
      <ModuleName>System.Web</ModuleName>
      <Classes />
    </Module>
    <Module skippedDueTo="Filter" hash="C1-01-F8-71-7A-06-2C-CB-B4-6A-E5-E0-E6-89-9F-FB-2D-D3-4A-3B">
      <ModulePath>C:\Program Files\dotnet\shared\Microsoft.NETCore.App\3.1.2\System.Windows.dll</ModulePath>
      <ModuleTime>2020-01-17T13:24:18Z</ModuleTime>
      <ModuleName>System.Windows</ModuleName>
      <Classes />
    </Module>
    <Module skippedDueTo="Filter" hash="22-C8-1A-8D-40-87-FD-3C-4B-56-91-6E-18-FC-3A-5D-68-31-C4-86">
      <ModulePath>C:\Program Files\dotnet\shared\Microsoft.NETCore.App\3.1.2\System.Xml.Linq.dll</ModulePath>
      <ModuleTime>2020-01-17T13:24:16Z</ModuleTime>
      <ModuleName>System.Xml.Linq</ModuleName>
      <Classes />
    </Module>
    <Module skippedDueTo="Filter" hash="72-E5-11-D2-14-4B-0C-6A-1C-E9-21-8A-C1-DA-DF-C9-9D-EF-AF-66">
      <ModulePath>C:\Program Files\dotnet\shared\Microsoft.NETCore.App\3.1.2\System.Xml.Serialization.dll</ModulePath>
      <ModuleTime>2020-01-17T13:24:18Z</ModuleTime>
      <ModuleName>System.Xml.Serialization</ModuleName>
      <Classes />
    </Module>
    <Module skippedDueTo="Filter" hash="4D-89-B2-68-E5-1A-7C-BC-E8-12-80-1D-DD-31-6C-5D-BC-94-FB-DE">
      <ModulePath>C:\Program Files\dotnet\shared\Microsoft.NETCore.App\3.1.2\System.Xml.XPath.XDocument.dll</ModulePath>
      <ModuleTime>2020-01-17T13:24:58Z</ModuleTime>
      <ModuleName>System.Xml.XPath.XDocument</ModuleName>
      <Classes />
    </Module>
    <Module skippedDueTo="Filter" hash="9C-9B-F7-0B-E6-26-60-5B-83-1C-AE-58-4D-86-B2-5F-B3-7A-8B-C4">
      <ModulePath>C:\Program Files\dotnet\shared\Microsoft.NETCore.App\3.1.2\System.Xml.XmlSerializer.dll</ModulePath>
      <ModuleTime>2020-01-17T13:24:20Z</ModuleTime>
      <ModuleName>System.Xml.XmlSerializer</ModuleName>
      <Classes />
    </Module>
    <Module skippedDueTo="Filter" hash="5E-65-FA-7D-C6-E4-BE-E2-87-81-98-5B-0A-B7-55-0B-FA-04-18-E2">
      <ModulePath>C:\Program Files\dotnet\shared\Microsoft.NETCore.App\3.1.2\System.Xml.dll</ModulePath>
      <ModuleTime>2020-01-17T13:24:22Z</ModuleTime>
      <ModuleName>System.Xml</ModuleName>
      <Classes />
    </Module>
    <Module skippedDueTo="Filter" hash="72-A5-9B-92-49-8F-CB-EB-DC-31-7E-94-D6-27-0C-E9-C9-5E-AC-31">
      <ModulePath>C:\Program Files\dotnet\shared\Microsoft.NETCore.App\3.1.2\System.dll</ModulePath>
      <ModuleTime>2020-01-17T13:24:24Z</ModuleTime>
      <ModuleName>System</ModuleName>
      <Classes />
    </Module>
    <Module skippedDueTo="MissingPdb" hash="D8-CC-3D-D8-26-44-76-1C-74-B4-58-BB-67-E8-C2-C9-FD-A7-F0-39">
      <ModulePath>C:\Program Files\dotnet\shared\Microsoft.NETCore.App\3.1.2\WindowsBase.dll</ModulePath>
      <ModuleTime>2020-01-17T13:24:14Z</ModuleTime>
      <ModuleName>WindowsBase</ModuleName>
      <Classes />
    </Module>
    <Module skippedDueTo="Filter" hash="0B-62-40-90-58-76-E8-86-0D-1A-DC-F5-78-DB-B7-94-BC-00-10-0C">
      <ModulePath>C:\Users\Kristol\Desktop\CsharpTest\EmployeeHealthRecord.Tests\bin\Debug\netcoreapp3.1\xunit.runner.reporters.netcoreapp10.dll</ModulePath>
      <ModuleTime>2018-07-16T20:18:26Z</ModuleTime>
      <ModuleName>xunit.runner.reporters.netcoreapp10</ModuleName>
      <Classes />
    </Module>
    <Module skippedDueTo="Filter" hash="16-7C-D1-8D-0E-08-82-D2-50-9C-9A-FF-7A-6F-C1-DB-D3-21-8A-72">
      <ModulePath>C:\Users\Kristol\Desktop\CsharpTest\EmployeeHealthRecord.Tests\bin\Debug\netcoreapp3.1\xunit.runner.visualstudio.dotnetcore.testadapter.dll</ModulePath>
      <ModuleTime>2018-07-16T20:18:28Z</ModuleTime>
      <ModuleName>xunit.runner.visualstudio.dotnetcore.testadapter</ModuleName>
      <Classes />
    </Module>
    <Module skippedDueTo="Filter" hash="C4-8A-D6-96-74-44-DB-C9-D9-1A-A7-05-A4-97-F3-43-2E-DC-39-ED">
      <ModulePath>C:\Program Files\dotnet\shared\Microsoft.NETCore.App\3.1.2\System.Threading.ThreadPool.dll</ModulePath>
      <ModuleTime>2020-01-17T13:24:14Z</ModuleTime>
      <ModuleName>System.Threading.ThreadPool</ModuleName>
      <Classes />
    </Module>
    <Module skippedDueTo="Filter" hash="B1-DC-19-8D-B9-01-86-F6-39-6B-0C-48-F1-88-05-9D-57-64-AF-D0">
      <ModulePath>C:\Program Files\dotnet\shared\Microsoft.NETCore.App\3.1.2\System.Collections.NonGeneric.dll</ModulePath>
      <ModuleTime>2020-01-17T13:24:20Z</ModuleTime>
      <ModuleName>System.Collections.NonGeneric</ModuleName>
      <Classes />
    </Module>
  </Modules>
</CoverageSession>